{"C:\\Users\\ricardo.dias\\develop\\projetos\\nexus-core\\apps\\backend\\src\\app.controller.ts": {"path":"C:\\Users\\ricardo.dias\\develop\\projetos\\nexus-core\\apps\\backend\\src\\app.controller.ts","statementMap":{"0":{"start":{"line":1,"column":0},"end":{"line":1,"column":49}},"1":{"start":{"line":2,"column":0},"end":{"line":2,"column":43}},"2":{"start":{"line":3,"column":0},"end":{"line":3,"column":49}},"3":{"start":{"line":6,"column":7},"end":{"line":14,"column":null}},"4":{"start":{"line":7,"column":31},"end":{"line":7,"column":43}},"5":{"start":{"line":12,"column":4},"end":{"line":12,"column":38}},"6":{"start":{"line":6,"column":13},"end":{"line":6,"column":26}},"7":{"start":{"line":11,"column":2},"end":{"line":13,"column":null}},"8":{"start":{"line":6,"column":13},"end":{"line":14,"column":null}}},"fnMap":{"0":{"name":"(anonymous_2)","decl":{"start":{"line":7,"column":2},"end":{"line":7,"column":31}},"loc":{"start":{"line":7,"column":53},"end":{"line":7,"column":57}}},"1":{"name":"(anonymous_3)","decl":{"start":{"line":11,"column":2},"end":{"line":11,"column":10}},"loc":{"start":{"line":11,"column":10},"end":{"line":13,"column":3}}}},"branchMap":{"0":{"loc":{"start":{"line":7,"column":43},"end":{"line":7,"column":56}},"type":"cond-expr","locations":[{"start":{"line":7,"column":53},"end":{"line":7,"column":56}},{"start":{"line":7,"column":53},"end":{"line":7,"column":56}}]},"1":{"loc":{"start":{"line":7,"column":43},"end":{"line":7,"column":53}},"type":"binary-expr","locations":[{"start":{"line":7,"column":43},"end":{"line":7,"column":56}},{"start":{"line":7,"column":43},"end":{"line":7,"column":53}}]}},"s":{"0":1,"1":1,"2":1,"3":1,"4":1,"5":1,"6":1,"7":1,"8":1},"f":{"0":1,"1":1},"b":{"0":[1,0],"1":[1,1]}}
,"C:\\Users\\ricardo.dias\\develop\\projetos\\nexus-core\\apps\\backend\\src\\app.module.ts": {"path":"C:\\Users\\ricardo.dias\\develop\\projetos\\nexus-core\\apps\\backend\\src\\app.module.ts","statementMap":{"0":{"start":{"line":1,"column":0},"end":{"line":1,"column":72}},"1":{"start":{"line":2,"column":0},"end":{"line":2,"column":70}},"2":{"start":{"line":3,"column":0},"end":{"line":3,"column":50}},"3":{"start":{"line":4,"column":0},"end":{"line":4,"column":49}},"4":{"start":{"line":5,"column":0},"end":{"line":5,"column":43}},"5":{"start":{"line":6,"column":0},"end":{"line":6,"column":42}},"6":{"start":{"line":7,"column":0},"end":{"line":7,"column":48}},"7":{"start":{"line":8,"column":0},"end":{"line":8,"column":51}},"8":{"start":{"line":9,"column":0},"end":{"line":9,"column":54}},"9":{"start":{"line":10,"column":0},"end":{"line":10,"column":68}},"10":{"start":{"line":11,"column":0},"end":{"line":11,"column":59}},"11":{"start":{"line":12,"column":0},"end":{"line":12,"column":53}},"12":{"start":{"line":13,"column":0},"end":{"line":13,"column":46}},"13":{"start":{"line":14,"column":0},"end":{"line":14,"column":54}},"14":{"start":{"line":15,"column":0},"end":{"line":15,"column":66}},"15":{"start":{"line":16,"column":0},"end":{"line":16,"column":60}},"16":{"start":{"line":17,"column":0},"end":{"line":17,"column":48}},"17":{"start":{"line":18,"column":0},"end":{"line":18,"column":54}},"18":{"start":{"line":19,"column":0},"end":{"line":19,"column":51}},"19":{"start":{"line":20,"column":0},"end":{"line":20,"column":80}},"20":{"start":{"line":21,"column":0},"end":{"line":21,"column":79}},"21":{"start":{"line":22,"column":0},"end":{"line":22,"column":81}},"22":{"start":{"line":61,"column":7},"end":{"line":65,"column":null}},"23":{"start":{"line":63,"column":4},"end":{"line":63,"column":55}},"24":{"start":{"line":61,"column":13},"end":{"line":61,"column":22}},"25":{"start":{"line":61,"column":13},"end":{"line":65,"column":null}}},"fnMap":{"0":{"name":"(anonymous_1)","decl":{"start":{"line":62,"column":2},"end":{"line":62,"column":11}},"loc":{"start":{"line":62,"column":40},"end":{"line":64,"column":3}}}},"branchMap":{},"s":{"0":0,"1":0,"2":0,"3":0,"4":0,"5":0,"6":0,"7":0,"8":0,"9":0,"10":0,"11":0,"12":0,"13":0,"14":0,"15":0,"16":0,"17":0,"18":0,"19":0,"20":0,"21":0,"22":0,"23":0,"24":0,"25":0},"f":{"0":0},"b":{}}
,"C:\\Users\\ricardo.dias\\develop\\projetos\\nexus-core\\apps\\backend\\src\\app.service.ts": {"path":"C:\\Users\\ricardo.dias\\develop\\projetos\\nexus-core\\apps\\backend\\src\\app.service.ts","statementMap":{"0":{"start":{"line":1,"column":0},"end":{"line":1,"column":44}},"1":{"start":{"line":4,"column":7},"end":{"line":8,"column":null}},"2":{"start":{"line":6,"column":4},"end":{"line":6,"column":26}},"3":{"start":{"line":4,"column":13},"end":{"line":4,"column":23}},"4":{"start":{"line":4,"column":13},"end":{"line":8,"column":null}}},"fnMap":{"0":{"name":"(anonymous_1)","decl":{"start":{"line":5,"column":2},"end":{"line":5,"column":10}},"loc":{"start":{"line":5,"column":10},"end":{"line":7,"column":3}}}},"branchMap":{},"s":{"0":1,"1":1,"2":1,"3":1,"4":1},"f":{"0":1},"b":{}}
,"C:\\Users\\ricardo.dias\\develop\\projetos\\nexus-core\\apps\\backend\\src\\main.ts": {"path":"C:\\Users\\ricardo.dias\\develop\\projetos\\nexus-core\\apps\\backend\\src\\main.ts","statementMap":{"0":{"start":{"line":1,"column":0},"end":{"line":1,"column":32}},"1":{"start":{"line":2,"column":0},"end":{"line":2,"column":9}},"2":{"start":{"line":3,"column":0},"end":{"line":3,"column":43}},"3":{"start":{"line":4,"column":0},"end":{"line":4,"column":41}},"4":{"start":{"line":5,"column":0},"end":{"line":5,"column":56}},"5":{"start":{"line":6,"column":0},"end":{"line":6,"column":28}},"6":{"start":{"line":7,"column":0},"end":{"line":7,"column":38}},"7":{"start":{"line":8,"column":0},"end":{"line":8,"column":43}},"8":{"start":{"line":9,"column":0},"end":{"line":9,"column":77}},"9":{"start":{"line":12,"column":17},"end":{"line":12,"column":40}},"10":{"start":{"line":13,"column":14},"end":{"line":13,"column":49}},"11":{"start":{"line":16,"column":2},"end":{"line":21,"column":4}},"12":{"start":{"line":24,"column":2},"end":{"line":24,"column":25}},"13":{"start":{"line":27,"column":2},"end":{"line":27,"column":35}},"14":{"start":{"line":28,"column":2},"end":{"line":28,"column":57}},"15":{"start":{"line":31,"column":29},"end":{"line":31,"column":52}},"16":{"start":{"line":32,"column":2},"end":{"line":49,"column":5}},"17":{"start":{"line":34,"column":6},"end":{"line":34,"column":66}},"18":{"start":{"line":52,"column":2},"end":{"line":61,"column":4}},"19":{"start":{"line":64,"column":2},"end":{"line":64,"column":28}},"20":{"start":{"line":66,"column":15},"end":{"line":66,"column":39}},"21":{"start":{"line":67,"column":2},"end":{"line":67,"column":25}},"22":{"start":{"line":68,"column":2},"end":{"line":68,"column":129}},"23":{"start":{"line":69,"column":2},"end":{"line":69,"column":85}},"24":{"start":{"line":71,"column":0},"end":{"line":71,"column":12}}},"fnMap":{"0":{"name":"bootstrap","decl":{"start":{"line":11,"column":15},"end":{"line":11,"column":24}},"loc":{"start":{"line":11,"column":24},"end":{"line":70,"column":1}}},"1":{"name":"(anonymous_2)","decl":{"start":{"line":33,"column":12},"end":{"line":33,"column":13}},"loc":{"start":{"line":33,"column":33},"end":{"line":35,"column":5}}}},"branchMap":{"0":{"loc":{"start":{"line":66,"column":15},"end":{"line":66,"column":39}},"type":"binary-expr","locations":[{"start":{"line":66,"column":15},"end":{"line":66,"column":31}},{"start":{"line":66,"column":35},"end":{"line":66,"column":39}}]},"1":{"loc":{"start":{"line":68,"column":38},"end":{"line":68,"column":125}},"type":"cond-expr","locations":[{"start":{"line":68,"column":70},"end":{"line":68,"column":99}},{"start":{"line":68,"column":102},"end":{"line":68,"column":125}}]}},"s":{"0":0,"1":0,"2":0,"3":0,"4":0,"5":0,"6":0,"7":0,"8":0,"9":0,"10":0,"11":0,"12":0,"13":0,"14":0,"15":0,"16":0,"17":0,"18":0,"19":0,"20":0,"21":0,"22":0,"23":0,"24":0},"f":{"0":0,"1":0},"b":{"0":[0,0],"1":[0,0]}}
,"C:\\Users\\ricardo.dias\\develop\\projetos\\nexus-core\\apps\\backend\\src\\test_mat.ts": {"path":"C:\\Users\\ricardo.dias\\develop\\projetos\\nexus-core\\apps\\backend\\src\\test_mat.ts","statementMap":{"0":{"start":{"line":1,"column":0},"end":{"line":1,"column":29}},"1":{"start":{"line":4,"column":17},"end":{"line":11,"column":4}},"2":{"start":{"line":13,"column":2},"end":{"line":18,"column":34}},"3":{"start":{"line":14,"column":17},"end":{"line":14,"column":63}},"4":{"start":{"line":15,"column":16},"end":{"line":15,"column":82}},"5":{"start":{"line":16,"column":4},"end":{"line":16,"column":47}},"6":{"start":{"line":17,"column":4},"end":{"line":17,"column":17}},"7":{"start":{"line":18,"column":15},"end":{"line":18,"column":32}},"8":{"start":{"line":20,"column":0},"end":{"line":20,"column":6}}},"fnMap":{"0":{"name":"run","decl":{"start":{"line":3,"column":15},"end":{"line":3,"column":18}},"loc":{"start":{"line":3,"column":18},"end":{"line":19,"column":1}}}},"branchMap":{},"s":{"0":0,"1":0,"2":0,"3":0,"4":0,"5":0,"6":0,"7":0,"8":0},"f":{"0":0},"b":{}}
,"C:\\Users\\ricardo.dias\\develop\\projetos\\nexus-core\\apps\\backend\\src\\academic\\academic-sync.service.ts": {"path":"C:\\Users\\ricardo.dias\\develop\\projetos\\nexus-core\\apps\\backend\\src\\academic\\academic-sync.service.ts","statementMap":{"0":{"start":{"line":1,"column":0},"end":{"line":1,"column":60}},"1":{"start":{"line":2,"column":0},"end":{"line":2,"column":40}},"2":{"start":{"line":3,"column":0},"end":{"line":3,"column":50}},"3":{"start":{"line":4,"column":0},"end":{"line":4,"column":61}},"4":{"start":{"line":5,"column":0},"end":{"line":5,"column":53}},"5":{"start":{"line":6,"column":0},"end":{"line":6,"column":48}},"6":{"start":{"line":7,"column":0},"end":{"line":7,"column":null}},"7":{"start":{"line":13,"column":0},"end":{"line":13,"column":62}},"8":{"start":{"line":16,"column":32},"end":{"line":318,"column":null}},"9":{"start":{"line":17,"column":28},"end":{"line":17,"column":64}},"10":{"start":{"line":18,"column":22},"end":{"line":18,"column":27}},"11":{"start":{"line":21,"column":44},"end":{"line":21,"column":48}},"12":{"start":{"line":22,"column":21},"end":{"line":22,"column":38}},"13":{"start":{"line":27,"column":4},"end":{"line":27,"column":74}},"14":{"start":{"line":28,"column":4},"end":{"line":28,"column":35}},"15":{"start":{"line":33,"column":4},"end":{"line":36,"column":5}},"16":{"start":{"line":34,"column":6},"end":{"line":34,"column":83}},"17":{"start":{"line":35,"column":6},"end":{"line":35,"column":43}},"18":{"start":{"line":38,"column":4},"end":{"line":38,"column":26}},"19":{"start":{"line":39,"column":22},"end":{"line":39,"column":32}},"20":{"start":{"line":41,"column":4},"end":{"line":316,"column":5}},"21":{"start":{"line":42,"column":6},"end":{"line":42,"column":83}},"22":{"start":{"line":42,"column":22},"end":{"line":42,"column":83}},"23":{"start":{"line":43,"column":28},"end":{"line":43,"column":52}},"24":{"start":{"line":45,"column":6},"end":{"line":48,"column":7}},"25":{"start":{"line":46,"column":8},"end":{"line":46,"column":119}},"26":{"start":{"line":47,"column":8},"end":{"line":47,"column":77}},"27":{"start":{"line":50,"column":6},"end":{"line":50,"column":77}},"28":{"start":{"line":52,"column":25},"end":{"line":52,"column":58}},"29":{"start":{"line":53,"column":21},"end":{"line":53,"column":55}},"30":{"start":{"line":56,"column":6},"end":{"line":56,"column":67}},"31":{"start":{"line":56,"column":22},"end":{"line":56,"column":67}},"32":{"start":{"line":57,"column":6},"end":{"line":57,"column":51}},"33":{"start":{"line":58,"column":27},"end":{"line":58,"column":69}},"34":{"start":{"line":58,"column":50},"end":{"line":58,"column":58}},"35":{"start":{"line":59,"column":24},"end":{"line":67,"column":8}},"36":{"start":{"line":69,"column":21},"end":{"line":69,"column":40}},"37":{"start":{"line":70,"column":6},"end":{"line":70,"column":63}},"38":{"start":{"line":72,"column":6},"end":{"line":110,"column":7}},"39":{"start":{"line":73,"column":26},"end":{"line":73,"column":30}},"40":{"start":{"line":74,"column":8},"end":{"line":109,"column":9}},"41":{"start":{"line":74,"column":21},"end":{"line":74,"column":22}},"42":{"start":{"line":75,"column":24},"end":{"line":75,"column":54}},"43":{"start":{"line":76,"column":10},"end":{"line":108,"column":15}},"44":{"start":{"line":77,"column":36},"end":{"line":91,"column":14}},"45":{"start":{"line":112,"column":29},"end":{"line":112,"column":61}},"46":{"start":{"line":112,"column":45},"end":{"line":112,"column":60}},"47":{"start":{"line":113,"column":6},"end":{"line":116,"column":7}},"48":{"start":{"line":114,"column":8},"end":{"line":114,"column":67}},"49":{"start":{"line":115,"column":8},"end":{"line":115,"column":48}},"50":{"start":{"line":119,"column":6},"end":{"line":119,"column":71}},"51":{"start":{"line":119,"column":22},"end":{"line":119,"column":71}},"52":{"start":{"line":120,"column":6},"end":{"line":120,"column":73}},"53":{"start":{"line":123,"column":28},"end":{"line":128,"column":8}},"54":{"start":{"line":130,"column":25},"end":{"line":130,"column":48}},"55":{"start":{"line":131,"column":6},"end":{"line":131,"column":71}},"56":{"start":{"line":134,"column":6},"end":{"line":153,"column":9}},"57":{"start":{"line":135,"column":8},"end":{"line":135,"column":43}},"58":{"start":{"line":137,"column":8},"end":{"line":152,"column":9}},"59":{"start":{"line":139,"column":28},"end":{"line":139,"column":32}},"60":{"start":{"line":140,"column":10},"end":{"line":151,"column":11}},"61":{"start":{"line":140,"column":23},"end":{"line":140,"column":24}},"62":{"start":{"line":141,"column":26},"end":{"line":141,"column":60}},"63":{"start":{"line":142,"column":12},"end":{"line":150,"column":37}},"64":{"start":{"line":143,"column":38},"end":{"line":149,"column":16}},"65":{"start":{"line":156,"column":28},"end":{"line":156,"column":45}},"66":{"start":{"line":157,"column":6},"end":{"line":157,"column":71}},"67":{"start":{"line":157,"column":30},"end":{"line":157,"column":69}},"68":{"start":{"line":158,"column":6},"end":{"line":158,"column":79}},"69":{"start":{"line":160,"column":6},"end":{"line":298,"column":7}},"70":{"start":{"line":161,"column":8},"end":{"line":161,"column":83}},"71":{"start":{"line":161,"column":24},"end":{"line":161,"column":83}},"72":{"start":{"line":162,"column":27},"end":{"line":162,"column":52}},"73":{"start":{"line":163,"column":39},"end":{"line":163,"column":41}},"74":{"start":{"line":164,"column":8},"end":{"line":166,"column":9}},"75":{"start":{"line":164,"column":21},"end":{"line":164,"column":22}},"76":{"start":{"line":165,"column":10},"end":{"line":165,"column":57}},"77":{"start":{"line":168,"column":30},"end":{"line":168,"column":31}},"78":{"start":{"line":169,"column":29},"end":{"line":169,"column":30}},"79":{"start":{"line":171,"column":8},"end":{"line":295,"column":9}},"80":{"start":{"line":171,"column":21},"end":{"line":171,"column":22}},"81":{"start":{"line":172,"column":32},"end":{"line":172,"column":83}},"82":{"start":{"line":173,"column":10},"end":{"line":173,"column":121}},"83":{"start":{"line":173,"column":26},"end":{"line":173,"column":121}},"84":{"start":{"line":174,"column":24},"end":{"line":174,"column":37}},"85":{"start":{"line":175,"column":27},"end":{"line":180,"column":22}},"86":{"start":{"line":177,"column":23},"end":{"line":177,"column":64}},"87":{"start":{"line":179,"column":23},"end":{"line":179,"column":32}},"88":{"start":{"line":182,"column":10},"end":{"line":182,"column":34}},"89":{"start":{"line":182,"column":25},"end":{"line":182,"column":34}},"90":{"start":{"line":185,"column":26},"end":{"line":196,"column":12}},"91":{"start":{"line":199,"column":10},"end":{"line":248,"column":11}},"92":{"start":{"line":200,"column":12},"end":{"line":200,"column":56}},"93":{"start":{"line":201,"column":12},"end":{"line":247,"column":17}},"94":{"start":{"line":202,"column":50},"end":{"line":223,"column":16}},"95":{"start":{"line":252,"column":25},"end":{"line":259,"column":12}},"96":{"start":{"line":261,"column":10},"end":{"line":292,"column":11}},"97":{"start":{"line":262,"column":12},"end":{"line":262,"column":54}},"98":{"start":{"line":263,"column":12},"end":{"line":291,"column":17}},"99":{"start":{"line":264,"column":49},"end":{"line":276,"column":16}},"100":{"start":{"line":294,"column":10},"end":{"line":294,"column":80}},"101":{"start":{"line":297,"column":8},"end":{"line":297,"column":110}},"102":{"start":{"line":300,"column":23},"end":{"line":300,"column":67}},"103":{"start":{"line":301,"column":6},"end":{"line":301,"column":74}},"104":{"start":{"line":303,"column":6},"end":{"line":309,"column":8}},"105":{"start":{"line":312,"column":6},"end":{"line":312,"column":70}},"106":{"start":{"line":313,"column":6},"end":{"line":313,"column":55}},"107":{"start":{"line":315,"column":6},"end":{"line":315,"column":29}},"108":{"start":{"line":16,"column":13},"end":{"line":16,"column":32}},"109":{"start":{"line":26,"column":8},"end":{"line":29,"column":null}},"110":{"start":{"line":16,"column":13},"end":{"line":318,"column":null}}},"fnMap":{"0":{"name":"(anonymous_4)","decl":{"start":{"line":20,"column":2},"end":{"line":20,"column":null}},"loc":{"start":{"line":22,"column":53},"end":{"line":23,"column":6}}},"1":{"name":"(anonymous_5)","decl":{"start":{"line":26,"column":8},"end":{"line":26,"column":23}},"loc":{"start":{"line":26,"column":23},"end":{"line":29,"column":3}}},"2":{"name":"(anonymous_6)","decl":{"start":{"line":32,"column":2},"end":{"line":32,"column":7}},"loc":{"start":{"line":32,"column":88},"end":{"line":317,"column":3}}},"3":{"name":"(anonymous_7)","decl":{"start":{"line":58,"column":45},"end":{"line":58,"column":46}},"loc":{"start":{"line":58,"column":50},"end":{"line":58,"column":58}}},"4":{"name":"(anonymous_8)","decl":{"start":{"line":77,"column":30},"end":{"line":77,"column":31}},"loc":{"start":{"line":77,"column":36},"end":{"line":91,"column":14}}},"5":{"name":"(anonymous_9)","decl":{"start":{"line":112,"column":40},"end":{"line":112,"column":41}},"loc":{"start":{"line":112,"column":45},"end":{"line":112,"column":60}}},"6":{"name":"(anonymous_10)","decl":{"start":{"line":134,"column":32},"end":{"line":134,"column":37}},"loc":{"start":{"line":134,"column":45},"end":{"line":153,"column":7}}},"7":{"name":"(anonymous_11)","decl":{"start":{"line":143,"column":32},"end":{"line":143,"column":33}},"loc":{"start":{"line":143,"column":38},"end":{"line":149,"column":16}}},"8":{"name":"(anonymous_12)","decl":{"start":{"line":157,"column":25},"end":{"line":157,"column":26}},"loc":{"start":{"line":157,"column":30},"end":{"line":157,"column":69}}},"9":{"name":"(anonymous_13)","decl":{"start":{"line":177,"column":17},"end":{"line":177,"column":19}},"loc":{"start":{"line":177,"column":23},"end":{"line":177,"column":64}}},"10":{"name":"(anonymous_14)","decl":{"start":{"line":179,"column":17},"end":{"line":179,"column":19}},"loc":{"start":{"line":179,"column":23},"end":{"line":179,"column":32}}},"11":{"name":"(anonymous_15)","decl":{"start":{"line":202,"column":44},"end":{"line":202,"column":45}},"loc":{"start":{"line":202,"column":50},"end":{"line":223,"column":16}}},"12":{"name":"(anonymous_16)","decl":{"start":{"line":264,"column":43},"end":{"line":264,"column":44}},"loc":{"start":{"line":264,"column":49},"end":{"line":276,"column":16}}}},"branchMap":{"0":{"loc":{"start":{"line":33,"column":4},"end":{"line":36,"column":5}},"type":"if","locations":[{"start":{"line":33,"column":4},"end":{"line":36,"column":5}},{"start":{},"end":{}}]},"1":{"loc":{"start":{"line":42,"column":6},"end":{"line":42,"column":83}},"type":"if","locations":[{"start":{"line":42,"column":6},"end":{"line":42,"column":83}},{"start":{},"end":{}}]},"2":{"loc":{"start":{"line":45,"column":6},"end":{"line":48,"column":7}},"type":"if","locations":[{"start":{"line":45,"column":6},"end":{"line":48,"column":7}},{"start":{},"end":{}}]},"3":{"loc":{"start":{"line":56,"column":6},"end":{"line":56,"column":67}},"type":"if","locations":[{"start":{"line":56,"column":6},"end":{"line":56,"column":67}},{"start":{},"end":{}}]},"4":{"loc":{"start":{"line":72,"column":6},"end":{"line":110,"column":7}},"type":"if","locations":[{"start":{"line":72,"column":6},"end":{"line":110,"column":7}},{"start":{},"end":{}}]},"5":{"loc":{"start":{"line":113,"column":6},"end":{"line":116,"column":7}},"type":"if","locations":[{"start":{"line":113,"column":6},"end":{"line":116,"column":7}},{"start":{},"end":{}}]},"6":{"loc":{"start":{"line":119,"column":6},"end":{"line":119,"column":71}},"type":"if","locations":[{"start":{"line":119,"column":6},"end":{"line":119,"column":71}},{"start":{},"end":{}}]},"7":{"loc":{"start":{"line":137,"column":8},"end":{"line":152,"column":9}},"type":"if","locations":[{"start":{"line":137,"column":8},"end":{"line":152,"column":9}},{"start":{},"end":{}}]},"8":{"loc":{"start":{"line":147,"column":23},"end":{"line":147,"column":50}},"type":"binary-expr","locations":[{"start":{"line":147,"column":23},"end":{"line":147,"column":42}},{"start":{"line":147,"column":46},"end":{"line":147,"column":50}}]},"9":{"loc":{"start":{"line":148,"column":26},"end":{"line":148,"column":56}},"type":"binary-expr","locations":[{"start":{"line":148,"column":26},"end":{"line":148,"column":48}},{"start":{"line":148,"column":52},"end":{"line":148,"column":56}}]},"10":{"loc":{"start":{"line":160,"column":6},"end":{"line":298,"column":7}},"type":"if","locations":[{"start":{"line":160,"column":6},"end":{"line":298,"column":7}},{"start":{},"end":{}}]},"11":{"loc":{"start":{"line":161,"column":8},"end":{"line":161,"column":83}},"type":"if","locations":[{"start":{"line":161,"column":8},"end":{"line":161,"column":83}},{"start":{},"end":{}}]},"12":{"loc":{"start":{"line":173,"column":10},"end":{"line":173,"column":121}},"type":"if","locations":[{"start":{"line":173,"column":10},"end":{"line":173,"column":121}},{"start":{},"end":{}}]},"13":{"loc":{"start":{"line":182,"column":10},"end":{"line":182,"column":34}},"type":"if","locations":[{"start":{"line":182,"column":10},"end":{"line":182,"column":34}},{"start":{},"end":{}}]},"14":{"loc":{"start":{"line":199,"column":10},"end":{"line":248,"column":11}},"type":"if","locations":[{"start":{"line":199,"column":10},"end":{"line":248,"column":11}},{"start":{},"end":{}}]},"15":{"loc":{"start":{"line":220,"column":27},"end":{"line":220,"column":81}},"type":"cond-expr","locations":[{"start":{"line":220,"column":41},"end":{"line":220,"column":63}},{"start":{"line":220,"column":66},"end":{"line":220,"column":81}}]},"16":{"loc":{"start":{"line":221,"column":25},"end":{"line":221,"column":108}},"type":"cond-expr","locations":[{"start":{"line":221,"column":37},"end":{"line":221,"column":57}},{"start":{"line":221,"column":61},"end":{"line":221,"column":107}}]},"17":{"loc":{"start":{"line":221,"column":61},"end":{"line":221,"column":107}},"type":"cond-expr","locations":[{"start":{"line":221,"column":71},"end":{"line":221,"column":89}},{"start":{"line":221,"column":92},"end":{"line":221,"column":107}}]},"18":{"loc":{"start":{"line":261,"column":10},"end":{"line":292,"column":11}},"type":"if","locations":[{"start":{"line":261,"column":10},"end":{"line":292,"column":11}},{"start":{},"end":{}}]},"19":{"loc":{"start":{"line":21,"column":48},"end":{"line":21,"column":71}},"type":"cond-expr","locations":[{"start":{"line":21,"column":66},"end":{"line":21,"column":71}},{"start":{"line":21,"column":66},"end":{"line":21,"column":71}}]},"20":{"loc":{"start":{"line":21,"column":48},"end":{"line":21,"column":66}},"type":"binary-expr","locations":[{"start":{"line":21,"column":48},"end":{"line":21,"column":71}},{"start":{"line":21,"column":48},"end":{"line":21,"column":66}}]},"21":{"loc":{"start":{"line":21,"column":66},"end":{"line":22,"column":null}},"type":"cond-expr","locations":[{"start":{"line":22,"column":53},"end":{"line":22,"column":null}},{"start":{"line":22,"column":53},"end":{"line":22,"column":null}}]},"22":{"loc":{"start":{"line":21,"column":66},"end":{"line":22,"column":53}},"type":"binary-expr","locations":[{"start":{"line":21,"column":66},"end":{"line":22,"column":null}},{"start":{"line":22,"column":38},"end":{"line":22,"column":53}}]}},"s":{"0":1,"1":1,"2":1,"3":1,"4":1,"5":1,"6":1,"7":1,"8":1,"9":0,"10":0,"11":0,"12":0,"13":0,"14":0,"15":0,"16":0,"17":0,"18":0,"19":0,"20":0,"21":0,"22":0,"23":0,"24":0,"25":0,"26":0,"27":0,"28":0,"29":0,"30":0,"31":0,"32":0,"33":0,"34":0,"35":0,"36":0,"37":0,"38":0,"39":0,"40":0,"41":0,"42":0,"43":0,"44":0,"45":0,"46":0,"47":0,"48":0,"49":0,"50":0,"51":0,"52":0,"53":0,"54":0,"55":0,"56":0,"57":0,"58":0,"59":0,"60":0,"61":0,"62":0,"63":0,"64":0,"65":0,"66":0,"67":0,"68":0,"69":0,"70":0,"71":0,"72":0,"73":0,"74":0,"75":0,"76":0,"77":0,"78":0,"79":0,"80":0,"81":0,"82":0,"83":0,"84":0,"85":0,"86":0,"87":0,"88":0,"89":0,"90":0,"91":0,"92":0,"93":0,"94":0,"95":0,"96":0,"97":0,"98":0,"99":0,"100":0,"101":0,"102":0,"103":0,"104":0,"105":0,"106":0,"107":0,"108":1,"109":1,"110":1},"f":{"0":0,"1":0,"2":0,"3":0,"4":0,"5":0,"6":0,"7":0,"8":0,"9":0,"10":0,"11":0,"12":0},"b":{"0":[0,0],"1":[0,0],"2":[0,0],"3":[0,0],"4":[0,0],"5":[0,0],"6":[0,0],"7":[0,0],"8":[0,0],"9":[0,0],"10":[0,0],"11":[0,0],"12":[0,0],"13":[0,0],"14":[0,0],"15":[0,0],"16":[0,0],"17":[0,0],"18":[0,0],"19":[1,0],"20":[1,1],"21":[1,0],"22":[1,1]}}
,"C:\\Users\\ricardo.dias\\develop\\projetos\\nexus-core\\apps\\backend\\src\\academic\\academic.controller.ts": {"path":"C:\\Users\\ricardo.dias\\develop\\projetos\\nexus-core\\apps\\backend\\src\\academic\\academic.controller.ts","statementMap":{"0":{"start":{"line":1,"column":0},"end":{"line":1,"column":90}},"1":{"start":{"line":2,"column":0},"end":{"line":2,"column":53}},"2":{"start":{"line":3,"column":0},"end":{"line":3,"column":62}},"3":{"start":{"line":4,"column":0},"end":{"line":4,"column":51}},"4":{"start":{"line":5,"column":0},"end":{"line":5,"column":70}},"5":{"start":{"line":6,"column":0},"end":{"line":6,"column":60}},"6":{"start":{"line":10,"column":7},"end":{"line":66,"column":null}},"7":{"start":{"line":12,"column":21},"end":{"line":12,"column":38}},"8":{"start":{"line":13,"column":21},"end":{"line":13,"column":34}},"9":{"start":{"line":14,"column":21},"end":{"line":14,"column":34}},"10":{"start":{"line":20,"column":4},"end":{"line":22,"column":5}},"11":{"start":{"line":21,"column":6},"end":{"line":21,"column":50}},"12":{"start":{"line":23,"column":29},"end":{"line":23,"column":72}},"13":{"start":{"line":24,"column":4},"end":{"line":30,"column":6}},"14":{"start":{"line":35,"column":4},"end":{"line":35,"column":82}},"15":{"start":{"line":40,"column":4},"end":{"line":40,"column":86}},"16":{"start":{"line":40,"column":28},"end":{"line":40,"column":86}},"17":{"start":{"line":41,"column":17},"end":{"line":41,"column":83}},"18":{"start":{"line":42,"column":4},"end":{"line":42,"column":35}},"19":{"start":{"line":47,"column":4},"end":{"line":47,"column":82}},"20":{"start":{"line":52,"column":4},"end":{"line":52,"column":101}},"21":{"start":{"line":52,"column":28},"end":{"line":52,"column":101}},"22":{"start":{"line":53,"column":17},"end":{"line":53,"column":83}},"23":{"start":{"line":54,"column":4},"end":{"line":54,"column":35}},"24":{"start":{"line":59,"column":4},"end":{"line":59,"column":81}},"25":{"start":{"line":64,"column":4},"end":{"line":64,"column":84}},"26":{"start":{"line":10,"column":13},"end":{"line":10,"column":31}},"27":{"start":{"line":19,"column":8},"end":{"line":31,"column":null}},"28":{"start":{"line":34,"column":8},"end":{"line":36,"column":null}},"29":{"start":{"line":39,"column":8},"end":{"line":43,"column":null}},"30":{"start":{"line":46,"column":8},"end":{"line":48,"column":null}},"31":{"start":{"line":51,"column":8},"end":{"line":55,"column":null}},"32":{"start":{"line":58,"column":8},"end":{"line":60,"column":null}},"33":{"start":{"line":63,"column":8},"end":{"line":65,"column":null}},"34":{"start":{"line":10,"column":13},"end":{"line":66,"column":null}}},"fnMap":{"0":{"name":"(anonymous_4)","decl":{"start":{"line":11,"column":2},"end":{"line":11,"column":null}},"loc":{"start":{"line":14,"column":45},"end":{"line":15,"column":6}}},"1":{"name":"(anonymous_5)","decl":{"start":{"line":19,"column":8},"end":{"line":19,"column":19}},"loc":{"start":{"line":19,"column":52},"end":{"line":31,"column":3}}},"2":{"name":"(anonymous_6)","decl":{"start":{"line":34,"column":8},"end":{"line":34,"column":19}},"loc":{"start":{"line":34,"column":52},"end":{"line":36,"column":3}}},"3":{"name":"(anonymous_7)","decl":{"start":{"line":39,"column":8},"end":{"line":39,"column":29}},"loc":{"start":{"line":39,"column":67},"end":{"line":43,"column":3}}},"4":{"name":"(anonymous_8)","decl":{"start":{"line":46,"column":8},"end":{"line":46,"column":19}},"loc":{"start":{"line":46,"column":52},"end":{"line":48,"column":3}}},"5":{"name":"(anonymous_9)","decl":{"start":{"line":51,"column":8},"end":{"line":51,"column":29}},"loc":{"start":{"line":51,"column":67},"end":{"line":55,"column":3}}},"6":{"name":"(anonymous_10)","decl":{"start":{"line":58,"column":8},"end":{"line":58,"column":18}},"loc":{"start":{"line":58,"column":51},"end":{"line":60,"column":3}}},"7":{"name":"(anonymous_11)","decl":{"start":{"line":63,"column":8},"end":{"line":63,"column":21}},"loc":{"start":{"line":63,"column":54},"end":{"line":65,"column":3}}}},"branchMap":{"0":{"loc":{"start":{"line":20,"column":4},"end":{"line":22,"column":5}},"type":"if","locations":[{"start":{"line":20,"column":4},"end":{"line":22,"column":5}},{"start":{},"end":{}}]},"1":{"loc":{"start":{"line":40,"column":4},"end":{"line":40,"column":86}},"type":"if","locations":[{"start":{"line":40,"column":4},"end":{"line":40,"column":86}},{"start":{},"end":{}}]},"2":{"loc":{"start":{"line":52,"column":4},"end":{"line":52,"column":101}},"type":"if","locations":[{"start":{"line":52,"column":4},"end":{"line":52,"column":101}},{"start":{},"end":{}}]},"3":{"loc":{"start":{"line":34,"column":36},"end":{"line":34,"column":null}},"type":"cond-expr","locations":[{"start":{"line":34,"column":52},"end":{"line":34,"column":null}},{"start":{"line":34,"column":52},"end":{"line":34,"column":null}}]},"4":{"loc":{"start":{"line":34,"column":36},"end":{"line":34,"column":52}},"type":"binary-expr","locations":[{"start":{"line":34,"column":36},"end":{"line":34,"column":null}},{"start":{"line":34,"column":36},"end":{"line":34,"column":52}}]},"5":{"loc":{"start":{"line":46,"column":36},"end":{"line":46,"column":null}},"type":"cond-expr","locations":[{"start":{"line":46,"column":52},"end":{"line":46,"column":null}},{"start":{"line":46,"column":52},"end":{"line":46,"column":null}}]},"6":{"loc":{"start":{"line":46,"column":36},"end":{"line":46,"column":52}},"type":"binary-expr","locations":[{"start":{"line":46,"column":36},"end":{"line":46,"column":null}},{"start":{"line":46,"column":36},"end":{"line":46,"column":52}}]},"7":{"loc":{"start":{"line":58,"column":35},"end":{"line":58,"column":null}},"type":"cond-expr","locations":[{"start":{"line":58,"column":51},"end":{"line":58,"column":null}},{"start":{"line":58,"column":51},"end":{"line":58,"column":null}}]},"8":{"loc":{"start":{"line":58,"column":35},"end":{"line":58,"column":51}},"type":"binary-expr","locations":[{"start":{"line":58,"column":35},"end":{"line":58,"column":null}},{"start":{"line":58,"column":35},"end":{"line":58,"column":51}}]},"9":{"loc":{"start":{"line":63,"column":38},"end":{"line":63,"column":null}},"type":"cond-expr","locations":[{"start":{"line":63,"column":54},"end":{"line":63,"column":null}},{"start":{"line":63,"column":54},"end":{"line":63,"column":null}}]},"10":{"loc":{"start":{"line":63,"column":38},"end":{"line":63,"column":54}},"type":"binary-expr","locations":[{"start":{"line":63,"column":38},"end":{"line":63,"column":null}},{"start":{"line":63,"column":38},"end":{"line":63,"column":54}}]},"11":{"loc":{"start":{"line":12,"column":38},"end":{"line":12,"column":null}},"type":"cond-expr","locations":[{"start":{"line":12,"column":53},"end":{"line":12,"column":null}},{"start":{"line":12,"column":53},"end":{"line":12,"column":null}}]},"12":{"loc":{"start":{"line":12,"column":38},"end":{"line":12,"column":53}},"type":"binary-expr","locations":[{"start":{"line":12,"column":38},"end":{"line":12,"column":null}},{"start":{"line":12,"column":38},"end":{"line":12,"column":53}}]},"13":{"loc":{"start":{"line":12,"column":53},"end":{"line":13,"column":null}},"type":"cond-expr","locations":[{"start":{"line":13,"column":53},"end":{"line":13,"column":null}},{"start":{"line":13,"column":53},"end":{"line":13,"column":null}}]},"14":{"loc":{"start":{"line":12,"column":53},"end":{"line":13,"column":53}},"type":"binary-expr","locations":[{"start":{"line":12,"column":53},"end":{"line":13,"column":null}},{"start":{"line":13,"column":34},"end":{"line":13,"column":53}}]},"15":{"loc":{"start":{"line":13,"column":53},"end":{"line":14,"column":null}},"type":"cond-expr","locations":[{"start":{"line":14,"column":45},"end":{"line":14,"column":null}},{"start":{"line":14,"column":45},"end":{"line":14,"column":null}}]},"16":{"loc":{"start":{"line":13,"column":53},"end":{"line":14,"column":45}},"type":"binary-expr","locations":[{"start":{"line":13,"column":53},"end":{"line":14,"column":null}},{"start":{"line":14,"column":34},"end":{"line":14,"column":45}}]}},"s":{"0":1,"1":1,"2":1,"3":1,"4":1,"5":1,"6":1,"7":3,"8":3,"9":3,"10":2,"11":1,"12":1,"13":1,"14":0,"15":0,"16":0,"17":0,"18":0,"19":0,"20":0,"21":0,"22":0,"23":0,"24":0,"25":0,"26":1,"27":1,"28":1,"29":1,"30":1,"31":1,"32":1,"33":1,"34":1},"f":{"0":3,"1":2,"2":0,"3":0,"4":0,"5":0,"6":0,"7":0},"b":{"0":[1,1],"1":[0,0],"2":[0,0],"3":[1,0],"4":[1,1],"5":[1,0],"6":[1,1],"7":[1,0],"8":[1,1],"9":[1,0],"10":[1,1],"11":[1,0],"12":[1,1],"13":[1,0],"14":[1,1],"15":[1,0],"16":[1,1]}}
,"C:\\Users\\ricardo.dias\\develop\\projetos\\nexus-core\\apps\\backend\\src\\academic\\academic.module.ts": {"path":"C:\\Users\\ricardo.dias\\develop\\projetos\\nexus-core\\apps\\backend\\src\\academic\\academic.module.ts","statementMap":{"0":{"start":{"line":1,"column":0},"end":{"line":1,"column":52}},"1":{"start":{"line":2,"column":0},"end":{"line":2,"column":59}},"2":{"start":{"line":3,"column":0},"end":{"line":3,"column":53}},"3":{"start":{"line":4,"column":0},"end":{"line":4,"column":62}},"4":{"start":{"line":5,"column":0},"end":{"line":5,"column":49}},"5":{"start":{"line":13,"column":7},"end":{"line":13,"column":null}},"6":{"start":{"line":13,"column":13},"end":{"line":13,"column":27}},"7":{"start":{"line":13,"column":13},"end":{"line":13,"column":null}},"8":{"start":{"line":8,"column":29},"end":{"line":8,"column":39}}},"fnMap":{"0":{"name":"(anonymous_1)","decl":{"start":{"line":8,"column":23},"end":{"line":8,"column":26}},"loc":{"start":{"line":8,"column":29},"end":{"line":8,"column":39}}}},"branchMap":{},"s":{"0":0,"1":0,"2":0,"3":0,"4":0,"5":0,"6":0,"7":0,"8":0},"f":{"0":0},"b":{}}
,"C:\\Users\\ricardo.dias\\develop\\projetos\\nexus-core\\apps\\backend\\src\\academic\\academic.service.ts": {"path":"C:\\Users\\ricardo.dias\\develop\\projetos\\nexus-core\\apps\\backend\\src\\academic\\academic.service.ts","statementMap":{"0":{"start":{"line":1,"column":0},"end":{"line":1,"column":126}},"1":{"start":{"line":2,"column":0},"end":{"line":2,"column":29}},"2":{"start":{"line":3,"column":0},"end":{"line":3,"column":50}},"3":{"start":{"line":4,"column":0},"end":{"line":4,"column":61}},"4":{"start":{"line":5,"column":0},"end":{"line":5,"column":null}},"5":{"start":{"line":13,"column":0},"end":{"line":13,"column":96}},"6":{"start":{"line":14,"column":0},"end":{"line":14,"column":99}},"7":{"start":{"line":19,"column":39},"end":{"line":19,"column":99}},"8":{"start":{"line":20,"column":48},"end":{"line":20,"column":54}},"9":{"start":{"line":22,"column":44},"end":{"line":22,"column":48}},"10":{"start":{"line":23,"column":29},"end":{"line":23,"column":31}},"11":{"start":{"line":26,"column":38},"end":{"line":26,"column":40}},"12":{"start":{"line":27,"column":37},"end":{"line":27,"column":39}},"13":{"start":{"line":28,"column":35},"end":{"line":28,"column":37}},"14":{"start":{"line":31,"column":31},"end":{"line":31,"column":33}},"15":{"start":{"line":34,"column":44},"end":{"line":34,"column":48}},"16":{"start":{"line":38,"column":4},"end":{"line":40,"column":5}},"17":{"start":{"line":39,"column":6},"end":{"line":39,"column":56}},"18":{"start":{"line":42,"column":4},"end":{"line":42,"column":34}},"19":{"start":{"line":42,"column":27},"end":{"line":42,"column":34}},"20":{"start":{"line":44,"column":16},"end":{"line":44,"column":26}},"21":{"start":{"line":45,"column":19},"end":{"line":45,"column":67}},"22":{"start":{"line":46,"column":4},"end":{"line":49,"column":5}},"23":{"start":{"line":47,"column":6},"end":{"line":47,"column":96}},"24":{"start":{"line":47,"column":29},"end":{"line":47,"column":96}},"25":{"start":{"line":48,"column":6},"end":{"line":48,"column":13}},"26":{"start":{"line":51,"column":25},"end":{"line":59,"column":15}},"27":{"start":{"line":61,"column":4},"end":{"line":64,"column":5}},"28":{"start":{"line":62,"column":6},"end":{"line":62,"column":92}},"29":{"start":{"line":63,"column":6},"end":{"line":63,"column":13}},"30":{"start":{"line":66,"column":24},"end":{"line":75,"column":15}},"31":{"start":{"line":77,"column":4},"end":{"line":80,"column":5}},"32":{"start":{"line":78,"column":6},"end":{"line":78,"column":93}},"33":{"start":{"line":79,"column":6},"end":{"line":79,"column":73}},"34":{"start":{"line":82,"column":4},"end":{"line":82,"column":90}},"35":{"start":{"line":87,"column":4},"end":{"line":87,"column":55}},"36":{"start":{"line":88,"column":4},"end":{"line":90,"column":5}},"37":{"start":{"line":89,"column":6},"end":{"line":89,"column":91}},"38":{"start":{"line":93,"column":31},"end":{"line":108,"column":6}},"39":{"start":{"line":110,"column":4},"end":{"line":138,"column":5}},"40":{"start":{"line":111,"column":6},"end":{"line":111,"column":65}},"41":{"start":{"line":112,"column":6},"end":{"line":112,"column":71}},"42":{"start":{"line":115,"column":6},"end":{"line":115,"column":47}},"43":{"start":{"line":116,"column":6},"end":{"line":116,"column":79}},"44":{"start":{"line":118,"column":6},"end":{"line":118,"column":74}},"45":{"start":{"line":119,"column":6},"end":{"line":121,"column":7}},"46":{"start":{"line":120,"column":8},"end":{"line":120,"column":182}},"47":{"start":{"line":123,"column":6},"end":{"line":123,"column":72}},"48":{"start":{"line":124,"column":6},"end":{"line":126,"column":7}},"49":{"start":{"line":125,"column":8},"end":{"line":125,"column":86}},"50":{"start":{"line":128,"column":6},"end":{"line":128,"column":68}},"51":{"start":{"line":129,"column":6},"end":{"line":131,"column":7}},"52":{"start":{"line":130,"column":8},"end":{"line":130,"column":150}},"53":{"start":{"line":133,"column":6},"end":{"line":133,"column":80}},"54":{"start":{"line":134,"column":6},"end":{"line":134,"column":78}},"55":{"start":{"line":135,"column":6},"end":{"line":135,"column":74}},"56":{"start":{"line":137,"column":6},"end":{"line":137,"column":86}},"57":{"start":{"line":141,"column":4},"end":{"line":145,"column":5}},"58":{"start":{"line":142,"column":6},"end":{"line":142,"column":34}},"59":{"start":{"line":144,"column":6},"end":{"line":144,"column":83}},"60":{"start":{"line":149,"column":4},"end":{"line":152,"column":5}},"61":{"start":{"line":150,"column":6},"end":{"line":150,"column":30}},"62":{"start":{"line":151,"column":6},"end":{"line":151,"column":57}},"63":{"start":{"line":157,"column":4},"end":{"line":157,"column":30}},"64":{"start":{"line":157,"column":20},"end":{"line":157,"column":30}},"65":{"start":{"line":158,"column":4},"end":{"line":167,"column":5}},"66":{"start":{"line":159,"column":27},"end":{"line":159,"column":81}},"67":{"start":{"line":160,"column":18},"end":{"line":161,"column":null}},"68":{"start":{"line":163,"column":6},"end":{"line":163,"column":54}},"69":{"start":{"line":163,"column":38},"end":{"line":163,"column":52}},"70":{"start":{"line":165,"column":6},"end":{"line":165,"column":66}},"71":{"start":{"line":166,"column":6},"end":{"line":166,"column":16}},"72":{"start":{"line":171,"column":4},"end":{"line":171,"column":30}},"73":{"start":{"line":171,"column":20},"end":{"line":171,"column":30}},"74":{"start":{"line":172,"column":4},"end":{"line":181,"column":5}},"75":{"start":{"line":173,"column":27},"end":{"line":173,"column":81}},"76":{"start":{"line":174,"column":18},"end":{"line":175,"column":null}},"77":{"start":{"line":177,"column":6},"end":{"line":177,"column":55}},"78":{"start":{"line":177,"column":38},"end":{"line":177,"column":53}},"79":{"start":{"line":179,"column":6},"end":{"line":179,"column":79}},"80":{"start":{"line":180,"column":6},"end":{"line":180,"column":16}},"81":{"start":{"line":187,"column":23},"end":{"line":190,"column":15}},"82":{"start":{"line":192,"column":4},"end":{"line":195,"column":5}},"83":{"start":{"line":193,"column":6},"end":{"line":193,"column":74}},"84":{"start":{"line":194,"column":6},"end":{"line":194,"column":13}},"85":{"start":{"line":197,"column":4},"end":{"line":197,"column":64}},"86":{"start":{"line":198,"column":24},"end":{"line":207,"column":18}},"87":{"start":{"line":210,"column":30},"end":{"line":213,"column":15}},"88":{"start":{"line":215,"column":4},"end":{"line":236,"column":5}},"89":{"start":{"line":217,"column":6},"end":{"line":220,"column":9}},"90":{"start":{"line":223,"column":25},"end":{"line":225,"column":58}},"91":{"start":{"line":227,"column":6},"end":{"line":234,"column":7}},"92":{"start":{"line":228,"column":8},"end":{"line":233,"column":10}},"93":{"start":{"line":229,"column":35},"end":{"line":232,"column":12}},"94":{"start":{"line":235,"column":6},"end":{"line":235,"column":86}},"95":{"start":{"line":243,"column":19},"end":{"line":243,"column":36}},"96":{"start":{"line":244,"column":27},"end":{"line":244,"column":36}},"97":{"start":{"line":246,"column":4},"end":{"line":267,"column":5}},"98":{"start":{"line":247,"column":28},"end":{"line":247,"column":41}},"99":{"start":{"line":248,"column":27},"end":{"line":248,"column":51}},"100":{"start":{"line":250,"column":6},"end":{"line":266,"column":7}},"101":{"start":{"line":251,"column":8},"end":{"line":256,"column":10}},"102":{"start":{"line":258,"column":22},"end":{"line":258,"column":74}},"103":{"start":{"line":258,"column":61},"end":{"line":258,"column":73}},"104":{"start":{"line":259,"column":31},"end":{"line":264,"column":10}},"105":{"start":{"line":259,"column":49},"end":{"line":263,"column":null}},"106":{"start":{"line":265,"column":8},"end":{"line":265,"column":45}},"107":{"start":{"line":269,"column":21},"end":{"line":271,"column":25}},"108":{"start":{"line":272,"column":18},"end":{"line":272,"column":49}},"109":{"start":{"line":274,"column":17},"end":{"line":279,"column":21}},"110":{"start":{"line":281,"column":4},"end":{"line":287,"column":6}},"111":{"start":{"line":291,"column":19},"end":{"line":291,"column":36}},"112":{"start":{"line":292,"column":27},"end":{"line":292,"column":36}},"113":{"start":{"line":294,"column":4},"end":{"line":313,"column":5}},"114":{"start":{"line":295,"column":28},"end":{"line":295,"column":41}},"115":{"start":{"line":296,"column":27},"end":{"line":296,"column":51}},"116":{"start":{"line":298,"column":6},"end":{"line":312,"column":7}},"117":{"start":{"line":299,"column":8},"end":{"line":302,"column":10}},"118":{"start":{"line":304,"column":22},"end":{"line":304,"column":74}},"119":{"start":{"line":304,"column":61},"end":{"line":304,"column":73}},"120":{"start":{"line":305,"column":31},"end":{"line":310,"column":10}},"121":{"start":{"line":305,"column":49},"end":{"line":309,"column":null}},"122":{"start":{"line":311,"column":8},"end":{"line":311,"column":45}},"123":{"start":{"line":315,"column":21},"end":{"line":317,"column":25}},"124":{"start":{"line":318,"column":18},"end":{"line":318,"column":49}},"125":{"start":{"line":320,"column":17},"end":{"line":325,"column":21}},"126":{"start":{"line":327,"column":4},"end":{"line":333,"column":6}},"127":{"start":{"line":337,"column":19},"end":{"line":337,"column":36}},"128":{"start":{"line":338,"column":27},"end":{"line":338,"column":36}},"129":{"start":{"line":340,"column":4},"end":{"line":355,"column":5}},"130":{"start":{"line":341,"column":28},"end":{"line":341,"column":41}},"131":{"start":{"line":342,"column":20},"end":{"line":342,"column":72}},"132":{"start":{"line":342,"column":59},"end":{"line":342,"column":71}},"133":{"start":{"line":344,"column":29},"end":{"line":353,"column":8}},"134":{"start":{"line":344,"column":47},"end":{"line":352,"column":null}},"135":{"start":{"line":354,"column":6},"end":{"line":354,"column":43}},"136":{"start":{"line":357,"column":21},"end":{"line":359,"column":25}},"137":{"start":{"line":360,"column":18},"end":{"line":360,"column":49}},"138":{"start":{"line":362,"column":17},"end":{"line":367,"column":21}},"139":{"start":{"line":369,"column":4},"end":{"line":375,"column":6}},"140":{"start":{"line":380,"column":19},"end":{"line":380,"column":36}},"141":{"start":{"line":381,"column":27},"end":{"line":381,"column":36}},"142":{"start":{"line":383,"column":4},"end":{"line":396,"column":5}},"143":{"start":{"line":384,"column":28},"end":{"line":384,"column":41}},"144":{"start":{"line":385,"column":20},"end":{"line":385,"column":72}},"145":{"start":{"line":385,"column":59},"end":{"line":385,"column":71}},"146":{"start":{"line":387,"column":29},"end":{"line":394,"column":8}},"147":{"start":{"line":387,"column":47},"end":{"line":393,"column":null}},"148":{"start":{"line":395,"column":6},"end":{"line":395,"column":43}},"149":{"start":{"line":398,"column":22},"end":{"line":414,"column":77}},"150":{"start":{"line":416,"column":4},"end":{"line":418,"column":5}},"151":{"start":{"line":417,"column":6},"end":{"line":417,"column":35}},"152":{"start":{"line":421,"column":23},"end":{"line":424,"column":79}},"153":{"start":{"line":426,"column":4},"end":{"line":426,"column":61}},"154":{"start":{"line":426,"column":31},"end":{"line":426,"column":61}},"155":{"start":{"line":428,"column":21},"end":{"line":428,"column":37}},"156":{"start":{"line":429,"column":18},"end":{"line":429,"column":49}},"157":{"start":{"line":431,"column":17},"end":{"line":433,"column":21}},"158":{"start":{"line":436,"column":26},"end":{"line":446,"column":7}},"159":{"start":{"line":436,"column":41},"end":{"line":446,"column":6}},"160":{"start":{"line":448,"column":4},"end":{"line":454,"column":6}},"161":{"start":{"line":458,"column":20},"end":{"line":458,"column":44}},"162":{"start":{"line":459,"column":4},"end":{"line":459,"column":28}},"163":{"start":{"line":459,"column":18},"end":{"line":459,"column":28}},"164":{"start":{"line":462,"column":24},"end":{"line":475,"column":13}},"165":{"start":{"line":477,"column":20},"end":{"line":477,"column":46}},"166":{"start":{"line":478,"column":4},"end":{"line":482,"column":5}},"167":{"start":{"line":479,"column":6},"end":{"line":479,"column":60}},"168":{"start":{"line":479,"column":29},"end":{"line":479,"column":60}},"169":{"start":{"line":480,"column":6},"end":{"line":480,"column":74}},"170":{"start":{"line":480,"column":36},"end":{"line":480,"column":74}},"171":{"start":{"line":481,"column":6},"end":{"line":481,"column":70}},"172":{"start":{"line":481,"column":34},"end":{"line":481,"column":70}},"173":{"start":{"line":484,"column":17},"end":{"line":506,"column":76}},"174":{"start":{"line":508,"column":4},"end":{"line":508,"column":16}},"175":{"start":{"line":512,"column":20},"end":{"line":512,"column":44}},"176":{"start":{"line":513,"column":4},"end":{"line":513,"column":28}},"177":{"start":{"line":513,"column":18},"end":{"line":513,"column":28}},"178":{"start":{"line":515,"column":24},"end":{"line":524,"column":13}},"179":{"start":{"line":526,"column":20},"end":{"line":526,"column":46}},"180":{"start":{"line":527,"column":4},"end":{"line":527,"column":59}},"181":{"start":{"line":527,"column":28},"end":{"line":527,"column":59}},"182":{"start":{"line":529,"column":17},"end":{"line":551,"column":76}},"183":{"start":{"line":553,"column":4},"end":{"line":553,"column":16}},"184":{"start":{"line":558,"column":4},"end":{"line":558,"column":70}},"185":{"start":{"line":558,"column":20},"end":{"line":558,"column":70}},"186":{"start":{"line":559,"column":4},"end":{"line":559,"column":21}},"187":{"start":{"line":563,"column":4},"end":{"line":563,"column":25}},"188":{"start":{"line":567,"column":4},"end":{"line":569,"column":5}},"189":{"start":{"line":568,"column":6},"end":{"line":568,"column":93}},"190":{"start":{"line":570,"column":18},"end":{"line":570,"column":28}},"191":{"start":{"line":571,"column":4},"end":{"line":576,"column":5}},"192":{"start":{"line":572,"column":6},"end":{"line":572,"column":60}},"193":{"start":{"line":573,"column":6},"end":{"line":573,"column":61}},"194":{"start":{"line":575,"column":6},"end":{"line":575,"column":54}},"195":{"start":{"line":18,"column":13},"end":{"line":18,"column":28}},"196":{"start":{"line":18,"column":13},"end":{"line":578,"column":null}}},"fnMap":{"0":{"name":"(anonymous_13)","decl":{"start":{"line":33,"column":2},"end":{"line":33,"column":null}},"loc":{"start":{"line":34,"column":71},"end":{"line":35,"column":6}}},"1":{"name":"(anonymous_14)","decl":{"start":{"line":37,"column":2},"end":{"line":37,"column":7}},"loc":{"start":{"line":37,"column":97},"end":{"line":83,"column":3}}},"2":{"name":"(anonymous_15)","decl":{"start":{"line":85,"column":2},"end":{"line":85,"column":7}},"loc":{"start":{"line":85,"column":20},"end":{"line":146,"column":3}}},"3":{"name":"(anonymous_16)","decl":{"start":{"line":148,"column":2},"end":{"line":148,"column":7}},"loc":{"start":{"line":148,"column":23},"end":{"line":153,"column":3}}},"4":{"name":"(anonymous_17)","decl":{"start":{"line":156,"column":10},"end":{"line":156,"column":15}},"loc":{"start":{"line":156,"column":27},"end":{"line":168,"column":3}}},"5":{"name":"(anonymous_18)","decl":{"start":{"line":163,"column":31},"end":{"line":163,"column":34}},"loc":{"start":{"line":163,"column":38},"end":{"line":163,"column":52}}},"6":{"name":"(anonymous_19)","decl":{"start":{"line":170,"column":10},"end":{"line":170,"column":15}},"loc":{"start":{"line":170,"column":47},"end":{"line":182,"column":3}}},"7":{"name":"(anonymous_20)","decl":{"start":{"line":177,"column":31},"end":{"line":177,"column":34}},"loc":{"start":{"line":177,"column":38},"end":{"line":177,"column":53}}},"8":{"name":"(anonymous_21)","decl":{"start":{"line":185,"column":10},"end":{"line":185,"column":15}},"loc":{"start":{"line":185,"column":30},"end":{"line":237,"column":3}}},"9":{"name":"(anonymous_22)","decl":{"start":{"line":229,"column":25},"end":{"line":229,"column":30}},"loc":{"start":{"line":229,"column":35},"end":{"line":232,"column":12}}},"10":{"name":"(anonymous_23)","decl":{"start":{"line":242,"column":2},"end":{"line":242,"column":7}},"loc":{"start":{"line":242,"column":56},"end":{"line":288,"column":3}}},"11":{"name":"(anonymous_24)","decl":{"start":{"line":258,"column":56},"end":{"line":258,"column":57}},"loc":{"start":{"line":258,"column":61},"end":{"line":258,"column":73}}},"12":{"name":"(anonymous_25)","decl":{"start":{"line":259,"column":41},"end":{"line":259,"column":45}},"loc":{"start":{"line":259,"column":49},"end":{"line":263,"column":null}}},"13":{"name":"(anonymous_26)","decl":{"start":{"line":290,"column":2},"end":{"line":290,"column":7}},"loc":{"start":{"line":290,"column":56},"end":{"line":334,"column":3}}},"14":{"name":"(anonymous_27)","decl":{"start":{"line":304,"column":56},"end":{"line":304,"column":57}},"loc":{"start":{"line":304,"column":61},"end":{"line":304,"column":73}}},"15":{"name":"(anonymous_28)","decl":{"start":{"line":305,"column":41},"end":{"line":305,"column":45}},"loc":{"start":{"line":305,"column":49},"end":{"line":309,"column":null}}},"16":{"name":"(anonymous_29)","decl":{"start":{"line":336,"column":2},"end":{"line":336,"column":7}},"loc":{"start":{"line":336,"column":55},"end":{"line":376,"column":3}}},"17":{"name":"(anonymous_30)","decl":{"start":{"line":342,"column":54},"end":{"line":342,"column":55}},"loc":{"start":{"line":342,"column":59},"end":{"line":342,"column":71}}},"18":{"name":"(anonymous_31)","decl":{"start":{"line":344,"column":39},"end":{"line":344,"column":43}},"loc":{"start":{"line":344,"column":47},"end":{"line":352,"column":null}}},"19":{"name":"(anonymous_32)","decl":{"start":{"line":379,"column":2},"end":{"line":379,"column":7}},"loc":{"start":{"line":379,"column":58},"end":{"line":455,"column":3}}},"20":{"name":"(anonymous_33)","decl":{"start":{"line":385,"column":54},"end":{"line":385,"column":55}},"loc":{"start":{"line":385,"column":59},"end":{"line":385,"column":71}}},"21":{"name":"(anonymous_34)","decl":{"start":{"line":387,"column":39},"end":{"line":387,"column":43}},"loc":{"start":{"line":387,"column":47},"end":{"line":393,"column":null}}},"22":{"name":"(anonymous_35)","decl":{"start":{"line":436,"column":35},"end":{"line":436,"column":36}},"loc":{"start":{"line":436,"column":41},"end":{"line":446,"column":6}}},"23":{"name":"(anonymous_36)","decl":{"start":{"line":457,"column":2},"end":{"line":457,"column":7}},"loc":{"start":{"line":457,"column":47},"end":{"line":509,"column":3}}},"24":{"name":"(anonymous_37)","decl":{"start":{"line":511,"column":2},"end":{"line":511,"column":7}},"loc":{"start":{"line":511,"column":47},"end":{"line":554,"column":3}}},"25":{"name":"(anonymous_38)","decl":{"start":{"line":557,"column":2},"end":{"line":557,"column":12}},"loc":{"start":{"line":557,"column":12},"end":{"line":560,"column":3}}},"26":{"name":"(anonymous_39)","decl":{"start":{"line":562,"column":2},"end":{"line":562,"column":13}},"loc":{"start":{"line":562,"column":13},"end":{"line":564,"column":3}}},"27":{"name":"(anonymous_40)","decl":{"start":{"line":566,"column":2},"end":{"line":566,"column":7}},"loc":{"start":{"line":566,"column":25},"end":{"line":577,"column":3}}}},"branchMap":{"0":{"loc":{"start":{"line":38,"column":4},"end":{"line":40,"column":5}},"type":"if","locations":[{"start":{"line":38,"column":4},"end":{"line":40,"column":5}},{"start":{},"end":{}}]},"1":{"loc":{"start":{"line":38,"column":8},"end":{"line":38,"column":36}},"type":"binary-expr","locations":[{"start":{"line":38,"column":8},"end":{"line":38,"column":17}},{"start":{"line":38,"column":21},"end":{"line":38,"column":36}}]},"2":{"loc":{"start":{"line":42,"column":4},"end":{"line":42,"column":34}},"type":"if","locations":[{"start":{"line":42,"column":4},"end":{"line":42,"column":34}},{"start":{},"end":{}}]},"3":{"loc":{"start":{"line":46,"column":4},"end":{"line":49,"column":5}},"type":"if","locations":[{"start":{"line":46,"column":4},"end":{"line":49,"column":5}},{"start":{},"end":{}}]},"4":{"loc":{"start":{"line":46,"column":8},"end":{"line":46,"column":78}},"type":"binary-expr","locations":[{"start":{"line":46,"column":8},"end":{"line":46,"column":14}},{"start":{"line":46,"column":18},"end":{"line":46,"column":78}}]},"5":{"loc":{"start":{"line":47,"column":6},"end":{"line":47,"column":96}},"type":"if","locations":[{"start":{"line":47,"column":6},"end":{"line":47,"column":96}},{"start":{},"end":{}}]},"6":{"loc":{"start":{"line":61,"column":4},"end":{"line":64,"column":5}},"type":"if","locations":[{"start":{"line":61,"column":4},"end":{"line":64,"column":5}},{"start":{},"end":{}}]},"7":{"loc":{"start":{"line":77,"column":4},"end":{"line":80,"column":5}},"type":"if","locations":[{"start":{"line":77,"column":4},"end":{"line":80,"column":5}},{"start":{},"end":{}}]},"8":{"loc":{"start":{"line":87,"column":20},"end":{"line":87,"column":54}},"type":"binary-expr","locations":[{"start":{"line":87,"column":20},"end":{"line":87,"column":48}},{"start":{"line":87,"column":52},"end":{"line":87,"column":54}}]},"9":{"loc":{"start":{"line":88,"column":4},"end":{"line":90,"column":5}},"type":"if","locations":[{"start":{"line":88,"column":4},"end":{"line":90,"column":5}},{"start":{},"end":{}}]},"10":{"loc":{"start":{"line":94,"column":12},"end":{"line":94,"column":48}},"type":"binary-expr","locations":[{"start":{"line":94,"column":12},"end":{"line":94,"column":42}},{"start":{"line":94,"column":46},"end":{"line":94,"column":48}}]},"11":{"loc":{"start":{"line":95,"column":16},"end":{"line":95,"column":52}},"type":"binary-expr","locations":[{"start":{"line":95,"column":16},"end":{"line":95,"column":46}},{"start":{"line":95,"column":50},"end":{"line":95,"column":52}}]},"12":{"loc":{"start":{"line":96,"column":14},"end":{"line":96,"column":46}},"type":"binary-expr","locations":[{"start":{"line":96,"column":14},"end":{"line":96,"column":40}},{"start":{"line":96,"column":44},"end":{"line":96,"column":46}}]},"13":{"loc":{"start":{"line":97,"column":21},"end":{"line":97,"column":57}},"type":"binary-expr","locations":[{"start":{"line":97,"column":21},"end":{"line":97,"column":47}},{"start":{"line":97,"column":51},"end":{"line":97,"column":57}}]},"14":{"loc":{"start":{"line":98,"column":16},"end":{"line":98,"column":58}},"type":"binary-expr","locations":[{"start":{"line":98,"column":16},"end":{"line":98,"column":46}},{"start":{"line":98,"column":50},"end":{"line":98,"column":58}}]},"15":{"loc":{"start":{"line":119,"column":6},"end":{"line":121,"column":7}},"type":"if","locations":[{"start":{"line":119,"column":6},"end":{"line":121,"column":7}},{"start":{},"end":{}}]},"16":{"loc":{"start":{"line":124,"column":6},"end":{"line":126,"column":7}},"type":"if","locations":[{"start":{"line":124,"column":6},"end":{"line":126,"column":7}},{"start":{},"end":{}}]},"17":{"loc":{"start":{"line":129,"column":6},"end":{"line":131,"column":7}},"type":"if","locations":[{"start":{"line":129,"column":6},"end":{"line":131,"column":7}},{"start":{},"end":{}}]},"18":{"loc":{"start":{"line":149,"column":4},"end":{"line":152,"column":5}},"type":"if","locations":[{"start":{"line":149,"column":4},"end":{"line":152,"column":5}},{"start":{},"end":{}}]},"19":{"loc":{"start":{"line":157,"column":4},"end":{"line":157,"column":30}},"type":"if","locations":[{"start":{"line":157,"column":4},"end":{"line":157,"column":30}},{"start":{},"end":{}}]},"20":{"loc":{"start":{"line":159,"column":27},"end":{"line":159,"column":81}},"type":"cond-expr","locations":[{"start":{"line":159,"column":43},"end":{"line":159,"column":76}},{"start":{"line":159,"column":79},"end":{"line":159,"column":81}}]},"21":{"loc":{"start":{"line":171,"column":4},"end":{"line":171,"column":30}},"type":"if","locations":[{"start":{"line":171,"column":4},"end":{"line":171,"column":30}},{"start":{},"end":{}}]},"22":{"loc":{"start":{"line":173,"column":27},"end":{"line":173,"column":81}},"type":"cond-expr","locations":[{"start":{"line":173,"column":43},"end":{"line":173,"column":76}},{"start":{"line":173,"column":79},"end":{"line":173,"column":81}}]},"23":{"loc":{"start":{"line":192,"column":4},"end":{"line":195,"column":5}},"type":"if","locations":[{"start":{"line":192,"column":4},"end":{"line":195,"column":5}},{"start":{},"end":{}}]},"24":{"loc":{"start":{"line":215,"column":4},"end":{"line":236,"column":5}},"type":"if","locations":[{"start":{"line":215,"column":4},"end":{"line":236,"column":5}},{"start":{},"end":{}}]},"25":{"loc":{"start":{"line":227,"column":6},"end":{"line":234,"column":7}},"type":"if","locations":[{"start":{"line":227,"column":6},"end":{"line":234,"column":7}},{"start":{},"end":{}}]},"26":{"loc":{"start":{"line":242,"column":37},"end":{"line":242,"column":45}},"type":"default-arg","locations":[{"start":{"line":242,"column":44},"end":{"line":242,"column":45}}]},"27":{"loc":{"start":{"line":242,"column":47},"end":{"line":242,"column":56}},"type":"default-arg","locations":[{"start":{"line":242,"column":54},"end":{"line":242,"column":56}}]},"28":{"loc":{"start":{"line":246,"column":4},"end":{"line":267,"column":5}},"type":"if","locations":[{"start":{"line":246,"column":4},"end":{"line":267,"column":5}},{"start":{},"end":{}}]},"29":{"loc":{"start":{"line":250,"column":6},"end":{"line":266,"column":7}},"type":"if","locations":[{"start":{"line":250,"column":6},"end":{"line":266,"column":7}},{"start":{"line":257,"column":13},"end":{"line":266,"column":7}}]},"30":{"loc":{"start":{"line":272,"column":25},"end":{"line":272,"column":48}},"type":"binary-expr","locations":[{"start":{"line":272,"column":25},"end":{"line":272,"column":43}},{"start":{"line":272,"column":47},"end":{"line":272,"column":48}}]},"31":{"loc":{"start":{"line":290,"column":37},"end":{"line":290,"column":45}},"type":"default-arg","locations":[{"start":{"line":290,"column":44},"end":{"line":290,"column":45}}]},"32":{"loc":{"start":{"line":290,"column":47},"end":{"line":290,"column":56}},"type":"default-arg","locations":[{"start":{"line":290,"column":54},"end":{"line":290,"column":56}}]},"33":{"loc":{"start":{"line":294,"column":4},"end":{"line":313,"column":5}},"type":"if","locations":[{"start":{"line":294,"column":4},"end":{"line":313,"column":5}},{"start":{},"end":{}}]},"34":{"loc":{"start":{"line":298,"column":6},"end":{"line":312,"column":7}},"type":"if","locations":[{"start":{"line":298,"column":6},"end":{"line":312,"column":7}},{"start":{"line":303,"column":13},"end":{"line":312,"column":7}}]},"35":{"loc":{"start":{"line":318,"column":25},"end":{"line":318,"column":48}},"type":"binary-expr","locations":[{"start":{"line":318,"column":25},"end":{"line":318,"column":43}},{"start":{"line":318,"column":47},"end":{"line":318,"column":48}}]},"36":{"loc":{"start":{"line":336,"column":36},"end":{"line":336,"column":44}},"type":"default-arg","locations":[{"start":{"line":336,"column":43},"end":{"line":336,"column":44}}]},"37":{"loc":{"start":{"line":336,"column":46},"end":{"line":336,"column":55}},"type":"default-arg","locations":[{"start":{"line":336,"column":53},"end":{"line":336,"column":55}}]},"38":{"loc":{"start":{"line":340,"column":4},"end":{"line":355,"column":5}},"type":"if","locations":[{"start":{"line":340,"column":4},"end":{"line":355,"column":5}},{"start":{},"end":{}}]},"39":{"loc":{"start":{"line":360,"column":25},"end":{"line":360,"column":48}},"type":"binary-expr","locations":[{"start":{"line":360,"column":25},"end":{"line":360,"column":43}},{"start":{"line":360,"column":47},"end":{"line":360,"column":48}}]},"40":{"loc":{"start":{"line":379,"column":39},"end":{"line":379,"column":47}},"type":"default-arg","locations":[{"start":{"line":379,"column":46},"end":{"line":379,"column":47}}]},"41":{"loc":{"start":{"line":379,"column":49},"end":{"line":379,"column":58}},"type":"default-arg","locations":[{"start":{"line":379,"column":56},"end":{"line":379,"column":58}}]},"42":{"loc":{"start":{"line":383,"column":4},"end":{"line":396,"column":5}},"type":"if","locations":[{"start":{"line":383,"column":4},"end":{"line":396,"column":5}},{"start":{},"end":{}}]},"43":{"loc":{"start":{"line":416,"column":4},"end":{"line":418,"column":5}},"type":"if","locations":[{"start":{"line":416,"column":4},"end":{"line":418,"column":5}},{"start":{},"end":{}}]},"44":{"loc":{"start":{"line":416,"column":8},"end":{"line":416,"column":29}},"type":"binary-expr","locations":[{"start":{"line":416,"column":8},"end":{"line":416,"column":19}},{"start":{"line":416,"column":23},"end":{"line":416,"column":29}}]},"45":{"loc":{"start":{"line":426,"column":4},"end":{"line":426,"column":61}},"type":"if","locations":[{"start":{"line":426,"column":4},"end":{"line":426,"column":61}},{"start":{},"end":{}}]},"46":{"loc":{"start":{"line":426,"column":8},"end":{"line":426,"column":29}},"type":"binary-expr","locations":[{"start":{"line":426,"column":8},"end":{"line":426,"column":19}},{"start":{"line":426,"column":23},"end":{"line":426,"column":29}}]},"47":{"loc":{"start":{"line":429,"column":25},"end":{"line":429,"column":48}},"type":"binary-expr","locations":[{"start":{"line":429,"column":25},"end":{"line":429,"column":43}},{"start":{"line":429,"column":47},"end":{"line":429,"column":48}}]},"48":{"loc":{"start":{"line":443,"column":12},"end":{"line":443,"column":34}},"type":"binary-expr","locations":[{"start":{"line":443,"column":12},"end":{"line":443,"column":24}},{"start":{"line":443,"column":28},"end":{"line":443,"column":34}}]},"49":{"loc":{"start":{"line":444,"column":17},"end":{"line":444,"column":49}},"type":"binary-expr","locations":[{"start":{"line":444,"column":17},"end":{"line":444,"column":34}},{"start":{"line":444,"column":38},"end":{"line":444,"column":49}}]},"50":{"loc":{"start":{"line":445,"column":23},"end":{"line":445,"column":54}},"type":"binary-expr","locations":[{"start":{"line":445,"column":23},"end":{"line":445,"column":39}},{"start":{"line":445,"column":43},"end":{"line":445,"column":54}}]},"51":{"loc":{"start":{"line":458,"column":21},"end":{"line":458,"column":36}},"type":"binary-expr","locations":[{"start":{"line":458,"column":21},"end":{"line":458,"column":30}},{"start":{"line":458,"column":34},"end":{"line":458,"column":36}}]},"52":{"loc":{"start":{"line":459,"column":4},"end":{"line":459,"column":28}},"type":"if","locations":[{"start":{"line":459,"column":4},"end":{"line":459,"column":28}},{"start":{},"end":{}}]},"53":{"loc":{"start":{"line":478,"column":4},"end":{"line":482,"column":5}},"type":"if","locations":[{"start":{"line":478,"column":4},"end":{"line":482,"column":5}},{"start":{},"end":{}}]},"54":{"loc":{"start":{"line":479,"column":6},"end":{"line":479,"column":60}},"type":"if","locations":[{"start":{"line":479,"column":6},"end":{"line":479,"column":60}},{"start":{},"end":{}}]},"55":{"loc":{"start":{"line":480,"column":6},"end":{"line":480,"column":74}},"type":"if","locations":[{"start":{"line":480,"column":6},"end":{"line":480,"column":74}},{"start":{},"end":{}}]},"56":{"loc":{"start":{"line":481,"column":6},"end":{"line":481,"column":70}},"type":"if","locations":[{"start":{"line":481,"column":6},"end":{"line":481,"column":70}},{"start":{},"end":{}}]},"57":{"loc":{"start":{"line":512,"column":21},"end":{"line":512,"column":36}},"type":"binary-expr","locations":[{"start":{"line":512,"column":21},"end":{"line":512,"column":30}},{"start":{"line":512,"column":34},"end":{"line":512,"column":36}}]},"58":{"loc":{"start":{"line":513,"column":4},"end":{"line":513,"column":28}},"type":"if","locations":[{"start":{"line":513,"column":4},"end":{"line":513,"column":28}},{"start":{},"end":{}}]},"59":{"loc":{"start":{"line":527,"column":4},"end":{"line":527,"column":59}},"type":"if","locations":[{"start":{"line":527,"column":4},"end":{"line":527,"column":59}},{"start":{},"end":{}}]},"60":{"loc":{"start":{"line":558,"column":4},"end":{"line":558,"column":70}},"type":"if","locations":[{"start":{"line":558,"column":4},"end":{"line":558,"column":70}},{"start":{},"end":{}}]},"61":{"loc":{"start":{"line":567,"column":4},"end":{"line":569,"column":5}},"type":"if","locations":[{"start":{"line":567,"column":4},"end":{"line":569,"column":5}},{"start":{},"end":{}}]},"62":{"loc":{"start":{"line":567,"column":8},"end":{"line":567,"column":42}},"type":"binary-expr","locations":[{"start":{"line":567,"column":8},"end":{"line":567,"column":18}},{"start":{"line":567,"column":22},"end":{"line":567,"column":42}}]},"63":{"loc":{"start":{"line":34,"column":48},"end":{"line":34,"column":71}},"type":"cond-expr","locations":[{"start":{"line":34,"column":66},"end":{"line":34,"column":71}},{"start":{"line":34,"column":66},"end":{"line":34,"column":71}}]},"64":{"loc":{"start":{"line":34,"column":48},"end":{"line":34,"column":66}},"type":"binary-expr","locations":[{"start":{"line":34,"column":48},"end":{"line":34,"column":71}},{"start":{"line":34,"column":48},"end":{"line":34,"column":66}}]}},"s":{"0":3,"1":3,"2":3,"3":3,"4":3,"5":3,"6":3,"7":3,"8":3,"9":0,"10":0,"11":0,"12":0,"13":0,"14":0,"15":0,"16":0,"17":0,"18":0,"19":0,"20":0,"21":0,"22":0,"23":0,"24":0,"25":0,"26":0,"27":0,"28":0,"29":0,"30":0,"31":0,"32":0,"33":0,"34":0,"35":0,"36":0,"37":0,"38":0,"39":0,"40":0,"41":0,"42":0,"43":0,"44":0,"45":0,"46":0,"47":0,"48":0,"49":0,"50":0,"51":0,"52":0,"53":0,"54":0,"55":0,"56":0,"57":0,"58":0,"59":0,"60":0,"61":0,"62":0,"63":0,"64":0,"65":0,"66":0,"67":0,"68":0,"69":0,"70":0,"71":0,"72":0,"73":0,"74":0,"75":0,"76":0,"77":0,"78":0,"79":0,"80":0,"81":0,"82":0,"83":0,"84":0,"85":0,"86":0,"87":0,"88":0,"89":0,"90":0,"91":0,"92":0,"93":0,"94":0,"95":0,"96":0,"97":0,"98":0,"99":0,"100":0,"101":0,"102":0,"103":0,"104":0,"105":0,"106":0,"107":0,"108":0,"109":0,"110":0,"111":0,"112":0,"113":0,"114":0,"115":0,"116":0,"117":0,"118":0,"119":0,"120":0,"121":0,"122":0,"123":0,"124":0,"125":0,"126":0,"127":0,"128":0,"129":0,"130":0,"131":0,"132":0,"133":0,"134":0,"135":0,"136":0,"137":0,"138":0,"139":0,"140":0,"141":0,"142":0,"143":0,"144":0,"145":0,"146":0,"147":0,"148":0,"149":0,"150":0,"151":0,"152":0,"153":0,"154":0,"155":0,"156":0,"157":0,"158":0,"159":0,"160":0,"161":0,"162":0,"163":0,"164":0,"165":0,"166":0,"167":0,"168":0,"169":0,"170":0,"171":0,"172":0,"173":0,"174":0,"175":0,"176":0,"177":0,"178":0,"179":0,"180":0,"181":0,"182":0,"183":0,"184":0,"185":0,"186":0,"187":0,"188":0,"189":0,"190":0,"191":0,"192":0,"193":0,"194":0,"195":3,"196":3},"f":{"0":0,"1":0,"2":0,"3":0,"4":0,"5":0,"6":0,"7":0,"8":0,"9":0,"10":0,"11":0,"12":0,"13":0,"14":0,"15":0,"16":0,"17":0,"18":0,"19":0,"20":0,"21":0,"22":0,"23":0,"24":0,"25":0,"26":0,"27":0},"b":{"0":[0,0],"1":[0,0],"2":[0,0],"3":[0,0],"4":[0,0],"5":[0,0],"6":[0,0],"7":[0,0],"8":[0,0],"9":[0,0],"10":[0,0],"11":[0,0],"12":[0,0],"13":[0,0],"14":[0,0],"15":[0,0],"16":[0,0],"17":[0,0],"18":[0,0],"19":[0,0],"20":[0,0],"21":[0,0],"22":[0,0],"23":[0,0],"24":[0,0],"25":[0,0],"26":[0],"27":[0],"28":[0,0],"29":[0,0],"30":[0,0],"31":[0],"32":[0],"33":[0,0],"34":[0,0],"35":[0,0],"36":[0],"37":[0],"38":[0,0],"39":[0,0],"40":[0],"41":[0],"42":[0,0],"43":[0,0],"44":[0,0],"45":[0,0],"46":[0,0],"47":[0,0],"48":[0,0],"49":[0,0],"50":[0,0],"51":[0,0],"52":[0,0],"53":[0,0],"54":[0,0],"55":[0,0],"56":[0,0],"57":[0,0],"58":[0,0],"59":[0,0],"60":[0,0],"61":[0,0],"62":[0,0],"63":[3,0],"64":[3,3]}}
,"C:\\Users\\ricardo.dias\\develop\\projetos\\nexus-core\\apps\\backend\\src\\academic\\dto\\academic-query.dto.ts": {"path":"C:\\Users\\ricardo.dias\\develop\\projetos\\nexus-core\\apps\\backend\\src\\academic\\dto\\academic-query.dto.ts","statementMap":{"0":{"start":{"line":1,"column":0},"end":{"line":1,"column":67}},"1":{"start":{"line":2,"column":0},"end":{"line":2,"column":41}},"2":{"start":{"line":13,"column":17},"end":{"line":13,"column":18}},"3":{"start":{"line":19,"column":17},"end":{"line":19,"column":19}},"4":{"start":{"line":4,"column":0},"end":{"line":4,"column":13}},"5":{"start":{"line":7,"column":2},"end":{"line":7,"column":null}},"6":{"start":{"line":13,"column":2},"end":{"line":13,"column":null}},"7":{"start":{"line":10,"column":14},"end":{"line":10,"column":20}},"8":{"start":{"line":19,"column":2},"end":{"line":19,"column":null}},"9":{"start":{"line":16,"column":14},"end":{"line":16,"column":20}}},"fnMap":{"0":{"name":"(anonymous_2)","decl":{"start":{"line":10,"column":8},"end":{"line":10,"column":11}},"loc":{"start":{"line":10,"column":14},"end":{"line":10,"column":20}}},"1":{"name":"(anonymous_3)","decl":{"start":{"line":16,"column":8},"end":{"line":16,"column":11}},"loc":{"start":{"line":16,"column":14},"end":{"line":16,"column":20}}}},"branchMap":{},"s":{"0":1,"1":1,"2":0,"3":0,"4":1,"5":1,"6":1,"7":0,"8":1,"9":0},"f":{"0":0,"1":0},"b":{}}
,"C:\\Users\\ricardo.dias\\develop\\projetos\\nexus-core\\apps\\backend\\src\\auth\\auth.controller.ts": {"path":"C:\\Users\\ricardo.dias\\develop\\projetos\\nexus-core\\apps\\backend\\src\\auth\\auth.controller.ts","statementMap":{"0":{"start":{"line":1,"column":0},"end":{"line":1,"column":78}},"1":{"start":{"line":2,"column":0},"end":{"line":2,"column":45}},"2":{"start":{"line":3,"column":0},"end":{"line":3,"column":44}},"3":{"start":{"line":4,"column":0},"end":{"line":4,"column":43}},"4":{"start":{"line":7,"column":7},"end":{"line":17,"column":null}},"5":{"start":{"line":8,"column":22},"end":{"line":8,"column":35}},"6":{"start":{"line":14,"column":23},"end":{"line":14,"column":72}},"7":{"start":{"line":15,"column":4},"end":{"line":15,"column":66}},"8":{"start":{"line":7,"column":13},"end":{"line":7,"column":27}},"9":{"start":{"line":13,"column":2},"end":{"line":16,"column":null}},"10":{"start":{"line":7,"column":13},"end":{"line":17,"column":null}}},"fnMap":{"0":{"name":"(anonymous_4)","decl":{"start":{"line":8,"column":2},"end":{"line":8,"column":22}},"loc":{"start":{"line":8,"column":46},"end":{"line":8,"column":50}}},"1":{"name":"(anonymous_5)","decl":{"start":{"line":13,"column":2},"end":{"line":13,"column":8}},"loc":{"start":{"line":13,"column":36},"end":{"line":16,"column":3}}}},"branchMap":{"0":{"loc":{"start":{"line":14,"column":24},"end":{"line":14,"column":64}},"type":"binary-expr","locations":[{"start":{"line":14,"column":24},"end":{"line":14,"column":39}},{"start":{"line":14,"column":43},"end":{"line":14,"column":58}},{"start":{"line":14,"column":62},"end":{"line":14,"column":64}}]},"1":{"loc":{"start":{"line":13,"column":28},"end":{"line":13,"column":null}},"type":"cond-expr","locations":[{"start":{"line":13,"column":36},"end":{"line":13,"column":null}},{"start":{"line":13,"column":36},"end":{"line":13,"column":null}}]},"2":{"loc":{"start":{"line":13,"column":28},"end":{"line":13,"column":36}},"type":"binary-expr","locations":[{"start":{"line":13,"column":28},"end":{"line":13,"column":null}},{"start":{"line":13,"column":28},"end":{"line":13,"column":36}}]},"3":{"loc":{"start":{"line":8,"column":35},"end":{"line":8,"column":49}},"type":"cond-expr","locations":[{"start":{"line":8,"column":46},"end":{"line":8,"column":49}},{"start":{"line":8,"column":46},"end":{"line":8,"column":49}}]},"4":{"loc":{"start":{"line":8,"column":35},"end":{"line":8,"column":46}},"type":"binary-expr","locations":[{"start":{"line":8,"column":35},"end":{"line":8,"column":49}},{"start":{"line":8,"column":35},"end":{"line":8,"column":46}}]}},"s":{"0":1,"1":1,"2":1,"3":1,"4":1,"5":3,"6":2,"7":2,"8":1,"9":1,"10":1},"f":{"0":3,"1":2},"b":{"0":[2,1,0],"1":[1,0],"2":[1,1],"3":[1,0],"4":[1,1]}}
,"C:\\Users\\ricardo.dias\\develop\\projetos\\nexus-core\\apps\\backend\\src\\auth\\auth.module.ts": {"path":"C:\\Users\\ricardo.dias\\develop\\projetos\\nexus-core\\apps\\backend\\src\\auth\\auth.module.ts","statementMap":{"0":{"start":{"line":1,"column":0},"end":{"line":1,"column":40}},"1":{"start":{"line":2,"column":0},"end":{"line":2,"column":45}},"2":{"start":{"line":3,"column":0},"end":{"line":3,"column":51}},"3":{"start":{"line":4,"column":0},"end":{"line":4,"column":40}},"4":{"start":{"line":17,"column":7},"end":{"line":17,"column":null}},"5":{"start":{"line":17,"column":13},"end":{"line":17,"column":23}},"6":{"start":{"line":17,"column":13},"end":{"line":17,"column":null}}},"fnMap":{},"branchMap":{"0":{"loc":{"start":{"line":10,"column":14},"end":{"line":10,"column":63}},"type":"binary-expr","locations":[{"start":{"line":10,"column":14},"end":{"line":10,"column":36}},{"start":{"line":10,"column":40},"end":{"line":10,"column":63}}]}},"s":{"0":0,"1":0,"2":0,"3":0,"4":0,"5":0,"6":0},"f":{},"b":{"0":[0,0]}}
,"C:\\Users\\ricardo.dias\\develop\\projetos\\nexus-core\\apps\\backend\\src\\auth\\auth.service.ts": {"path":"C:\\Users\\ricardo.dias\\develop\\projetos\\nexus-core\\apps\\backend\\src\\auth\\auth.service.ts","statementMap":{"0":{"start":{"line":1,"column":0},"end":{"line":1,"column":75}},"1":{"start":{"line":2,"column":0},"end":{"line":2,"column":50}},"2":{"start":{"line":3,"column":0},"end":{"line":3,"column":61}},"3":{"start":{"line":4,"column":0},"end":{"line":4,"column":57}},"4":{"start":{"line":5,"column":0},"end":{"line":5,"column":37}},"5":{"start":{"line":6,"column":0},"end":{"line":6,"column":56}},"6":{"start":{"line":7,"column":0},"end":{"line":7,"column":41}},"7":{"start":{"line":10,"column":7},"end":{"line":58,"column":null}},"8":{"start":{"line":12,"column":44},"end":{"line":12,"column":48}},"9":{"start":{"line":13,"column":12},"end":{"line":13,"column":24}},"10":{"start":{"line":17,"column":23},"end":{"line":20,"column":15}},"11":{"start":{"line":22,"column":4},"end":{"line":24,"column":5}},"12":{"start":{"line":23,"column":6},"end":{"line":23,"column":63}},"13":{"start":{"line":26,"column":17},"end":{"line":26,"column":30}},"14":{"start":{"line":27,"column":20},"end":{"line":27,"column":71}},"15":{"start":{"line":28,"column":4},"end":{"line":30,"column":5}},"16":{"start":{"line":29,"column":6},"end":{"line":29,"column":63}},"17":{"start":{"line":32,"column":4},"end":{"line":34,"column":5}},"18":{"start":{"line":33,"column":6},"end":{"line":33,"column":57}},"19":{"start":{"line":36,"column":24},"end":{"line":39,"column":44}},"20":{"start":{"line":41,"column":25},"end":{"line":41,"column":78}},"21":{"start":{"line":41,"column":47},"end":{"line":41,"column":77}},"22":{"start":{"line":43,"column":23},"end":{"line":43,"column":57}},"23":{"start":{"line":43,"column":44},"end":{"line":43,"column":56}},"24":{"start":{"line":45,"column":20},"end":{"line":45,"column":97}},"25":{"start":{"line":46,"column":4},"end":{"line":56,"column":6}},"26":{"start":{"line":10,"column":13},"end":{"line":10,"column":24}},"27":{"start":{"line":10,"column":13},"end":{"line":58,"column":null}}},"fnMap":{"0":{"name":"(anonymous_4)","decl":{"start":{"line":11,"column":2},"end":{"line":11,"column":null}},"loc":{"start":{"line":13,"column":34},"end":{"line":14,"column":6}}},"1":{"name":"(anonymous_5)","decl":{"start":{"line":16,"column":2},"end":{"line":16,"column":7}},"loc":{"start":{"line":16,"column":41},"end":{"line":57,"column":3}}},"2":{"name":"(anonymous_6)","decl":{"start":{"line":41,"column":42},"end":{"line":41,"column":43}},"loc":{"start":{"line":41,"column":47},"end":{"line":41,"column":77}}},"3":{"name":"(anonymous_7)","decl":{"start":{"line":43,"column":39},"end":{"line":43,"column":40}},"loc":{"start":{"line":43,"column":44},"end":{"line":43,"column":56}}}},"branchMap":{"0":{"loc":{"start":{"line":22,"column":4},"end":{"line":24,"column":5}},"type":"if","locations":[{"start":{"line":22,"column":4},"end":{"line":24,"column":5}},{"start":{},"end":{}}]},"1":{"loc":{"start":{"line":28,"column":4},"end":{"line":30,"column":5}},"type":"if","locations":[{"start":{"line":28,"column":4},"end":{"line":30,"column":5}},{"start":{},"end":{}}]},"2":{"loc":{"start":{"line":32,"column":4},"end":{"line":34,"column":5}},"type":"if","locations":[{"start":{"line":32,"column":4},"end":{"line":34,"column":5}},{"start":{},"end":{}}]},"3":{"loc":{"start":{"line":12,"column":48},"end":{"line":12,"column":71}},"type":"cond-expr","locations":[{"start":{"line":12,"column":66},"end":{"line":12,"column":71}},{"start":{"line":12,"column":66},"end":{"line":12,"column":71}}]},"4":{"loc":{"start":{"line":12,"column":48},"end":{"line":12,"column":66}},"type":"binary-expr","locations":[{"start":{"line":12,"column":48},"end":{"line":12,"column":71}},{"start":{"line":12,"column":48},"end":{"line":12,"column":66}}]},"5":{"loc":{"start":{"line":12,"column":66},"end":{"line":13,"column":null}},"type":"cond-expr","locations":[{"start":{"line":13,"column":34},"end":{"line":13,"column":null}},{"start":{"line":13,"column":34},"end":{"line":13,"column":null}}]},"6":{"loc":{"start":{"line":12,"column":66},"end":{"line":13,"column":34}},"type":"binary-expr","locations":[{"start":{"line":12,"column":66},"end":{"line":13,"column":null}},{"start":{"line":13,"column":24},"end":{"line":13,"column":34}}]}},"s":{"0":2,"1":2,"2":2,"3":2,"4":2,"5":2,"6":2,"7":2,"8":3,"9":3,"10":3,"11":3,"12":0,"13":3,"14":3,"15":3,"16":1,"17":2,"18":0,"19":2,"20":2,"21":2,"22":2,"23":2,"24":2,"25":2,"26":2,"27":2},"f":{"0":3,"1":3,"2":2,"3":2},"b":{"0":[0,3],"1":[1,2],"2":[0,2],"3":[2,0],"4":[2,2],"5":[2,0],"6":[2,2]}}
[...]
5,"column":44}},"19":{"start":{"line":36,"column":36},"end":{"line":47,"column":6}},"20":{"start":{"line":49,"column":25},"end":{"line":49,"column":74}},"21":{"start":{"line":50,"column":4},"end":{"line":54,"column":5}},"22":{"start":{"line":51,"column":19},"end":{"line":51,"column":53}},"23":{"start":{"line":52,"column":6},"end":{"line":52,"column":48}},"24":{"start":{"line":53,"column":6},"end":{"line":53,"column":41}},"25":{"start":{"line":56,"column":26},"end":{"line":56,"column":75}},"26":{"start":{"line":57,"column":4},"end":{"line":61,"column":5}},"27":{"start":{"line":58,"column":19},"end":{"line":58,"column":54}},"28":{"start":{"line":59,"column":6},"end":{"line":59,"column":48}},"29":{"start":{"line":60,"column":6},"end":{"line":60,"column":42}},"30":{"start":{"line":63,"column":4},"end":{"line":67,"column":8}},"31":{"start":{"line":63,"column":32},"end":{"line":67,"column":6}},"32":{"start":{"line":71,"column":4},"end":{"line":71,"column":39}},"33":{"start":{"line":72,"column":17},"end":{"line":72,"column":88}},"34":{"start":{"line":73,"column":4},"end":{"line":73,"column":70}},"35":{"start":{"line":73,"column":27},"end":{"line":73,"column":70}},"36":{"start":{"line":75,"column":22},"end":{"line":78,"column":43}},"37":{"start":{"line":80,"column":23},"end":{"line":83,"column":50}},"38":{"start":{"line":85,"column":4},"end":{"line":89,"column":6}},"39":{"start":{"line":87,"column":35},"end":{"line":87,"column":39}},"40":{"start":{"line":88,"column":37},"end":{"line":88,"column":41}},"41":{"start":{"line":93,"column":4},"end":{"line":93,"column":39}},"42":{"start":{"line":94,"column":77},"end":{"line":94,"column":81}},"43":{"start":{"line":96,"column":4},"end":{"line":98,"column":5}},"44":{"start":{"line":97,"column":6},"end":{"line":97,"column":64}},"45":{"start":{"line":100,"column":27},"end":{"line":100,"column":62}},"46":{"start":{"line":102,"column":4},"end":{"line":117,"column":7}},"47":{"start":{"line":103,"column":24},"end":{"line":109,"column":20}},"48":{"start":{"line":111,"column":6},"end":{"line":113,"column":7}},"49":{"start":{"line":112,"column":8},"end":{"line":112,"column":102}},"50":{"start":{"line":112,"column":63},"end":{"line":112,"column":98}},"51":{"start":{"line":114,"column":6},"end":{"line":116,"column":7}},"52":{"start":{"line":115,"column":8},"end":{"line":115,"column":117}},"53":{"start":{"line":115,"column":71},"end":{"line":115,"column":113}},"54":{"start":{"line":119,"column":4},"end":{"line":119,"column":29}},"55":{"start":{"line":123,"column":4},"end":{"line":123,"column":39}},"56":{"start":{"line":124,"column":77},"end":{"line":124,"column":81}},"57":{"start":{"line":126,"column":48},"end":{"line":131,"column":6}},"58":{"start":{"line":132,"column":4},"end":{"line":134,"column":5}},"59":{"start":{"line":133,"column":6},"end":{"line":133,"column":64}},"60":{"start":{"line":136,"column":4},"end":{"line":148,"column":7}},"61":{"start":{"line":137,"column":6},"end":{"line":137,"column":73}},"62":{"start":{"line":139,"column":6},"end":{"line":139,"column":71}},"63":{"start":{"line":140,"column":6},"end":{"line":142,"column":7}},"64":{"start":{"line":141,"column":8},"end":{"line":141,"column":90}},"65":{"start":{"line":141,"column":63},"end":{"line":141,"column":86}},"66":{"start":{"line":144,"column":6},"end":{"line":144,"column":85}},"67":{"start":{"line":145,"column":6},"end":{"line":147,"column":7}},"68":{"start":{"line":146,"column":8},"end":{"line":146,"column":105}},"69":{"start":{"line":146,"column":71},"end":{"line":146,"column":101}},"70":{"start":{"line":150,"column":4},"end":{"line":152,"column":5}},"71":{"start":{"line":151,"column":6},"end":{"line":151,"column":65}},"72":{"start":{"line":153,"column":4},"end":{"line":153,"column":33}},"73":{"start":{"line":155,"column":4},"end":{"line":155,"column":29}},"74":{"start":{"line":159,"column":4},"end":{"line":159,"column":39}},"75":{"start":{"line":160,"column":4},"end":{"line":160,"column":78}},"76":{"start":{"line":162,"column":4},"end":{"line":164,"column":5}},"77":{"start":{"line":163,"column":6},"end":{"line":163,"column":65}},"78":{"start":{"line":165,"column":4},"end":{"line":165,"column":33}},"79":{"start":{"line":167,"column":4},"end":{"line":167,"column":29}},"80":{"start":{"line":171,"column":4},"end":{"line":171,"column":39}},"81":{"start":{"line":172,"column":4},"end":{"line":172,"column":60}},"82":{"start":{"line":174,"column":4},"end":{"line":176,"column":5}},"83":{"start":{"line":175,"column":6},"end":{"line":175,"column":65}},"84":{"start":{"line":177,"column":4},"end":{"line":177,"column":33}},"85":{"start":{"line":179,"column":4},"end":{"line":179,"column":29}},"86":{"start":{"line":17,"column":13},"end":{"line":17,"column":25}},"87":{"start":{"line":17,"column":13},"end":{"line":181,"column":null}}},"fnMap":{"0":{"name":"(anonymous_4)","decl":{"start":{"line":18,"column":2},"end":{"line":18,"column":null}},"loc":{"start":{"line":20,"column":60},"end":{"line":21,"column":6}}},"1":{"name":"(anonymous_5)","decl":{"start":{"line":23,"column":10},"end":{"line":23,"column":26}},"loc":{"start":{"line":23,"column":45},"end":{"line":27,"column":3}}},"2":{"name":"(anonymous_6)","decl":{"start":{"line":29,"column":2},"end":{"line":29,"column":7}},"loc":{"start":{"line":29,"column":34},"end":{"line":68,"column":3}}},"3":{"name":"(anonymous_7)","decl":{"start":{"line":35,"column":33},"end":{"line":35,"column":34}},"loc":{"start":{"line":35,"column":40},"end":{"line":35,"column":44}}},"4":{"name":"(anonymous_8)","decl":{"start":{"line":63,"column":24},"end":{"line":63,"column":25}},"loc":{"start":{"line":63,"column":32},"end":{"line":67,"column":6}}},"5":{"name":"(anonymous_9)","decl":{"start":{"line":70,"column":2},"end":{"line":70,"column":7}},"loc":{"start":{"line":70,"column":63},"end":{"line":90,"column":3}}},"6":{"name":"(anonymous_10)","decl":{"start":{"line":87,"column":30},"end":{"line":87,"column":31}},"loc":{"start":{"line":87,"column":35},"end":{"line":87,"column":39}}},"7":{"name":"(anonymous_11)","decl":{"start":{"line":88,"column":32},"end":{"line":88,"column":33}},"loc":{"start":{"line":88,"column":37},"end":{"line":88,"column":41}}},"8":{"name":"(anonymous_12)","decl":{"start":{"line":92,"column":2},"end":{"line":92,"column":7}},"loc":{"start":{"line":92,"column":54},"end":{"line":120,"column":3}}},"9":{"name":"(anonymous_13)","decl":{"start":{"line":102,"column":30},"end":{"line":102,"column":35}},"loc":{"start":{"line":102,"column":43},"end":{"line":117,"column":5}}},"10":{"name":"(anonymous_14)","decl":{"start":{"line":112,"column":56},"end":{"line":112,"column":58}},"loc":{"start":{"line":112,"column":63},"end":{"line":112,"column":98}}},"11":{"name":"(anonymous_15)","decl":{"start":{"line":115,"column":64},"end":{"line":115,"column":66}},"loc":{"start":{"line":115,"column":71},"end":{"line":115,"column":113}}},"12":{"name":"(anonymous_16)","decl":{"start":{"line":122,"column":2},"end":{"line":122,"column":7}},"loc":{"start":{"line":122,"column":70},"end":{"line":156,"column":3}}},"13":{"name":"(anonymous_17)","decl":{"start":{"line":136,"column":30},"end":{"line":136,"column":35}},"loc":{"start":{"line":136,"column":43},"end":{"line":148,"column":5}}},"14":{"name":"(anonymous_18)","decl":{"start":{"line":141,"column":56},"end":{"line":141,"column":58}},"loc":{"start":{"line":141,"column":63},"end":{"line":141,"column":86}}},"15":{"name":"(anonymous_19)","decl":{"start":{"line":146,"column":64},"end":{"line":146,"column":66}},"loc":{"start":{"line":146,"column":71},"end":{"line":146,"column":101}}},"16":{"name":"(anonymous_20)","decl":{"start":{"line":158,"column":2},"end":{"line":158,"column":7}},"loc":{"start":{"line":158,"column":84},"end":{"line":168,"column":3}}},"17":{"name":"(anonymous_21)","decl":{"start":{"line":170,"column":2},"end":{"line":170,"column":7}},"loc":{"start":{"line":170,"column":59},"end":{"line":180,"column":3}}}},"branchMap":{"0":{"loc":{"start":{"line":24,"column":4},"end":{"line":26,"column":5}},"type":"if","locations":[{"start":{"line":24,"column":4},"end":{"line":26,"column":5}},{"start":{},"end":{}}]},"1":{"loc":{"start":{"line":33,"column":4},"end":{"line":33,"column":41}},"type":"if","locations":[{"start":{"line":33,"column":4},"end":{"line":33,"column":41}},{"start":{},"end":{}}]},"2":{"loc":{"start":{"line":51,"column":19},"end":{"line":51,"column":53}},"type":"binary-expr","locations":[{"start":{"line":51,"column":19},"end":{"line":51,"column":47}},{"start":{"line":51,"column":51},"end":{"line":51,"column":53}}]},"3":{"loc":{"start":{"line":58,"column":19},"end":{"line":58,"column":54}},"type":"binary-expr","locations":[{"start":{"line":58,"column":19},"end":{"line":58,"column":48}},{"start":{"line":58,"column":52},"end":{"line":58,"column":54}}]},"4":{"loc":{"start":{"line":65,"column":14},"end":{"line":65,"column":42}},"type":"binary-expr","locations":[{"start":{"line":65,"column":14},"end":{"line":65,"column":36}},{"start":{"line":65,"column":40},"end":{"line":65,"column":42}}]},"5":{"loc":{"start":{"line":66,"column":15},"end":{"line":66,"column":44}},"type":"binary-expr","locations":[{"start":{"line":66,"column":15},"end":{"line":66,"column":38}},{"start":{"line":66,"column":42},"end":{"line":66,"column":44}}]},"6":{"loc":{"start":{"line":73,"column":4},"end":{"line":73,"column":70}},"type":"if","locations":[{"start":{"line":73,"column":4},"end":{"line":73,"column":70}},{"start":{},"end":{}}]},"7":{"loc":{"start":{"line":96,"column":4},"end":{"line":98,"column":5}},"type":"if","locations":[{"start":{"line":96,"column":4},"end":{"line":98,"column":5}},{"start":{},"end":{}}]},"8":{"loc":{"start":{"line":96,"column":8},"end":{"line":96,"column":60}},"type":"binary-expr","locations":[{"start":{"line":96,"column":8},"end":{"line":96,"column":21}},{"start":{"line":96,"column":25},"end":{"line":96,"column":39}},{"start":{"line":96,"column":43},"end":{"line":96,"column":60}}]},"9":{"loc":{"start":{"line":107,"column":16},"end":{"line":107,"column":43}},"type":"binary-expr","locations":[{"start":{"line":107,"column":16},"end":{"line":107,"column":30}},{"start":{"line":107,"column":34},"end":{"line":107,"column":43}}]},"10":{"loc":{"start":{"line":108,"column":18},"end":{"line":108,"column":79}},"type":"binary-expr","locations":[{"start":{"line":108,"column":18},"end":{"line":108,"column":35}},{"start":{"line":108,"column":39},"end":{"line":108,"column":56}},{"start":{"line":108,"column":60},"end":{"line":108,"column":79}}]},"11":{"loc":{"start":{"line":111,"column":6},"end":{"line":113,"column":7}},"type":"if","locations":[{"start":{"line":111,"column":6},"end":{"line":113,"column":7}},{"start":{},"end":{}}]},"12":{"loc":{"start":{"line":111,"column":10},"end":{"line":111,"column":41}},"type":"binary-expr","locations":[{"start":{"line":111,"column":10},"end":{"line":111,"column":18}},{"start":{"line":111,"column":22},"end":{"line":111,"column":41}}]},"13":{"loc":{"start":{"line":114,"column":6},"end":{"line":116,"column":7}},"type":"if","locations":[{"start":{"line":114,"column":6},"end":{"line":116,"column":7}},{"start":{},"end":{}}]},"14":{"loc":{"start":{"line":114,"column":10},"end":{"line":114,"column":43}},"type":"binary-expr","locations":[{"start":{"line":114,"column":10},"end":{"line":114,"column":19}},{"start":{"line":114,"column":23},"end":{"line":114,"column":43}}]},"15":{"loc":{"start":{"line":129,"column":14},"end":{"line":129,"column":41}},"type":"binary-expr","locations":[{"start":{"line":129,"column":14},"end":{"line":129,"column":28}},{"start":{"line":129,"column":32},"end":{"line":129,"column":41}}]},"16":{"loc":{"start":{"line":130,"column":16},"end":{"line":130,"column":77}},"type":"binary-expr","locations":[{"start":{"line":130,"column":16},"end":{"line":130,"column":33}},{"start":{"line":130,"column":37},"end":{"line":130,"column":54}},{"start":{"line":130,"column":58},"end":{"line":130,"column":77}}]},"17":{"loc":{"start":{"line":132,"column":4},"end":{"line":134,"column":5}},"type":"if","locations":[{"start":{"line":132,"column":4},"end":{"line":134,"column":5}},{"start":{},"end":{}}]},"18":{"loc":{"start":{"line":140,"column":6},"end":{"line":142,"column":7}},"type":"if","locations":[{"start":{"line":140,"column":6},"end":{"line":142,"column":7}},{"start":{},"end":{}}]},"19":{"loc":{"start":{"line":140,"column":10},"end":{"line":140,"column":41}},"type":"binary-expr","locations":[{"start":{"line":140,"column":10},"end":{"line":140,"column":18}},{"start":{"line":140,"column":22},"end":{"line":140,"column":41}}]},"20":{"loc":{"start":{"line":145,"column":6},"end":{"line":147,"column":7}},"type":"if","locations":[{"start":{"line":145,"column":6},"end":{"line":147,"column":7}},{"start":{},"end":{}}]},"21":{"loc":{"start":{"line":145,"column":10},"end":{"line":145,"column":43}},"type":"binary-expr","locations":[{"start":{"line":145,"column":10},"end":{"line":145,"column":19}},{"start":{"line":145,"column":23},"end":{"line":145,"column":43}}]},"22":{"loc":{"start":{"line":150,"column":4},"end":{"line":152,"column":5}},"type":"if","locations":[{"start":{"line":150,"column":4},"end":{"line":152,"column":5}},{"start":{},"end":{}}]},"23":{"loc":{"start":{"line":162,"column":4},"end":{"line":164,"column":5}},"type":"if","locations":[{"start":{"line":162,"column":4},"end":{"line":164,"column":5}},{"start":{},"end":{}}]},"24":{"loc":{"start":{"line":174,"column":4},"end":{"line":176,"column":5}},"type":"if","locations":[{"start":{"line":174,"column":4},"end":{"line":176,"column":5}},{"start":{},"end":{}}]},"25":{"loc":{"start":{"line":19,"column":48},"end":{"line":19,"column":71}},"type":"cond-expr","locations":[{"start":{"line":19,"column":66},"end":{"line":19,"column":71}},{"start":{"line":19,"column":66},"end":{"line":19,"column":71}}]},"26":{"loc":{"start":{"line":19,"column":48},"end":{"line":19,"column":66}},"type":"binary-expr","locations":[{"start":{"line":19,"column":48},"end":{"line":19,"column":71}},{"start":{"line":19,"column":48},"end":{"line":19,"column":66}}]},"27":{"loc":{"start":{"line":19,"column":66},"end":{"line":20,"column":null}},"type":"cond-expr","locations":[{"start":{"line":20,"column":60},"end":{"line":20,"column":null}},{"start":{"line":20,"column":60},"end":{"line":20,"column":null}}]},"28":{"loc":{"start":{"line":19,"column":66},"end":{"line":20,"column":60}},"type":"binary-expr","locations":[{"start":{"line":19,"column":66},"end":{"line":20,"column":null}},{"start":{"line":20,"column":48},"end":{"line":20,"column":60}}]}},"s":{"0":2,"1":2,"2":2,"3":2,"4":2,"5":2,"6":2,"7":2,"8":2,"9":1,"10":1,"11":0,"12":0,"13":0,"14":0,"15":0,"16":0,"17":0,"18":0,"19":0,"20":0,"21":0,"22":0,"23":0,"24":0,"25":0,"26":0,"27":0,"28":0,"29":0,"30":0,"31":0,"32":0,"33":0,"34":0,"35":0,"36":0,"37":0,"38":0,"39":0,"40":0,"41":0,"42":0,"43":0,"44":0,"45":0,"46":0,"47":0,"48":0,"49":0,"50":0,"51":0,"52":0,"53":0,"54":0,"55":0,"56":0,"57":0,"58":0,"59":0,"60":0,"61":0,"62":0,"63":0,"64":0,"65":0,"66":0,"67":0,"68":0,"69":0,"70":0,"71":0,"72":0,"73":0,"74":0,"75":0,"76":0,"77":0,"78":0,"79":0,"80":0,"81":0,"82":0,"83":0,"84":0,"85":0,"86":2,"87":2},"f":{"0":1,"1":0,"2":0,"3":0,"4":0,"5":0,"6":0,"7":0,"8":0,"9":0,"10":0,"11":0,"12":0,"13":0,"14":0,"15":0,"16":0,"17":0},"b":{"0":[0,0],"1":[0,0],"2":[0,0],"3":[0,0],"4":[0,0],"5":[0,0],"6":[0,0],"7":[0,0],"8":[0,0,0],"9":[0,0],"10":[0,0,0],"11":[0,0],"12":[0,0],"13":[0,0],"14":[0,0],"15":[0,0],"16":[0,0,0],"17":[0,0],"18":[0,0],"19":[0,0],"20":[0,0],"21":[0,0],"22":[0,0],"23":[0,0],"24":[0,0],"25":[2,0],"26":[2,2],"27":[2,0],"28":[2,2]}}
,"C:\\Users\\ricardo.dias\\develop\\projetos\\nexus-core\\apps\\backend\\src\\users\\dto\\create-user.dto.ts": {"path":"C:\\Users\\ricardo.dias\\develop\\projetos\\nexus-core\\apps\\backend\\src\\users\\dto\\create-user.dto.ts","statementMap":{"0":{"start":{"line":1,"column":0},"end":{"line":1,"column":107}},"1":{"start":{"line":2,"column":0},"end":{"line":2,"column":46}},"2":{"start":{"line":4,"column":0},"end":{"line":4,"column":13}},"3":{"start":{"line":7,"column":2},"end":{"line":7,"column":null}},"4":{"start":{"line":11,"column":2},"end":{"line":11,"column":null}},"5":{"start":{"line":16,"column":2},"end":{"line":16,"column":null}},"6":{"start":{"line":20,"column":2},"end":{"line":20,"column":null}},"7":{"start":{"line":25,"column":2},"end":{"line":25,"column":null}},"8":{"start":{"line":23,"column":28},"end":{"line":23,"column":95}},"9":{"start":{"line":30,"column":2},"end":{"line":30,"column":null}},"10":{"start":{"line":35,"column":2},"end":{"line":35,"column":null}}},"fnMap":{"0":{"name":"(anonymous_2)","decl":{"start":{"line":23,"column":13},"end":{"line":23,"column":14}},"loc":{"start":{"line":23,"column":28},"end":{"line":23,"column":95}}}},"branchMap":{"0":{"loc":{"start":{"line":23,"column":28},"end":{"line":23,"column":95}},"type":"binary-expr","locations":[{"start":{"line":23,"column":28},"end":{"line":23,"column":42}},{"start":{"line":23,"column":46},"end":{"line":23,"column":62}},{"start":{"line":23,"column":66},"end":{"line":23,"column":80}},{"start":{"line":23,"column":84},"end":{"line":23,"column":95}}]}},"s":{"0":1,"1":1,"2":1,"3":1,"4":1,"5":1,"6":1,"7":1,"8":0,"9":1,"10":1},"f":{"0":0},"b":{"0":[0,0,0,0]}}
,"C:\\Users\\ricardo.dias\\develop\\projetos\\nexus-core\\apps\\backend\\src\\users\\dto\\toggle-active.dto.ts": {"path":"C:\\Users\\ricardo.dias\\develop\\projetos\\nexus-core\\apps\\backend\\src\\users\\dto\\toggle-active.dto.ts","statementMap":{"0":{"start":{"line":1,"column":0},"end":{"line":1,"column":44}},"1":{"start":{"line":2,"column":0},"end":{"line":2,"column":46}},"2":{"start":{"line":4,"column":0},"end":{"line":4,"column":13}},"3":{"start":{"line":7,"column":2},"end":{"line":7,"column":null}},"4":{"start":{"line":5,"column":28},"end":{"line":5,"column":77}}},"fnMap":{"0":{"name":"(anonymous_2)","decl":{"start":{"line":5,"column":13},"end":{"line":5,"column":14}},"loc":{"start":{"line":5,"column":28},"end":{"line":5,"column":77}}}},"branchMap":{"0":{"loc":{"start":{"line":5,"column":28},"end":{"line":5,"column":77}},"type":"binary-expr","locations":[{"start":{"line":5,"column":28},"end":{"line":5,"column":42}},{"start":{"line":5,"column":46},"end":{"line":5,"column":62}},{"start":{"line":5,"column":66},"end":{"line":5,"column":77}}]}},"s":{"0":1,"1":1,"2":1,"3":1,"4":0},"f":{"0":0},"b":{"0":[0,0,0]}}
,"C:\\Users\\ricardo.dias\\develop\\projetos\\nexus-core\\apps\\backend\\src\\users\\dto\\update-user.dto.ts": {"path":"C:\\Users\\ricardo.dias\\develop\\projetos\\nexus-core\\apps\\backend\\src\\users\\dto\\update-user.dto.ts","statementMap":{"0":{"start":{"line":1,"column":0},"end":{"line":1,"column":107}},"1":{"start":{"line":2,"column":0},"end":{"line":2,"column":46}},"2":{"start":{"line":4,"column":0},"end":{"line":4,"column":13}},"3":{"start":{"line":7,"column":2},"end":{"line":7,"column":null}},"4":{"start":{"line":11,"column":2},"end":{"line":11,"column":null}},"5":{"start":{"line":16,"column":2},"end":{"line":16,"column":null}},"6":{"start":{"line":20,"column":2},"end":{"line":20,"column":null}},"7":{"start":{"line":25,"column":2},"end":{"line":25,"column":null}},"8":{"start":{"line":23,"column":28},"end":{"line":23,"column":95}},"9":{"start":{"line":30,"column":2},"end":{"line":30,"column":null}},"10":{"start":{"line":35,"column":2},"end":{"line":35,"column":null}}},"fnMap":{"0":{"name":"(anonymous_2)","decl":{"start":{"line":23,"column":13},"end":{"line":23,"column":14}},"loc":{"start":{"line":23,"column":28},"end":{"line":23,"column":95}}}},"branchMap":{"0":{"loc":{"start":{"line":23,"column":28},"end":{"line":23,"column":95}},"type":"binary-expr","locations":[{"start":{"line":23,"column":28},"end":{"line":23,"column":42}},{"start":{"line":23,"column":46},"end":{"line":23,"column":62}},{"start":{"line":23,"column":66},"end":{"line":23,"column":80}},{"start":{"line":23,"column":84},"end":{"line":23,"column":95}}]}},"s":{"0":1,"1":1,"2":1,"3":1,"4":1,"5":1,"6":1,"7":1,"8":0,"9":1,"10":1},"f":{"0":0},"b":{"0":[0,0,0,0]}}
}
