TN:
SF:src\app.controller.ts
FN:7,(anonymous_2)
FN:11,(anonymous_3)
FNF:2
FNH:2
FNDA:1,(anonymous_2)
FNDA:1,(anonymous_3)
DA:1,1
DA:2,1
DA:3,1
DA:6,1
DA:7,1
DA:11,1
DA:12,1
LF:7
LH:7
BRDA:7,0,0,1
BRDA:7,0,1,0
BRDA:7,1,0,1
BRDA:7,1,1,1
BRF:4
BRH:3
end_of_record
TN:
SF:src\app.module.ts
FN:62,(anonymous_1)
FNF:1
FNH:0
FNDA:0,(anonymous_1)
DA:1,0
DA:2,0
DA:3,0
DA:4,0
DA:5,0
DA:6,0
DA:7,0
DA:8,0
DA:9,0
DA:10,0
DA:11,0
DA:12,0
DA:13,0
DA:14,0
DA:15,0
DA:16,0
DA:17,0
DA:18,0
DA:19,0
DA:20,0
DA:21,0
DA:22,0
DA:61,0
DA:63,0
LF:24
LH:0
BRF:0
BRH:0
end_of_record
TN:
SF:src\app.service.ts
FN:5,(anonymous_1)
FNF:1
FNH:1
FNDA:1,(anonymous_1)
DA:1,1
DA:4,1
DA:6,1
LF:3
LH:3
BRF:0
BRH:0
end_of_record
TN:
SF:src\main.ts
FN:11,bootstrap
FN:33,(anonymous_2)
FNF:2
FNH:0
FNDA:0,bootstrap
FNDA:0,(anonymous_2)
DA:1,0
DA:2,0
DA:3,0
DA:4,0
DA:5,0
DA:6,0
DA:7,0
DA:8,0
DA:9,0
DA:12,0
DA:13,0
DA:16,0
DA:24,0
DA:27,0
DA:28,0
DA:31,0
DA:32,0
DA:34,0
DA:52,0
DA:64,0
DA:66,0
DA:67,0
DA:68,0
DA:69,0
DA:71,0
LF:25
LH:0
BRDA:66,0,0,0
BRDA:66,0,1,0
BRDA:68,1,0,0
BRDA:68,1,1,0
BRF:4
BRH:0
end_of_record
TN:
SF:src\test_mat.ts
FN:3,run
FNF:1
FNH:0
FNDA:0,run
DA:1,0
DA:4,0
DA:13,0
DA:14,0
DA:15,0
DA:16,0
DA:17,0
DA:18,0
DA:20,0
LF:9
LH:0
BRF:0
BRH:0
end_of_record
TN:
SF:src\academic\academic-sync.service.ts
FN:20,(anonymous_4)
FN:26,(anonymous_5)
FN:32,(anonymous_6)
FN:58,(anonymous_7)
FN:77,(anonymous_8)
FN:112,(anonymous_9)
FN:134,(anonymous_10)
FN:143,(anonymous_11)
FN:157,(anonymous_12)
FN:177,(anonymous_13)
FN:179,(anonymous_14)
FN:202,(anonymous_15)
FN:264,(anonymous_16)
FNF:13
FNH:0
FNDA:0,(anonymous_4)
FNDA:0,(anonymous_5)
FNDA:0,(anonymous_6)
FNDA:0,(anonymous_7)
FNDA:0,(anonymous_8)
FNDA:0,(anonymous_9)
FNDA:0,(anonymous_10)
FNDA:0,(anonymous_11)
FNDA:0,(anonymous_12)
FNDA:0,(anonymous_13)
FNDA:0,(anonymous_14)
FNDA:0,(anonymous_15)
FNDA:0,(anonymous_16)
DA:1,1
DA:2,1
DA:3,1
DA:4,1
DA:5,1
DA:6,1
DA:7,1
DA:13,1
DA:16,1
DA:17,0
DA:18,0
DA:21,0
DA:22,0
DA:26,1
DA:27,0
DA:28,0
DA:33,0
DA:34,0
DA:35,0
DA:38,0
DA:39,0
DA:41,0
DA:42,0
DA:43,0
DA:45,0
DA:46,0
DA:47,0
DA:50,0
DA:52,0
DA:53,0
DA:56,0
DA:57,0
DA:58,0
DA:59,0
DA:69,0
DA:70,0
DA:72,0
DA:73,0
DA:74,0
DA:75,0
DA:76,0
DA:77,0
DA:112,0
DA:113,0
DA:114,0
DA:115,0
DA:119,0
DA:120,0
DA:123,0
DA:130,0
DA:131,0
DA:134,0
DA:135,0
DA:137,0
DA:139,0
DA:140,0
DA:141,0
DA:142,0
DA:143,0
DA:156,0
DA:157,0
DA:158,0
DA:160,0
DA:161,0
DA:162,0
DA:163,0
DA:164,0
DA:165,0
DA:168,0
DA:169,0
DA:171,0
DA:172,0
DA:173,0
DA:174,0
DA:175,0
DA:177,0
DA:179,0
DA:182,0
DA:185,0
DA:199,0
DA:200,0
DA:201,0
DA:202,0
DA:252,0
DA:261,0
DA:262,0
DA:263,0
DA:264,0
DA:294,0
DA:297,0
DA:300,0
DA:301,0
DA:303,0
DA:312,0
DA:313,0
DA:315,0
LF:96
LH:10
BRDA:33,0,0,0
BRDA:33,0,1,0
BRDA:42,1,0,0
BRDA:42,1,1,0
BRDA:45,2,0,0
BRDA:45,2,1,0
BRDA:56,3,0,0
BRDA:56,3,1,0
BRDA:72,4,0,0
BRDA:72,4,1,0
BRDA:113,5,0,0
BRDA:113,5,1,0
BRDA:119,6,0,0
BRDA:119,6,1,0
BRDA:137,7,0,0
BRDA:137,7,1,0
BRDA:147,8,0,0
BRDA:147,8,1,0
BRDA:148,9,0,0
BRDA:148,9,1,0
BRDA:160,10,0,0
BRDA:160,10,1,0
BRDA:161,11,0,0
BRDA:161,11,1,0
BRDA:173,12,0,0
BRDA:173,12,1,0
BRDA:182,13,0,0
BRDA:182,13,1,0
BRDA:199,14,0,0
BRDA:199,14,1,0
BRDA:220,15,0,0
BRDA:220,15,1,0
BRDA:221,16,0,0
BRDA:221,16,1,0
BRDA:221,17,0,0
BRDA:221,17,1,0
BRDA:261,18,0,0
BRDA:261,18,1,0
BRDA:21,19,0,1
BRDA:21,19,1,0
BRDA:21,20,0,1
BRDA:21,20,1,1
BRDA:21,21,0,1
BRDA:21,21,1,0
BRDA:21,22,0,1
BRDA:21,22,1,1
BRF:46
BRH:6
end_of_record
TN:
SF:src\academic\academic.controller.ts
FN:11,(anonymous_4)
FN:19,(anonymous_5)
FN:34,(anonymous_6)
FN:39,(anonymous_7)
FN:46,(anonymous_8)
FN:51,(anonymous_9)
FN:58,(anonymous_10)
FN:63,(anonymous_11)
FNF:8
FNH:2
FNDA:3,(anonymous_4)
FNDA:2,(anonymous_5)
FNDA:0,(anonymous_6)
FNDA:0,(anonymous_7)
FNDA:0,(anonymous_8)
FNDA:0,(anonymous_9)
FNDA:0,(anonymous_10)
FNDA:0,(anonymous_11)
DA:1,1
DA:2,1
DA:3,1
DA:4,1
DA:5,1
DA:6,1
DA:10,1
DA:12,3
DA:13,3
DA:14,3
DA:19,1
DA:20,2
DA:21,1
DA:23,1
DA:24,1
DA:34,1
DA:35,0
DA:39,1
DA:40,0
DA:41,0
DA:42,0
DA:46,1
DA:47,0
DA:51,1
DA:52,0
DA:53,0
DA:54,0
DA:58,1
DA:59,0
DA:63,1
DA:64,0
LF:31
LH:21
BRDA:20,0,0,1
BRDA:20,0,1,1
BRDA:40,1,0,0
BRDA:40,1,1,0
BRDA:52,2,0,0
BRDA:52,2,1,0
BRDA:34,3,0,1
BRDA:34,3,1,0
BRDA:34,4,0,1
BRDA:34,4,1,1
BRDA:46,5,0,1
BRDA:46,5,1,0
BRDA:46,6,0,1
BRDA:46,6,1,1
BRDA:58,7,0,1
BRDA:58,7,1,0
BRDA:58,8,0,1
BRDA:58,8,1,1
BRDA:63,9,0,1
BRDA:63,9,1,0
BRDA:63,10,0,1
BRDA:63,10,1,1
BRDA:12,11,0,1
BRDA:12,11,1,0
BRDA:12,12,0,1
BRDA:12,12,1,1
BRDA:12,13,0,1
BRDA:12,13,1,0
BRDA:12,14,0,1
BRDA:12,14,1,1
BRDA:13,15,0,1
BRDA:13,15,1,0
BRDA:13,16,0,1
BRDA:13,16,1,1
BRF:34
BRH:23
end_of_record
TN:
SF:src\academic\academic.module.ts
FN:8,(anonymous_1)
FNF:1
FNH:0
FNDA:0,(anonymous_1)
DA:1,0
DA:2,0
DA:3,0
DA:4,0
DA:5,0
DA:8,0
DA:13,0
LF:7
LH:0
BRF:0
BRH:0
end_of_record
TN:
SF:src\academic\academic.service.ts
FN:33,(anonymous_13)
FN:37,(anonymous_14)
FN:85,(anonymous_15)
FN:148,(anonymous_16)
FN:156,(anonymous_17)
FN:163,(anonymous_18)
FN:170,(anonymous_19)
FN:177,(anonymous_20)
FN:185,(anonymous_21)
FN:229,(anonymous_22)
FN:242,(anonymous_23)
FN:258,(anonymous_24)
FN:259,(anonymous_25)
FN:290,(anonymous_26)
FN:304,(anonymous_27)
FN:305,(anonymous_28)
FN:336,(anonymous_29)
FN:342,(anonymous_30)
FN:344,(anonymous_31)
FN:379,(anonymous_32)
FN:385,(anonymous_33)
FN:387,(anonymous_34)
FN:436,(anonymous_35)
FN:457,(anonymous_36)
FN:511,(anonymous_37)
FN:557,(anonymous_38)
FN:562,(anonymous_39)
FN:566,(anonymous_40)
FNF:28
FNH:0
FNDA:0,(anonymous_13)
FNDA:0,(anonymous_14)
FNDA:0,(anonymous_15)
FNDA:0,(anonymous_16)
FNDA:0,(anonymous_17)
FNDA:0,(anonymous_18)
FNDA:0,(anonymous_19)
FNDA:0,(anonymous_20)
FNDA:0,(anonymous_21)
FNDA:0,(anonymous_22)
FNDA:0,(anonymous_23)
FNDA:0,(anonymous_24)
FNDA:0,(anonymous_25)
FNDA:0,(anonymous_26)
FNDA:0,(anonymous_27)
FNDA:0,(anonymous_28)
FNDA:0,(anonymous_29)
FNDA:0,(anonymous_30)
FNDA:0,(anonymous_31)
FNDA:0,(anonymous_32)
FNDA:0,(anonymous_33)
FNDA:0,(anonymous_34)
FNDA:0,(anonymous_35)
FNDA:0,(anonymous_36)
FNDA:0,(anonymous_37)
FNDA:0,(anonymous_38)
FNDA:0,(anonymous_39)
FNDA:0,(anonymous_40)
DA:1,3
DA:2,3
DA:3,3
DA:4,3
DA:5,3
DA:13,3
DA:14,3
DA:18,3
DA:19,3
DA:20,3
DA:22,0
DA:23,0
DA:26,0
DA:27,0
DA:28,0
DA:31,0
DA:34,0
DA:38,0
DA:39,0
DA:42,0
DA:44,0
DA:45,0
DA:46,0
DA:47,0
DA:48,0
DA:51,0
DA:61,0
DA:62,0
DA:63,0
DA:66,0
DA:77,0
DA:78,0
DA:79,0
DA:82,0
DA:87,0
DA:88,0
DA:89,0
DA:93,0
DA:110,0
DA:111,0
DA:112,0
DA:115,0
DA:116,0
DA:118,0
DA:119,0
DA:120,0
DA:123,0
DA:124,0
DA:125,0
DA:128,0
DA:129,0
DA:130,0
DA:133,0
DA:134,0
DA:135,0
DA:137,0
DA:141,0
DA:142,0
DA:144,0
DA:149,0
DA:150,0
DA:151,0
DA:157,0
DA:158,0
DA:159,0
DA:160,0
DA:163,0
DA:165,0
DA:166,0
DA:171,0
DA:172,0
DA:173,0
DA:174,0
DA:177,0
DA:179,0
DA:180,0
DA:187,0
DA:192,0
DA:193,0
DA:194,0
DA:197,0
DA:198,0
DA:210,0
DA:215,0
DA:217,0
DA:223,0
DA:227,0
DA:228,0
DA:229,0
DA:235,0
DA:243,0
DA:244,0
DA:246,0
DA:247,0
DA:248,0
DA:250,0
DA:251,0
DA:258,0
DA:259,0
DA:265,0
DA:269,0
DA:272,0
DA:274,0
DA:281,0
DA:291,0
DA:292,0
DA:294,0
DA:295,0
DA:296,0
DA:298,0
DA:299,0
DA:304,0
DA:305,0
DA:311,0
DA:315,0
DA:318,0
DA:320,0
DA:327,0
DA:337,0
DA:338,0
DA:340,0
DA:341,0
DA:342,0
DA:344,0
DA:354,0
DA:357,0
DA:360,0
DA:362,0
DA:369,0
DA:380,0
DA:381,0
DA:383,0
DA:384,0
DA:385,0
DA:387,0
DA:395,0
DA:398,0
DA:416,0
DA:417,0
DA:421,0
DA:426,0
DA:428,0
DA:429,0
DA:431,0
DA:436,0
DA:448,0
DA:458,0
DA:459,0
DA:462,0
DA:477,0
DA:478,0
DA:479,0
DA:480,0
DA:481,0
DA:484,0
DA:508,0
DA:512,0
DA:513,0
DA:515,0
DA:526,0
DA:527,0
DA:529,0
DA:553,0
DA:558,0
DA:559,0
DA:563,0
DA:567,0
DA:568,0
DA:570,0
DA:571,0
DA:572,0
DA:573,0
DA:575,0
LF:173
LH:10
BRDA:38,0,0,0
BRDA:38,0,1,0
BRDA:38,1,0,0
BRDA:38,1,1,0
BRDA:42,2,0,0
BRDA:42,2,1,0
BRDA:46,3,0,0
BRDA:46,3,1,0
BRDA:46,4,0,0
BRDA:46,4,1,0
BRDA:47,5,0,0
BRDA:47,5,1,0
BRDA:61,6,0,0
BRDA:61,6,1,0
BRDA:77,7,0,0
BRDA:77,7,1,0
BRDA:87,8,0,0
BRDA:87,8,1,0
BRDA:88,9,0,0
BRDA:88,9,1,0
BRDA:94,10,0,0
BRDA:94,10,1,0
BRDA:95,11,0,0
BRDA:95,11,1,0
BRDA:96,12,0,0
BRDA:96,12,1,0
BRDA:97,13,0,0
BRDA:97,13,1,0
BRDA:98,14,0,0
BRDA:98,14,1,0
BRDA:119,15,0,0
BRDA:119,15,1,0
BRDA:124,16,0,0
BRDA:124,16,1,0
BRDA:129,17,0,0
BRDA:129,17,1,0
BRDA:149,18,0,0
BRDA:149,18,1,0
BRDA:157,19,0,0
BRDA:157,19,1,0
BRDA:159,20,0,0
BRDA:159,20,1,0
BRDA:171,21,0,0
BRDA:171,21,1,0
BRDA:173,22,0,0
BRDA:173,22,1,0
BRDA:192,23,0,0
BRDA:192,23,1,0
BRDA:215,24,0,0
BRDA:215,24,1,0
BRDA:227,25,0,0
BRDA:227,25,1,0
BRDA:242,26,0,0
BRDA:242,27,0,0
BRDA:246,28,0,0
BRDA:246,28,1,0
BRDA:250,29,0,0
BRDA:250,29,1,0
BRDA:272,30,0,0
BRDA:272,30,1,0
BRDA:290,31,0,0
BRDA:290,32,0,0
BRDA:294,33,0,0
BRDA:294,33,1,0
BRDA:298,34,0,0
BRDA:298,34,1,0
BRDA:318,35,0,0
BRDA:318,35,1,0
BRDA:336,36,0,0
BRDA:336,37,0,0
BRDA:340,38,0,0
BRDA:340,38,1,0
BRDA:360,39,0,0
BRDA:360,39,1,0
BRDA:379,40,0,0
BRDA:379,41,0,0
BRDA:383,42,0,0
BRDA:383,42,1,0
BRDA:416,43,0,0
BRDA:416,43,1,0
BRDA:416,44,0,0
BRDA:416,44,1,0
BRDA:426,45,0,0
BRDA:426,45,1,0
BRDA:426,46,0,0
BRDA:426,46,1,0
BRDA:429,47,0,0
BRDA:429,47,1,0
BRDA:443,48,0,0
BRDA:443,48,1,0
BRDA:444,49,0,0
BRDA:444,49,1,0
BRDA:445,50,0,0
BRDA:445,50,1,0
BRDA:458,51,0,0
BRDA:458,51,1,0
BRDA:459,52,0,0
BRDA:459,52,1,0
BRDA:478,53,0,0
BRDA:478,53,1,0
BRDA:479,54,0,0
BRDA:479,54,1,0
BRDA:480,55,0,0
BRDA:480,55,1,0
BRDA:481,56,0,0
BRDA:481,56,1,0
BRDA:512,57,0,0
BRDA:512,57,1,0
BRDA:513,58,0,0
BRDA:513,58,1,0
BRDA:527,59,0,0
BRDA:527,59,1,0
BRDA:558,60,0,0
BRDA:558,60,1,0
BRDA:567,61,0,0
BRDA:567,61,1,0
BRDA:567,62,0,0
BRDA:567,62,1,0
BRDA:34,63,0,3
BRDA:34,63,1,0
BRDA:34,64,0,3
BRDA:34,64,1,3
BRF:122
BRH:3
end_of_record
TN:
SF:src\academic\dto\academic-query.dto.ts
FN:10,(anonymous_2)
FN:16,(anonymous_3)
FNF:2
FNH:0
FNDA:0,(anonymous_2)
FNDA:0,(anonymous_3)
DA:1,1
DA:2,1
DA:4,1
DA:7,1
DA:10,0
DA:13,1
DA:16,0
DA:19,1
LF:8
LH:6
BRF:0
BRH:0
end_of_record
TN:
SF:src\auth\auth.controller.ts
FN:8,(anonymous_4)
FN:13,(anonymous_5)
FNF:2
FNH:2
FNDA:3,(anonymous_4)
FNDA:2,(anonymous_5)
DA:1,1
DA:2,1
DA:3,1
DA:4,1
DA:7,1
DA:8,3
DA:13,1
DA:14,2
DA:15,2
LF:9
LH:9
BRDA:14,0,0,2
BRDA:14,0,1,1
BRDA:14,0,2,0
BRDA:13,1,0,1
BRDA:13,1,1,0
BRDA:13,2,0,1
BRDA:13,2,1,1
BRDA:8,3,0,1
BRDA:8,3,1,0
BRDA:8,4,0,1
BRDA:8,4,1,1
BRF:11
BRH:8
end_of_record
TN:
SF:src\auth\auth.module.ts
FNF:0
FNH:0
DA:1,0
DA:2,0
DA:3,0
DA:4,0
DA:17,0
LF:5
LH:0
BRDA:10,0,0,0
BRDA:10,0,1,0
BRF:2
BRH:0
end_of_record
TN:
SF:src\auth\auth.service.ts
FN:11,(anonymous_4)
FN:16,(anonymous_5)
FN:41,(anonymous_6)
FN:43,(anonymous_7)
FNF:4
FNH:4
FNDA:3,(anonymous_4)
FNDA:3,(anonymous_5)
FNDA:2,(anonymous_6)
FNDA:2,(anonymous_7)
DA:1,2
DA:2,2
DA:3,2
DA:4,2
DA:5,2
DA:6,2
DA:7,2
DA:10,2
DA:12,3
DA:13,3
DA:17,3
DA:22,3
DA:23,0
DA:26,3
DA:27,3
DA:28,3
DA:29,1
DA:32,2
DA:33,0
DA:36,2
DA:41,2
DA:43,2
DA:45,2
DA:46,2
LF:24
LH:22
BRDA:22,0,0,0
BRDA:22,0,1,3
BRDA:28,1,0,1
BRDA:28,1,1,2
BRDA:32,2,0,0
BRDA:32,2,1,2
BRDA:12,3,0,2
BRDA:12,3,1,0
BRDA:12,4,0,2
BRDA:12,4,1,2
BRDA:12,5,0,2
BRDA:12,5,1,0
BRDA:12,6,0,2
BRDA:12,6,1,2
BRF:14
BRH:10
end_of_record
TN:
SF:src\auth\jwt-auth.guard.ts
FN:22,(anonymous_4)
FN:28,(anonymous_5)
FN:95,(anonymous_6)
FNF:3
FNH:3
FNDA:4,(anonymous_4)
FNDA:4,(anonymous_5)
FNDA:3,(anonymous_6)
DA:1,1
DA:2,1
DA:3,1
DA:5,1
DA:6,1
DA:7,1
DA:8,1
DA:9,1
DA:17,1
DA:19,1
DA:20,1
DA:23,4
DA:24,4
DA:25,4
DA:29,4
DA:33,4
DA:34,1
DA:37,3
DA:38,3
DA:39,3
DA:40,1
DA:42,2
DA:43,2
DA:47,2
DA:48,2
DA:49,2
DA:50,2
DA:52,2
DA:53,0
DA:56,2
DA:61,2
DA:62,1
DA:63,1
DA:66,1
DA:67,1
DA:70,1
DA:71,0
DA:72,0
DA:73,0
DA:79,1
DA:80,0
DA:83,1
DA:90,1
DA:92,1
DA:96,3
DA:97,3
LF:46
LH:41
BRDA:33,0,0,1
BRDA:33,0,1,3
BRDA:39,1,0,1
BRDA:39,1,1,2
BRDA:44,2,0,2
BRDA:44,2,1,2
BRDA:52,3,0,0
BRDA:52,3,1,2
BRDA:52,4,0,2
BRDA:52,4,1,0
BRDA:61,5,0,1
BRDA:61,5,1,1
BRDA:61,6,0,2
BRDA:61,6,1,2
BRDA:70,7,0,0
BRDA:70,7,1,1
BRDA:72,8,0,0
BRDA:72,8,1,0
BRDA:79,9,0,0
BRDA:79,9,1,1
BRDA:96,10,0,3
BRDA:96,10,1,1
BRDA:97,11,0,2
BRDA:97,11,1,1
BRDA:23,12,0,1
BRDA:23,12,1,0
BRDA:23,13,0,1
BRDA:23,13,1,1
BRDA:23,14,0,1
BRDA:23,14,1,0
BRDA:23,15,0,1
BRDA:23,15,1,1
BRDA:24,16,0,1
BRDA:24,16,1,0
BRDA:24,17,0,1
BRDA:24,17,1,1
BRF:36
BRH:27
end_of_record
TN:
SF:src\auth\public.decorator.ts
FN:4,(anonymous_0)
FNF:1
FNH:1
FNDA:4,(anonymous_0)
DA:1,10
DA:3,10
DA:4,10
LF:3
LH:3
BRF:0
BRH:0
end_of_record
TN:
SF:src\auth\rbac.decorators.ts
FN:11,(anonymous_0)
FN:16,(anonymous_1)
FNF:2
FNH:2
FNDA:3,(anonymous_0)
FNDA:4,(anonymous_1)
DA:1,8
DA:3,8
DA:4,8
DA:11,8
DA:16,8
LF:5
LH:5
BRF:0
BRH:0
end_of_record
TN:
SF:src\auth\rbac.guard.ts
FN:16,(anonymous_4)
FN:22,(anonymous_5)
FN:30,(anonymous_6)
FN:73,(anonymous_7)
FN:82,(anonymous_8)
FN:87,(anonymous_9)
FN:117,(anonymous_10)
FN:120,(anonymous_11)
FN:164,(anonymous_12)
FN:167,(anonymous_13)
FNF:10
FNH:6
FNDA:7,(anonymous_4)
FNDA:7,(anonymous_5)
FNDA:7,(anonymous_6)
FNDA:2,(anonymous_7)
FNDA:2,(anonymous_8)
FNDA:0,(anonymous_9)
FNDA:0,(anonymous_10)
FNDA:0,(anonymous_11)
FNDA:2,(anonymous_12)
FNDA:0,(anonymous_13)
DA:1,5
DA:2,5
DA:3,5
DA:4,5
DA:5,5
DA:6,5
DA:7,5
DA:8,5
DA:9,5
DA:12,5
DA:13,5
DA:14,5
DA:17,7
DA:18,7
DA:19,7
DA:23,7
DA:24,0
DA:26,7
DA:31,7
DA:35,7
DA:36,1
DA:39,6
DA:40,6
DA:42,6
DA:43,2
DA:47,4
DA:48,1
DA:52,3
DA:57,3
DA:58,1
DA:62,2
DA:67,2
DA:69,0
DA:72,2
DA:73,2
DA:75,2
DA:76,1
DA:79,1
DA:84,2
DA:85,0
DA:88,0
DA:99,0
DA:111,0
DA:116,0
DA:117,0
DA:118,0
DA:120,0
DA:121,0
DA:124,0
DA:129,0
DA:133,2
DA:134,2
DA:135,2
DA:136,0
DA:139,2
DA:163,2
DA:164,2
DA:165,2
DA:167,2
DA:168,0
DA:171,2
DA:176,2
LF:62
LH:47
BRDA:23,0,0,0
BRDA:23,0,1,7
BRDA:35,1,0,1
BRDA:35,1,1,6
BRDA:42,2,0,2
BRDA:42,2,1,4
BRDA:42,3,0,6
BRDA:42,3,1,5
BRDA:47,4,0,1
BRDA:47,4,1,3
BRDA:57,5,0,1
BRDA:57,5,1,2
BRDA:67,6,0,0
BRDA:67,6,1,2
BRDA:67,7,0,2
BRDA:67,7,1,2
BRDA:75,8,0,1
BRDA:75,8,1,1
BRDA:84,9,0,0
BRDA:84,9,1,2
BRDA:118,10,0,0
BRDA:118,10,1,0
BRDA:118,11,0,0
BRDA:118,11,1,0
BRDA:121,12,0,0
BRDA:121,12,1,0
BRDA:121,13,0,0
BRDA:121,13,1,0
BRDA:129,14,0,0
BRDA:129,14,1,0
BRDA:135,15,0,0
BRDA:135,15,1,2
BRDA:135,16,0,2
BRDA:135,16,1,0
BRDA:165,17,0,2
BRDA:165,17,1,0
BRDA:168,18,0,0
BRDA:168,18,1,0
BRDA:17,19,0,5
BRDA:17,19,1,0
BRDA:17,20,0,5
BRDA:17,20,1,5
BRDA:17,21,0,5
BRDA:17,21,1,0
BRDA:17,22,0,5
BRDA:17,22,1,5
BRDA:18,23,0,5
BRDA:18,23,1,0
BRDA:18,24,0,5
BRDA:18,24,1,5
BRF:50
BRH:29
end_of_record
TN:
SF:src\auth\dto\login.dto.ts
FNF:0
FNH:0
DA:1,1
DA:3,1
DA:6,1
DA:10,1
DA:15,1
LF:5
LH:5
BRF:0
BRH:0
end_of_record
TN:
SF:src\ava-reports\ava-reports.controller.ts
FN:11,(anonymous_4)
FN:17,(anonymous_5)
FN:22,(anonymous_6)
FN:28,(anonymous_7)
FN:50,(anonymous_8)
FN:55,(anonymous_9)
FN:60,(anonymous_10)
FN:65,(anonymous_11)
FN:70,(anonymous_12)
FNF:9
FNH:2
FNDA:2,(anonymous_4)
FNDA:1,(anonymous_5)
FNDA:0,(anonymous_6)
FNDA:0,(anonymous_7)
FNDA:0,(anonymous_8)
FNDA:0,(anonymous_9)
FNDA:0,(anonymous_10)
FNDA:0,(anonymous_11)
FNDA:0,(anonymous_12)
DA:1,1
DA:2,1
DA:3,1
DA:4,1
DA:5,1
DA:6,1
DA:10,1
DA:12,2
DA:13,2
DA:17,1
DA:18,1
DA:22,1
DA:23,0
DA:28,1
DA:33,0
DA:34,0
DA:36,0
DA:40,0
DA:50,1
DA:51,0
DA:55,1
DA:56,0
DA:60,1
DA:61,0
DA:65,1
DA:66,0
DA:70,1
DA:71,0
LF:28
LH:18
BRDA:18,0,0,1
BRDA:18,0,1,0
BRDA:18,1,0,1
BRDA:18,1,1,0
BRDA:18,2,0,1
BRDA:18,2,1,0
BRDA:23,3,0,0
BRDA:23,3,1,0
BRDA:33,4,0,0
BRDA:33,4,1,0
BRDA:51,5,0,0
BRDA:51,5,1,0
BRDA:51,6,0,0
BRDA:51,6,1,0
BRDA:51,7,0,0
BRDA:51,7,1,0
BRDA:56,8,0,0
BRDA:56,8,1,0
BRDA:61,9,0,0
BRDA:61,9,1,0
BRDA:61,10,0,0
BRDA:61,10,1,0
BRDA:61,11,0,0
BRDA:61,11,1,0
BRDA:66,12,0,0
BRDA:66,12,1,0
BRDA:17,13,0,1
BRDA:17,13,1,0
BRDA:17,14,0,1
BRDA:17,14,1,1
BRDA:22,15,0,1
BRDA:22,15,1,0
BRDA:22,16,0,1
BRDA:22,16,1,1
BRDA:30,17,0,1
BRDA:30,17,1,0
BRDA:30,18,0,1
BRDA:30,18,1,1
BRDA:50,19,0,1
BRDA:50,19,1,0
BRDA:50,20,0,1
BRDA:50,20,1,1
BRDA:55,21,0,1
BRDA:55,21,1,0
BRDA:55,22,0,1
BRDA:55,22,1,1
BRDA:60,23,0,1
BRDA:60,23,1,0
BRDA:60,24,0,1
BRDA:60,24,1,1
BRDA:65,25,0,1
BRDA:65,25,1,0
BRDA:65,26,0,1
BRDA:65,26,1,1
BRDA:12,27,0,1
BRDA:12,27,1,0
BRDA:12,28,0,1
BRDA:12,28,1,1
BRDA:12,29,0,1
BRDA:12,29,1,0
BRDA:12,30,0,1
BRDA:12,30,1,1
BRF:62
BRH:30
end_of_record
TN:
SF:src\ava-reports\ava-reports.module.ts
FN:8,(anonymous_1)
FNF:1
FNH:0
FNDA:0,(anonymous_1)
DA:1,0
DA:2,0
DA:3,0
DA:4,0
DA:5,0
DA:8,0
DA:12,0
LF:7
LH:0
BRF:0
BRH:0
end_of_record
TN:
SF:src\ava-reports\ava-reports.service.ts
FN:23,(anonymous_4)
FN:33,(anonymous_5)
FN:81,(anonymous_6)
FN:87,(anonymous_7)
FN:96,(anonymous_8)
FN:100,(anonymous_9)
FN:119,(anonymous_10)
FN:172,(anonymous_11)
FN:219,(anonymous_12)
FN:244,(anonymous_13)
FN:321,(anonymous_14)
FN:332,(anonymous_15)
FN:342,(anonymous_16)
FN:362,(anonymous_17)
FN:363,(anonymous_18)
FN:377,(anonymous_19)
FN:378,(anonymous_20)
FN:379,(anonymous_21)
FN:380,(anonymous_22)
FN:383,(anonymous_23)
FN:388,(anonymous_24)
FN:413,(anonymous_25)
FN:419,(anonymous_26)
FN:425,(anonymous_27)
FN:431,(anonymous_28)
FN:498,(anonymous_29)
FN:542,(anonymous_30)
FN:547,(anonymous_31)
FN:548,(anonymous_32)
FN:605,(anonymous_33)
FN:606,(anonymous_34)
FN:619,(anonymous_35)
FN:630,(anonymous_36)
FN:640,(anonymous_37)
FN:683,(anonymous_38)
FN:746,(anonymous_39)
FN:811,(anonymous_40)
FN:847,(anonymous_41)
FN:862,(anonymous_42)
FN:889,(anonymous_43)
FN:890,(anonymous_44)
FN:923,(anonymous_45)
FN:976,(anonymous_46)
FN:980,(anonymous_47)
FN:1000,(anonymous_48)
FN:1001,(anonymous_49)
FN:1002,(anonymous_50)
FN:1028,(anonymous_51)
FN:1029,(anonymous_52)
FN:1030,(anonymous_53)
FNF:50
FNH:19
FNDA:3,(anonymous_4)
FNDA:3,(anonymous_5)
FNDA:0,(anonymous_6)
FNDA:3,(anonymous_7)
FNDA:2,(anonymous_8)
FNDA:2,(anonymous_9)
FNDA:1,(anonymous_10)
FNDA:0,(anonymous_11)
FNDA:1,(anonymous_12)
FNDA:1,(anonymous_13)
FNDA:0,(anonymous_14)
FNDA:0,(anonymous_15)
FNDA:0,(anonymous_16)
FNDA:0,(anonymous_17)
FNDA:0,(anonymous_18)
FNDA:0,(anonymous_19)
FNDA:0,(anonymous_20)
FNDA:0,(anonymous_21)
FNDA:0,(anonymous_22)
FNDA:0,(anonymous_23)
FNDA:0,(anonymous_24)
FNDA:0,(anonymous_25)
FNDA:0,(anonymous_26)
FNDA:0,(anonymous_27)
FNDA:0,(anonymous_28)
FNDA:0,(anonymous_29)
FNDA:0,(anonymous_30)
FNDA:0,(anonymous_31)
FNDA:0,(anonymous_32)
FNDA:0,(anonymous_33)
FNDA:0,(anonymous_34)
FNDA:0,(anonymous_35)
FNDA:0,(anonymous_36)
FNDA:1,(anonymous_37)
FNDA:1,(anonymous_38)
FNDA:1,(anonymous_39)
FNDA:0,(anonymous_40)
FNDA:0,(anonymous_41)
FNDA:1,(anonymous_42)
FNDA:1,(anonymous_43)
FNDA:1,(anonymous_44)
FNDA:5,(anonymous_45)
FNDA:1,(anonymous_46)
FNDA:0,(anonymous_47)
FNDA:0,(anonymous_48)
FNDA:0,(anonymous_49)
FNDA:0,(anonymous_50)
FNDA:1,(anonymous_51)
FNDA:1,(anonymous_52)
FNDA:1,(anonymous_53)
DA:1,2
DA:2,2
DA:4,2
DA:6,2
DA:7,2
DA:9,2
DA:10,2
DA:11,2
DA:20,2
DA:21,3
DA:24,3
DA:25,3
DA:26,3
DA:30,2
DA:31,2
DA:34,3
DA:35,0
DA:38,3
DA:40,0
DA:41,0
DA:42,0
DA:43,0
DA:44,0
DA:47,0
DA:57,0
DA:58,0
DA:59,0
DA:62,0
DA:73,0
DA:74,0
DA:75,0
DA:78,0
DA:82,0
DA:83,0
DA:84,0
DA:88,3
DA:89,3
DA:90,3
DA:91,3
DA:92,0
DA:93,0
DA:97,2
DA:101,2
DA:102,2
DA:104,2
DA:105,2
DA:107,2
DA:108,2
DA:109,2
DA:110,2
DA:112,2
DA:113,2
DA:114,2
DA:115,2
DA:116,2
DA:120,1
DA:122,1
DA:123,1
DA:124,1
DA:125,1
DA:126,1
DA:128,1
DA:129,1
DA:132,1
DA:133,1
DA:134,1
DA:135,1
DA:137,1
DA:138,1
DA:140,1
DA:141,0
DA:145,1
DA:146,0
DA:150,1
DA:151,0
DA:154,1
DA:155,0
DA:156,0
DA:157,0
DA:158,0
DA:161,0
DA:162,0
DA:163,0
DA:164,0
DA:169,1
DA:173,0
DA:175,0
DA:176,0
DA:177,0
DA:178,0
DA:179,0
DA:181,0
DA:182,0
DA:185,0
DA:186,0
DA:187,0
DA:188,0
DA:190,0
DA:191,0
DA:193,0
DA:194,0
DA:198,0
DA:199,0
DA:203,0
DA:204,0
DA:207,0
DA:208,0
DA:209,0
DA:210,0
DA:211,0
DA:216,0
DA:220,1
DA:222,1
DA:223,1
DA:226,1
DA:230,1
DA:231,1
DA:232,1
DA:235,1
DA:244,1
DA:250,1
DA:267,1
DA:268,1
DA:270,1
DA:271,1
DA:272,1
DA:273,1
DA:274,1
DA:275,1
DA:276,1
DA:278,1
DA:279,1
DA:280,1
DA:281,1
DA:283,1
DA:284,1
DA:285,1
DA:287,1
DA:288,1
DA:290,1
DA:291,1
DA:293,1
DA:294,1
DA:296,1
DA:316,0
DA:317,0
DA:322,0
DA:324,0
DA:325,0
DA:326,0
DA:332,0
DA:337,0
DA:338,0
DA:343,0
DA:345,0
DA:346,0
DA:347,0
DA:361,0
DA:362,0
DA:363,0
DA:365,0
DA:366,0
DA:369,0
DA:370,0
DA:371,0
DA:374,0
DA:377,0
DA:378,0
DA:379,0
DA:380,0
DA:382,0
DA:383,0
DA:384,0
DA:387,0
DA:388,0
DA:389,0
DA:392,0
DA:393,0
DA:394,0
DA:395,0
DA:396,0
DA:397,0
DA:400,0
DA:402,0
DA:403,0
DA:404,0
DA:406,0
DA:414,0
DA:416,0
DA:417,0
DA:419,0
DA:420,0
DA:421,0
DA:422,0
DA:425,0
DA:426,0
DA:427,0
DA:428,0
DA:431,0
DA:434,0
DA:438,0
DA:439,0
DA:440,0
DA:442,0
DA:452,0
DA:498,0
DA:499,0
DA:500,0
DA:501,0
DA:502,0
DA:504,0
DA:515,0
DA:532,0
DA:542,0
DA:547,0
DA:548,0
DA:550,0
DA:551,0
DA:552,0
DA:553,0
DA:555,0
DA:556,0
DA:557,0
DA:558,0
DA:559,0
DA:560,0
DA:561,0
DA:563,0
DA:605,0
DA:606,0
DA:614,0
DA:615,0
DA:620,0
DA:622,0
DA:623,0
DA:624,0
DA:630,0
DA:635,0
DA:636,0
DA:641,1
DA:642,1
DA:643,1
DA:645,1
DA:646,1
DA:647,1
DA:648,1
DA:649,1
DA:650,1
DA:652,1
DA:653,1
DA:655,1
DA:656,0
DA:657,0
DA:665,1
DA:666,1
DA:667,0
DA:671,1
DA:672,0
DA:676,1
DA:677,0
DA:680,1
DA:684,1
DA:686,1
DA:687,1
DA:690,1
DA:694,1
DA:695,1
DA:696,1
DA:699,1
DA:746,1
DA:756,1
DA:778,1
DA:779,1
DA:781,1
DA:806,0
DA:807,0
DA:812,0
DA:814,0
DA:815,0
DA:817,0
DA:847,0
DA:856,0
DA:857,0
DA:863,1
DA:865,1
DA:866,1
DA:889,1
DA:890,1
DA:892,1
DA:893,1
DA:894,1
DA:895,1
DA:897,1
DA:898,1
DA:899,1
DA:900,1
DA:901,1
DA:902,1
DA:903,1
DA:904,1
DA:907,1
DA:908,1
DA:909,1
DA:911,1
DA:912,1
DA:913,1
DA:914,1
DA:915,1
DA:916,1
DA:919,1
DA:920,1
DA:922,1
DA:923,1
DA:924,5
DA:925,5
DA:927,5
DA:928,5
DA:929,5
DA:930,5
DA:931,1
DA:933,4
DA:936,5
DA:949,1
DA:958,0
DA:959,0
DA:977,1
DA:978,0
DA:981,0
DA:999,0
DA:1000,0
DA:1001,0
DA:1002,0
DA:1009,1
DA:1027,1
DA:1028,1
DA:1029,1
DA:1030,1
LF:337
LH:163
BRDA:34,0,0,0
BRDA:34,0,1,3
BRDA:34,1,0,3
BRDA:34,1,1,3
BRDA:38,2,0,3
BRDA:38,2,1,0
BRDA:42,3,0,0
BRDA:42,3,1,0
BRDA:42,4,0,0
BRDA:42,4,1,0
BRDA:43,5,0,0
BRDA:43,5,1,0
BRDA:57,6,0,0
BRDA:57,6,1,0
BRDA:73,7,0,0
BRDA:73,7,1,0
BRDA:82,8,0,0
BRDA:82,8,1,0
BRDA:82,9,0,0
BRDA:82,9,1,0
BRDA:82,9,2,0
BRDA:82,9,3,0
BRDA:84,10,0,0
BRDA:84,10,1,0
BRDA:89,11,0,0
BRDA:89,11,1,3
BRDA:90,12,0,0
BRDA:90,12,1,3
BRDA:91,13,0,3
BRDA:91,13,1,0
BRDA:92,14,0,0
BRDA:92,14,1,0
BRDA:97,15,0,2
BRDA:97,15,1,0
BRDA:101,16,0,2
BRDA:101,16,1,0
BRDA:102,17,0,0
BRDA:102,17,1,2
BRDA:102,18,0,2
BRDA:102,18,1,2
BRDA:105,19,0,0
BRDA:105,19,1,2
BRDA:110,20,0,0
BRDA:110,20,1,2
BRDA:110,21,0,2
BRDA:110,21,1,2
BRDA:110,21,2,2
BRDA:116,22,0,2
BRDA:116,22,1,0
BRDA:122,23,0,1
BRDA:122,23,1,0
BRDA:123,24,0,0
BRDA:123,24,1,1
BRDA:124,25,0,0
BRDA:124,25,1,1
BRDA:125,26,0,0
BRDA:125,26,1,1
BRDA:126,27,0,0
BRDA:126,27,1,1
BRDA:128,28,0,0
BRDA:128,28,1,1
BRDA:129,29,0,1
BRDA:129,29,1,0
BRDA:132,30,0,0
BRDA:132,30,1,1
BRDA:133,31,0,0
BRDA:133,31,1,1
BRDA:134,32,0,0
BRDA:134,32,1,1
BRDA:135,33,0,0
BRDA:135,33,1,1
BRDA:140,34,0,0
BRDA:140,34,1,1
BRDA:145,35,0,0
BRDA:145,35,1,1
BRDA:150,36,0,0
BRDA:150,36,1,1
BRDA:154,37,0,0
BRDA:154,37,1,1
BRDA:155,38,0,0
BRDA:155,38,1,0
BRDA:157,39,0,0
BRDA:157,39,1,0
BRDA:157,40,0,0
BRDA:157,40,1,0
BRDA:162,41,0,0
BRDA:162,41,1,0
BRDA:169,42,0,1
BRDA:169,42,1,0
BRDA:175,43,0,0
BRDA:175,43,1,0
BRDA:176,44,0,0
BRDA:176,44,1,0
BRDA:177,45,0,0
BRDA:177,45,1,0
BRDA:178,46,0,0
BRDA:178,46,1,0
BRDA:179,47,0,0
BRDA:179,47,1,0
BRDA:181,48,0,0
BRDA:181,48,1,0
BRDA:182,49,0,0
BRDA:182,49,1,0
BRDA:185,50,0,0
BRDA:185,50,1,0
BRDA:186,51,0,0
BRDA:186,51,1,0
BRDA:187,52,0,0
BRDA:187,52,1,0
BRDA:188,53,0,0
BRDA:188,53,1,0
BRDA:193,54,0,0
BRDA:193,54,1,0
BRDA:198,55,0,0
BRDA:198,55,1,0
BRDA:203,56,0,0
BRDA:203,56,1,0
BRDA:207,57,0,0
BRDA:207,57,1,0
BRDA:208,58,0,0
BRDA:208,58,1,0
BRDA:210,59,0,0
BRDA:210,59,1,0
BRDA:210,60,0,0
BRDA:210,60,1,0
BRDA:216,61,0,0
BRDA:216,61,1,0
BRDA:230,62,0,1
BRDA:230,62,1,0
BRDA:231,63,0,1
BRDA:231,63,1,0
BRDA:235,64,0,1
BRDA:235,64,1,0
BRDA:278,65,0,1
BRDA:278,65,1,0
BRDA:279,66,0,1
BRDA:279,66,1,0
BRDA:280,67,0,1
BRDA:280,67,1,0
BRDA:281,68,0,0
BRDA:281,68,1,1
BRDA:284,69,0,1
BRDA:284,69,1,0
BRDA:285,70,0,1
BRDA:285,70,1,0
BRDA:287,71,0,1
BRDA:287,71,1,0
BRDA:288,72,0,1
BRDA:288,72,1,0
BRDA:290,73,0,1
BRDA:290,73,1,0
BRDA:291,74,0,1
BRDA:291,74,1,0
BRDA:293,75,0,1
BRDA:293,75,1,0
BRDA:294,76,0,1
BRDA:294,76,1,0
BRDA:313,77,0,1
BRDA:313,77,1,0
BRDA:346,78,0,0
BRDA:346,78,1,0
BRDA:362,79,0,0
BRDA:362,79,1,0
BRDA:363,80,0,0
BRDA:363,80,1,0
BRDA:365,81,0,0
BRDA:365,81,1,0
BRDA:371,82,0,0
BRDA:371,82,1,0
BRDA:382,83,0,0
BRDA:382,83,1,0
BRDA:382,84,0,0
BRDA:382,84,1,0
BRDA:383,85,0,0
BRDA:383,85,1,0
BRDA:387,86,0,0
BRDA:387,86,1,0
BRDA:387,87,0,0
BRDA:387,87,1,0
BRDA:388,88,0,0
BRDA:388,88,1,0
BRDA:394,89,0,0
BRDA:394,89,1,0
BRDA:394,90,0,0
BRDA:394,90,1,0
BRDA:396,91,0,0
BRDA:396,91,1,0
BRDA:396,92,0,0
BRDA:396,92,1,0
BRDA:403,93,0,0
BRDA:403,93,1,0
BRDA:403,94,0,0
BRDA:403,94,1,0
BRDA:406,95,0,0
BRDA:406,95,1,0
BRDA:420,96,0,0
BRDA:420,96,1,0
BRDA:420,97,0,0
BRDA:420,97,1,0
BRDA:420,97,2,0
BRDA:420,97,3,0
BRDA:422,98,0,0
BRDA:422,98,1,0
BRDA:426,99,0,0
BRDA:426,99,1,0
BRDA:427,100,0,0
BRDA:427,100,1,0
BRDA:438,101,0,0
BRDA:438,101,1,0
BRDA:439,102,0,0
BRDA:439,102,1,0
BRDA:452,103,0,0
BRDA:452,103,1,0
BRDA:506,104,0,0
BRDA:506,104,1,0
BRDA:507,105,0,0
BRDA:507,105,1,0
BRDA:508,106,0,0
BRDA:508,106,1,0
BRDA:509,107,0,0
BRDA:509,107,1,0
BRDA:543,108,0,0
BRDA:543,108,1,0
BRDA:544,109,0,0
BRDA:544,109,1,0
BRDA:550,110,0,0
BRDA:550,110,1,0
BRDA:551,111,0,0
BRDA:551,111,1,0
BRDA:552,112,0,0
BRDA:552,112,1,0
BRDA:553,113,0,0
BRDA:553,113,1,0
BRDA:555,114,0,0
BRDA:555,114,1,0
BRDA:556,115,0,0
BRDA:556,115,1,0
BRDA:557,116,0,0
BRDA:557,116,1,0
BRDA:558,117,0,0
BRDA:558,117,1,0
BRDA:559,118,0,0
BRDA:559,118,1,0
BRDA:560,119,0,0
BRDA:560,119,1,0
BRDA:561,120,0,0
BRDA:561,120,1,0
BRDA:573,121,0,0
BRDA:573,121,1,0
BRDA:575,122,0,0
BRDA:575,122,1,0
BRDA:579,123,0,0
BRDA:579,123,1,0
BRDA:584,124,0,0
BRDA:584,124,1,0
BRDA:586,125,0,0
BRDA:586,125,1,0
BRDA:592,126,0,0
BRDA:592,126,1,0
BRDA:593,127,0,0
BRDA:593,127,1,0
BRDA:594,128,0,0
BRDA:594,128,1,0
BRDA:596,129,0,0
BRDA:596,129,1,0
BRDA:602,130,0,0
BRDA:602,130,1,0
BRDA:642,131,0,1
BRDA:642,131,1,0
BRDA:645,132,0,0
BRDA:645,132,1,1
BRDA:646,133,0,0
BRDA:646,133,1,1
BRDA:647,134,0,0
BRDA:647,134,1,1
BRDA:648,135,0,0
BRDA:648,135,1,1
BRDA:649,136,0,0
BRDA:649,136,1,1
BRDA:650,137,0,0
BRDA:650,137,1,1
BRDA:652,138,0,0
BRDA:652,138,1,1
BRDA:653,139,0,1
BRDA:653,139,1,0
BRDA:655,140,0,0
BRDA:655,140,1,1
BRDA:666,141,0,0
BRDA:666,141,1,1
BRDA:671,142,0,0
BRDA:671,142,1,1
BRDA:676,143,0,0
BRDA:676,143,1,1
BRDA:694,144,0,1
BRDA:694,144,1,0
BRDA:695,145,0,1
BRDA:695,145,1,0
BRDA:699,146,0,1
BRDA:699,146,1,0
BRDA:749,147,0,1
BRDA:749,147,1,0
BRDA:750,148,0,1
BRDA:750,148,1,0
BRDA:751,149,0,1
BRDA:751,149,1,0
BRDA:752,150,0,1
BRDA:752,150,1,0
BRDA:778,151,0,1
BRDA:778,151,1,0
BRDA:787,152,0,1
BRDA:787,152,1,0
BRDA:788,153,0,0
BRDA:788,153,1,1
BRDA:789,154,0,0
BRDA:789,154,1,1
BRDA:790,155,0,0
BRDA:790,155,1,1
BRDA:791,156,0,1
BRDA:791,156,1,0
BRDA:792,157,0,0
BRDA:792,157,1,1
BRDA:793,158,0,0
BRDA:793,158,1,1
BRDA:794,159,0,0
BRDA:794,159,1,1
BRDA:795,160,0,1
BRDA:795,160,1,0
BRDA:796,161,0,1
BRDA:796,161,1,1
BRDA:797,162,0,1
BRDA:797,162,1,1
BRDA:798,163,0,1
BRDA:798,163,1,0
BRDA:799,164,0,1
BRDA:799,164,1,0
BRDA:800,165,0,1
BRDA:800,165,1,0
BRDA:850,166,0,0
BRDA:850,166,1,0
BRDA:851,167,0,0
BRDA:851,167,1,0
BRDA:852,168,0,0
BRDA:852,168,1,0
BRDA:853,169,0,0
BRDA:853,169,1,0
BRDA:898,170,0,1
BRDA:898,170,1,0
BRDA:899,171,0,1
BRDA:899,171,1,0
BRDA:900,172,0,1
BRDA:900,172,1,0
BRDA:904,173,0,1
BRDA:904,173,1,0
BRDA:912,174,0,1
BRDA:912,174,1,0
BRDA:913,175,0,1
BRDA:913,175,1,0
BRDA:916,176,0,1
BRDA:916,176,1,0
BRDA:919,177,0,1
BRDA:919,177,1,0
BRDA:920,178,0,1
BRDA:920,178,1,0
BRDA:927,179,0,1
BRDA:927,179,1,4
BRDA:928,180,0,1
BRDA:928,180,1,4
BRDA:930,181,0,1
BRDA:930,181,1,4
BRDA:930,182,0,5
BRDA:930,182,1,1
BRDA:931,183,0,0
BRDA:931,183,1,1
BRDA:933,184,0,4
BRDA:933,184,1,4
BRDA:939,185,0,5
BRDA:939,185,1,4
BRDA:940,186,0,1
BRDA:940,186,1,4
BRDA:941,187,0,1
BRDA:941,187,1,4
BRDA:942,188,0,5
BRDA:942,188,1,4
BRDA:943,189,0,5
BRDA:943,189,1,4
BRDA:944,190,0,1
BRDA:944,190,1,4
BRDA:945,191,0,1
BRDA:945,191,1,4
BRDA:977,192,0,0
BRDA:977,192,1,1
BRDA:24,193,0,2
BRDA:24,193,1,0
BRDA:24,194,0,2
BRDA:24,194,1,2
BRDA:24,195,0,2
BRDA:24,195,1,0
BRDA:24,196,0,2
BRDA:24,196,1,2
BRDA:25,197,0,2
BRDA:25,197,1,0
BRDA:25,198,0,2
BRDA:25,198,1,2
BRF:403
BRH:131
end_of_record
TN:
SF:src\ava-reports\dto\report-query.dto.ts
FN:6,(anonymous_2)
FN:12,(anonymous_3)
FNF:2
FNH:0
FNDA:0,(anonymous_2)
FNDA:0,(anonymous_3)
DA:1,1
DA:2,1
DA:4,1
DA:6,0
DA:9,1
DA:12,0
DA:15,1
DA:19,1
DA:22,1
DA:25,1
LF:10
LH:8
BRDA:19,0,0,0
BRDA:19,0,1,1
BRDA:19,1,0,1
BRDA:19,1,1,0
BRDA:25,2,0,0
BRDA:25,2,1,1
BRDA:25,3,0,1
BRDA:25,3,1,0
BRF:8
BRH:4
end_of_record
TN:
SF:src\ava-reports\dto\sync-moodle.dto.ts
FNF:0
FNH:0
DA:1,1
DA:3,1
DA:6,1
DA:10,1
LF:4
LH:4
BRF:0
BRH:0
end_of_record
TN:
SF:src\ava-sync\ava-sync.controller.ts
FN:10,(anonymous_4)
FN:13,(anonymous_5)
FN:50,(anonymous_6)
FN:51,(anonymous_7)
FN:71,(anonymous_8)
FNF:5
FNH:1
FNDA:1,(anonymous_4)
FNDA:0,(anonymous_5)
FNDA:0,(anonymous_6)
FNDA:0,(anonymous_7)
FNDA:0,(anonymous_8)
DA:1,1
DA:2,1
DA:4,1
DA:5,1
DA:9,1
DA:10,1
DA:13,1
DA:19,0
DA:20,0
DA:22,0
DA:23,0
DA:25,0
DA:26,0
DA:29,0
DA:30,0
DA:33,0
DA:34,0
DA:35,0
DA:49,0
DA:50,0
DA:51,0
DA:53,0
DA:54,0
DA:57,0
DA:58,0
DA:61,0
DA:64,0
DA:66,0
DA:67,0
DA:72,0
DA:73,0
DA:75,0
DA:76,0
DA:78,0
DA:79,0
LF:35
LH:7
BRDA:25,0,0,0
BRDA:25,0,1,0
BRDA:29,1,0,0
BRDA:29,1,1,0
BRDA:50,2,0,0
BRDA:50,2,1,0
BRDA:51,3,0,0
BRDA:51,3,1,0
BRDA:53,4,0,0
BRDA:53,4,1,0
BRDA:58,5,0,0
BRDA:58,5,1,0
BRDA:73,6,0,0
BRDA:73,6,1,0
BRDA:78,7,0,0
BRDA:78,7,1,0
BRDA:10,8,0,1
BRDA:10,8,1,0
BRDA:10,9,0,1
BRDA:10,9,1,1
BRF:20
BRH:3
end_of_record
TN:
SF:src\ava-sync\ava-sync.module.ts
FNF:0
FNH:0
DA:1,0
DA:2,0
DA:3,0
DA:10,0
LF:4
LH:0
BRF:0
BRH:0
end_of_record
TN:
SF:src\ava-sync\ava-sync.service.ts
FN:8,processInChunks
FN:34,(anonymous_5)
FN:39,(anonymous_6)
FN:115,(anonymous_7)
FN:246,(anonymous_8)
FN:259,(anonymous_9)
FN:270,(anonymous_10)
FN:316,(anonymous_11)
FN:327,(anonymous_12)
FN:328,(anonymous_13)
FN:336,(anonymous_14)
FN:407,(anonymous_15)
FN:421,(anonymous_16)
FN:435,(anonymous_17)
FN:446,(anonymous_18)
FN:492,(anonymous_19)
FN:503,(anonymous_20)
FN:504,(anonymous_21)
FN:512,(anonymous_22)
FN:577,(anonymous_23)
FN:591,(anonymous_24)
FNF:21
FNH:9
FNDA:1,processInChunks
FNDA:1,(anonymous_5)
FNDA:0,(anonymous_6)
FNDA:1,(anonymous_7)
FNDA:1,(anonymous_8)
FNDA:0,(anonymous_9)
FNDA:0,(anonymous_10)
FNDA:0,(anonymous_11)
FNDA:0,(anonymous_12)
FNDA:0,(anonymous_13)
FNDA:0,(anonymous_14)
FNDA:0,(anonymous_15)
FNDA:0,(anonymous_16)
FNDA:1,(anonymous_17)
FNDA:0,(anonymous_18)
FNDA:0,(anonymous_19)
FNDA:1,(anonymous_20)
FNDA:3,(anonymous_21)
FNDA:3,(anonymous_22)
FNDA:1,(anonymous_23)
FNDA:0,(anonymous_24)
DA:1,4
DA:2,4
DA:3,4
DA:4,4
DA:5,4
DA:6,4
DA:15,1
DA:16,1
DA:17,1
DA:18,1
DA:19,1
DA:20,1
DA:21,1
DA:22,1
DA:24,1
DA:25,1
DA:26,1
DA:33,4
DA:35,1
DA:36,1
DA:40,0
DA:41,0
DA:102,0
DA:105,0
DA:106,0
DA:107,0
DA:108,0
DA:111,0
DA:116,1
DA:117,1
DA:118,1
DA:119,1
DA:121,1
DA:234,0
DA:236,0
DA:237,0
DA:240,1
DA:247,1
DA:248,0
DA:249,0
DA:250,0
DA:251,0
DA:252,0
DA:254,0
DA:255,0
DA:265,0
DA:266,0
DA:267,0
DA:269,0
DA:270,0
DA:272,0
DA:274,0
DA:275,0
DA:277,0
DA:278,0
DA:279,0
DA:281,0
DA:283,0
DA:286,0
DA:287,0
DA:288,0
DA:289,0
DA:291,0
DA:294,0
DA:295,0
DA:296,0
DA:297,0
DA:300,0
DA:301,0
DA:302,0
DA:303,0
DA:307,0
DA:308,0
DA:310,0
DA:311,0
DA:314,0
DA:315,0
DA:316,0
DA:317,0
DA:319,0
DA:322,0
DA:324,0
DA:325,0
DA:327,0
DA:328,0
DA:329,0
DA:330,0
DA:331,0
DA:334,0
DA:336,0
DA:367,0
DA:368,0
DA:369,0
DA:370,0
DA:372,0
DA:374,0
DA:406,0
DA:408,0
DA:409,0
DA:410,0
DA:414,0
DA:417,0
DA:418,0
DA:421,0
DA:423,0
DA:424,0
DA:427,0
DA:428,0
DA:431,0
DA:441,1
DA:442,1
DA:443,1
DA:445,1
DA:446,1
DA:448,1
DA:450,1
DA:451,1
DA:453,0
DA:454,0
DA:455,0
DA:457,0
DA:459,1
DA:462,1
DA:463,0
DA:464,0
DA:465,0
DA:467,0
DA:470,1
DA:471,1
DA:472,0
DA:473,0
DA:476,1
DA:477,1
DA:478,0
DA:479,0
DA:483,1
DA:484,1
DA:486,0
DA:487,0
DA:490,1
DA:491,0
DA:492,0
DA:493,0
DA:495,0
DA:498,1
DA:500,1
DA:501,1
DA:503,1
DA:504,1
DA:505,3
DA:506,3
DA:507,3
DA:510,1
DA:512,1
DA:513,3
DA:514,3
DA:541,1
DA:542,1
DA:543,3
DA:544,3
DA:545,3
DA:547,1
DA:549,1
DA:576,1
DA:578,1
DA:579,0
DA:580,0
DA:584,1
DA:587,1
DA:588,1
DA:591,1
DA:593,1
DA:594,1
DA:597,0
DA:598,0
DA:601,0
LF:176
LH:71
BRDA:21,0,0,1
BRDA:21,0,1,0
BRDA:21,1,0,1
BRDA:21,1,1,0
BRDA:21,1,2,0
BRDA:25,2,0,1
BRDA:25,2,1,0
BRDA:106,3,0,0
BRDA:106,3,1,0
BRDA:106,4,0,0
BRDA:106,4,1,0
BRDA:116,5,0,1
BRDA:116,5,1,0
BRDA:119,6,0,1
BRDA:119,6,1,0
BRDA:236,7,0,0
BRDA:236,7,1,0
BRDA:247,8,0,1
BRDA:247,8,1,0
BRDA:265,9,0,0
BRDA:265,9,1,0
BRDA:267,10,0,0
BRDA:267,10,1,0
BRDA:278,11,0,0
BRDA:278,11,1,0
BRDA:286,12,0,0
BRDA:286,12,1,0
BRDA:288,13,0,0
BRDA:288,13,1,0
BRDA:295,14,0,0
BRDA:295,14,1,0
BRDA:295,15,0,0
BRDA:295,15,1,0
BRDA:301,16,0,0
BRDA:301,16,1,0
BRDA:301,17,0,0
BRDA:301,17,1,0
BRDA:301,17,2,0
BRDA:314,18,0,0
BRDA:314,18,1,0
BRDA:315,19,0,0
BRDA:315,19,1,0
BRDA:315,20,0,0
BRDA:315,20,1,0
BRDA:315,20,2,0
BRDA:315,20,3,0
BRDA:315,20,4,0
BRDA:317,21,0,0
BRDA:317,21,1,0
BRDA:317,21,2,0
BRDA:322,22,0,0
BRDA:322,22,1,0
BRDA:329,23,0,0
BRDA:329,23,1,0
BRDA:329,23,2,0
BRDA:330,24,0,0
BRDA:330,24,1,0
BRDA:331,25,0,0
BRDA:331,25,1,0
BRDA:334,26,0,0
BRDA:334,26,1,0
BRDA:338,27,0,0
BRDA:338,27,1,0
BRDA:338,27,2,0
BRDA:339,28,0,0
BRDA:339,28,1,0
BRDA:339,28,2,0
BRDA:340,29,0,0
BRDA:340,29,1,0
BRDA:340,29,2,0
BRDA:341,30,0,0
BRDA:341,30,1,0
BRDA:341,30,2,0
BRDA:341,30,3,0
BRDA:342,31,0,0
BRDA:342,31,1,0
BRDA:342,31,2,0
BRDA:343,32,0,0
BRDA:343,32,1,0
BRDA:343,32,2,0
BRDA:344,33,0,0
BRDA:344,33,1,0
BRDA:344,33,2,0
BRDA:345,34,0,0
BRDA:345,34,1,0
BRDA:346,35,0,0
BRDA:346,35,1,0
BRDA:348,36,0,0
BRDA:348,36,1,0
BRDA:349,37,0,0
BRDA:349,37,1,0
BRDA:349,37,2,0
BRDA:350,38,0,0
BRDA:350,38,1,0
BRDA:350,38,2,0
BRDA:351,39,0,0
BRDA:351,39,1,0
BRDA:351,39,2,0
BRDA:352,40,0,0
BRDA:352,40,1,0
BRDA:353,41,0,0
BRDA:353,41,1,0
BRDA:353,41,2,0
BRDA:354,42,0,0
BRDA:354,42,1,0
BRDA:354,42,2,0
BRDA:355,43,0,0
BRDA:355,43,1,0
BRDA:355,43,2,0
BRDA:356,44,0,0
BRDA:356,44,1,0
BRDA:356,44,2,0
BRDA:356,44,3,0
BRDA:359,45,0,0
BRDA:359,45,1,0
BRDA:359,45,2,0
BRDA:359,45,3,0
BRDA:360,46,0,0
BRDA:360,46,1,0
BRDA:360,46,2,0
BRDA:360,46,3,0
BRDA:361,47,0,0
BRDA:361,47,1,0
BRDA:361,47,2,0
BRDA:361,47,3,0
BRDA:362,48,0,0
BRDA:362,48,1,0
BRDA:408,49,0,0
BRDA:408,49,1,0
BRDA:417,50,0,0
BRDA:417,50,1,0
BRDA:423,51,0,0
BRDA:423,51,1,0
BRDA:428,52,0,0
BRDA:428,52,1,0
BRDA:428,53,0,0
BRDA:428,53,1,0
BRDA:430,54,0,0
BRDA:430,54,1,0
BRDA:441,55,0,0
BRDA:441,55,1,1
BRDA:443,56,0,0
BRDA:443,56,1,1
BRDA:454,57,0,0
BRDA:454,57,1,0
BRDA:462,58,0,0
BRDA:462,58,1,1
BRDA:464,59,0,0
BRDA:464,59,1,0
BRDA:471,60,0,0
BRDA:471,60,1,1
BRDA:471,61,0,1
BRDA:471,61,1,1
BRDA:477,62,0,0
BRDA:477,62,1,1
BRDA:477,63,0,1
BRDA:477,63,1,1
BRDA:477,63,2,1
BRDA:490,64,0,0
BRDA:490,64,1,1
BRDA:491,65,0,0
BRDA:491,65,1,0
BRDA:491,66,0,0
BRDA:491,66,1,0
BRDA:491,66,2,0
BRDA:491,66,3,0
BRDA:491,66,4,0
BRDA:493,67,0,0
BRDA:493,67,1,0
BRDA:493,67,2,0
BRDA:498,68,0,0
BRDA:498,68,1,1
BRDA:505,69,0,3
BRDA:505,69,1,0
BRDA:506,70,0,3
BRDA:506,70,1,0
BRDA:507,71,0,3
BRDA:507,71,1,3
BRDA:510,72,0,0
BRDA:510,72,1,1
BRDA:513,73,0,3
BRDA:513,73,1,1
BRDA:513,73,2,0
BRDA:513,73,3,0
BRDA:519,74,0,3
BRDA:519,74,1,0
BRDA:520,75,0,3
BRDA:520,75,1,3
BRDA:524,76,0,3
BRDA:524,76,1,0
BRDA:525,77,0,3
BRDA:525,77,1,3
BRDA:526,78,0,3
BRDA:526,78,1,3
BRDA:527,79,0,3
BRDA:527,79,1,3
BRDA:531,80,0,3
BRDA:531,80,1,0
BRDA:531,80,2,0
BRDA:535,81,0,3
BRDA:535,81,1,3
BRDA:543,82,0,3
BRDA:543,82,1,0
BRDA:543,82,2,0
BRDA:578,83,0,0
BRDA:578,83,1,1
BRDA:587,84,0,0
BRDA:587,84,1,1
BRDA:593,85,0,0
BRDA:593,85,1,1
BRDA:598,86,0,0
BRDA:598,86,1,0
BRDA:598,87,0,0
BRDA:598,87,1,0
BRDA:600,88,0,0
BRDA:600,88,1,0
BRDA:35,89,0,4
BRDA:35,89,1,0
BRDA:35,90,0,4
BRDA:35,90,1,4
BRDA:35,91,0,4
BRDA:35,91,1,0
BRDA:35,92,0,4
BRDA:35,92,1,4
BRF:224
BRH:48
end_of_record
TN:
SF:src\cache\cache.module.ts
FNF:0
FNH:0
DA:1,0
DA:2,0
DA:9,0
LF:3
LH:0
BRF:0
BRH:0
end_of_record
TN:
SF:src\cache\cache.service.ts
FN:16,(anonymous_2)
FN:29,(anonymous_3)
FN:37,(anonymous_4)
FN:42,(anonymous_5)
FN:50,(anonymous_6)
FN:60,(anonymous_7)
FN:70,(anonymous_8)
FN:74,(anonymous_9)
FN:101,(anonymous_10)
FN:132,(anonymous_11)
FN:144,(anonymous_12)
FN:147,(anonymous_13)
FN:168,(anonymous_14)
FNF:13
FNH:9
FNDA:5,(anonymous_2)
FNDA:0,(anonymous_3)
FNDA:0,(anonymous_4)
FNDA:0,(anonymous_5)
FNDA:0,(anonymous_6)
FNDA:5,(anonymous_7)
FNDA:18,(anonymous_8)
FNDA:9,(anonymous_9)
FNDA:7,(anonymous_10)
FNDA:1,(anonymous_11)
FNDA:2,(anonymous_12)
FNDA:1,(anonymous_13)
FNDA:2,(anonymous_14)
DA:1,10
DA:2,10
DA:10,10
DA:11,5
DA:12,5
DA:13,5
DA:14,5
DA:17,5
DA:18,5
DA:19,5
DA:21,5
DA:22,5
DA:30,0
DA:31,0
DA:33,0
DA:37,5
DA:38,0
DA:39,0
DA:42,5
DA:43,0
DA:44,0
DA:46,0
DA:50,5
DA:51,0
DA:52,0
DA:55,0
DA:56,0
DA:61,5
DA:62,5
DA:63,5
DA:71,18
DA:75,9
DA:76,0
DA:77,0
DA:78,0
DA:79,0
DA:81,0
DA:86,9
DA:87,9
DA:89,3
DA:90,0
DA:91,0
DA:94,3
DA:95,3
DA:97,0
DA:102,7
DA:104,7
DA:105,0
DA:106,0
DA:107,0
DA:109,0
DA:111,0
DA:113,0
DA:118,7
DA:119,7
DA:122,7
DA:123,0
DA:124,0
DA:125,0
DA:126,0
DA:133,1
DA:134,1
DA:136,1
DA:137,0
DA:138,0
DA:140,0
DA:144,2
DA:148,1
DA:149,0
DA:150,0
DA:151,0
DA:152,0
DA:155,0
DA:160,1
DA:161,1
DA:162,3
DA:163,2
DA:169,2
DA:170,2
DA:171,1
DA:174,1
DA:175,1
DA:176,1
DA:179,1
LF:84
LH:46
BRDA:17,0,0,5
BRDA:17,0,1,5
BRDA:18,1,0,5
BRDA:18,1,1,5
BRDA:19,2,0,5
BRDA:19,2,1,5
BRDA:30,3,0,0
BRDA:30,3,1,0
BRDA:43,4,0,0
BRDA:43,4,1,0
BRDA:61,5,0,5
BRDA:61,5,1,0
BRDA:71,6,0,18
BRDA:71,6,1,0
BRDA:75,7,0,0
BRDA:75,7,1,9
BRDA:75,8,0,9
BRDA:75,8,1,0
BRDA:78,9,0,0
BRDA:78,9,1,0
BRDA:87,10,0,6
BRDA:87,10,1,3
BRDA:89,11,0,0
BRDA:89,11,1,3
BRDA:89,12,0,3
BRDA:89,12,1,1
BRDA:104,13,0,0
BRDA:104,13,1,7
BRDA:104,14,0,7
BRDA:104,14,1,0
BRDA:106,15,0,0
BRDA:106,15,1,0
BRDA:106,16,0,0
BRDA:106,16,1,0
BRDA:118,17,0,1
BRDA:118,17,1,6
BRDA:118,18,0,7
BRDA:118,18,1,1
BRDA:122,19,0,0
BRDA:122,19,1,7
BRDA:125,20,0,0
BRDA:125,20,1,0
BRDA:125,21,0,0
BRDA:125,21,1,0
BRDA:133,22,0,1
BRDA:133,22,1,0
BRDA:134,23,0,0
BRDA:134,23,1,1
BRDA:136,24,0,0
BRDA:136,24,1,1
BRDA:136,25,0,1
BRDA:136,25,1,0
BRDA:148,26,0,0
BRDA:148,26,1,1
BRDA:148,27,0,1
BRDA:148,27,1,0
BRDA:151,28,0,0
BRDA:151,28,1,0
BRDA:162,29,0,2
BRDA:162,29,1,1
BRDA:168,30,0,0
BRDA:170,31,0,1
BRDA:170,31,1,1
BRDA:170,32,0,2
BRDA:170,32,1,1
BRDA:175,33,0,1
BRDA:175,33,1,0
BRF:67
BRH:35
end_of_record
TN:
SF:src\common\filters\global-exception.filter.ts
FN:15,(anonymous_1)
FNF:1
FNH:1
FNDA:3,(anonymous_1)
DA:1,1
DA:12,1
DA:13,3
DA:16,3
DA:17,3
DA:18,3
DA:20,3
DA:21,3
DA:23,3
DA:24,3
DA:25,3
DA:27,3
DA:28,2
DA:29,2
DA:31,2
DA:32,2
DA:33,2
DA:34,2
DA:35,0
DA:36,0
DA:37,0
DA:39,0
DA:40,0
DA:42,1
DA:43,1
DA:44,1
DA:49,3
DA:59,3
DA:60,1
DA:61,1
DA:66,2
DA:72,3
LF:32
LH:27
BRDA:21,0,0,3
BRDA:21,0,1,0
BRDA:21,0,2,0
BRDA:27,1,0,2
BRDA:27,1,1,1
BRDA:31,2,0,2
BRDA:31,2,1,0
BRDA:31,3,0,2
BRDA:31,3,1,2
BRDA:33,4,0,2
BRDA:33,4,1,0
BRDA:34,5,0,2
BRDA:34,5,1,0
BRDA:35,6,0,0
BRDA:35,6,1,0
BRDA:42,7,0,1
BRDA:42,7,1,0
BRDA:43,8,0,1
BRDA:43,8,1,0
BRDA:44,9,0,0
BRDA:44,9,1,1
BRDA:46,10,0,1
BRDA:46,10,1,0
BRDA:55,11,0,3
BRDA:55,11,1,3
BRDA:59,12,0,1
BRDA:59,12,1,2
BRDA:60,13,0,1
BRDA:60,13,1,0
BRF:29
BRH:17
end_of_record
TN:
SF:src\common\interceptors\logging.interceptor.ts
FN:16,(anonymous_1)
FN:30,(anonymous_2)
FN:38,(anonymous_3)
FNF:3
FNH:3
FNDA:2,(anonymous_1)
FNDA:1,(anonymous_2)
FNDA:1,(anonymous_3)
DA:1,1
DA:9,1
DA:13,1
DA:14,2
DA:17,2
DA:18,2
DA:19,2
DA:21,2
DA:22,2
DA:23,2
DA:24,2
DA:26,2
DA:28,2
DA:31,1
DA:32,1
DA:34,1
DA:39,1
DA:40,1
DA:42,1
LF:19
LH:19
BRDA:22,0,0,2
BRDA:22,0,1,0
BRDA:22,0,2,0
BRDA:24,1,0,2
BRDA:24,1,1,2
BRDA:24,1,2,2
BRDA:24,1,3,2
BRDA:40,2,0,1
BRDA:40,2,1,1
BRDA:40,2,2,1
BRDA:43,3,0,1
BRDA:43,3,1,0
BRF:12
BRH:9
end_of_record
TN:
SF:src\common\middleware\request-id.middleware.ts
FN:15,(anonymous_1)
FNF:1
FNH:1
FNDA:2,(anonymous_1)
DA:1,1
DA:3,1
DA:14,1
DA:16,2
DA:17,2
DA:19,2
DA:20,2
DA:22,2
LF:8
LH:8
BRDA:16,0,0,2
BRDA:16,0,1,1
BRDA:17,1,0,2
BRDA:17,1,1,1
BRDA:17,2,0,0
BRDA:17,2,1,2
BRF:6
BRH:5
end_of_record
TN:
SF:src\config\app-config.ts
FN:3,splitCsv
FN:6,(anonymous_1)
FN:10,getOrigin
FN:19,parseDate
FN:25,getDefaultPeriod
FN:29,getAcademicPhaseDates
FN:46,getLyceumActivePeriods
FN:54,getAllowedCorsOrigins
FN:61,(anonymous_8)
FN:70,isOriginAllowed
FN:73,(anonymous_10)
FNF:11
FNH:3
FNDA:0,splitCsv
FNDA:0,(anonymous_1)
FNDA:0,getOrigin
FNDA:6,parseDate
FNDA:2,getDefaultPeriod
FNDA:1,getAcademicPhaseDates
FNDA:0,getLyceumActivePeriods
FNDA:0,getAllowedCorsOrigins
FNDA:0,(anonymous_8)
FNDA:0,isOriginAllowed
FNDA:0,(anonymous_10)
DA:1,3
DA:4,0
DA:6,0
DA:11,0
DA:12,0
DA:13,0
DA:15,0
DA:20,6
DA:21,6
DA:22,6
DA:25,3
DA:26,2
DA:29,3
DA:30,1
DA:46,3
DA:47,0
DA:48,0
DA:50,0
DA:51,0
DA:54,3
DA:55,0
DA:56,0
DA:61,0
DA:63,0
DA:67,0
DA:70,3
DA:71,0
DA:73,0
DA:74,0
DA:75,0
DA:76,0
DA:77,0
DA:79,0
LF:33
LH:11
BRDA:4,0,0,0
BRDA:4,0,1,0
BRDA:11,1,0,0
BRDA:11,1,1,0
BRDA:20,2,0,6
BRDA:20,2,1,6
BRDA:22,3,0,0
BRDA:22,3,1,6
BRDA:26,4,0,2
BRDA:26,4,1,2
BRDA:48,5,0,0
BRDA:48,5,1,0
BRDA:51,6,0,0
BRDA:51,6,1,0
BRDA:63,7,0,0
BRDA:63,7,1,0
BRDA:70,8,0,0
BRDA:71,9,0,0
BRDA:71,9,1,0
BRDA:74,10,0,0
BRDA:74,10,1,0
BRDA:75,11,0,0
BRDA:75,11,1,0
BRF:23
BRH:5
end_of_record
TN:
SF:src\db\db.module.ts
FNF:0
FNH:0
DA:1,0
DA:2,0
DA:9,0
LF:3
LH:0
BRF:0
BRH:0
end_of_record
TN:
SF:src\db\db.provider.ts
FN:10,(anonymous_10)
FN:26,(anonymous_11)
FNF:2
FNH:0
FNDA:0,(anonymous_10)
FNDA:0,(anonymous_11)
DA:2,16
DA:3,16
DA:4,16
DA:6,16
DA:8,16
DA:11,0
DA:12,0
DA:13,0
DA:16,0
DA:20,0
DA:29,0
LF:11
LH:5
BRDA:12,0,0,0
BRDA:12,0,1,0
BRDA:16,1,0,0
BRDA:16,1,1,0
BRDA:18,2,0,0
BRDA:18,2,1,0
BRF:6
BRH:0
end_of_record
TN:
SF:src\db\fix-grades.ts
FN:19,fixDatabase
FNF:1
FNH:0
FNDA:0,fixDatabase
DA:1,0
DA:2,0
DA:3,0
DA:4,0
DA:7,0
DA:9,0
DA:11,0
DA:12,0
DA:13,0
DA:16,0
DA:17,0
DA:20,0
DA:22,0
DA:24,0
DA:25,0
DA:26,0
DA:29,0
DA:30,0
DA:31,0
DA:35,0
DA:37,0
DA:38,0
DA:40,0
DA:44,0
DA:45,0
DA:47,0
DA:48,0
DA:52,0
LF:28
LH:0
BRDA:11,0,0,0
BRDA:11,0,1,0
BRDA:37,1,0,0
BRDA:37,1,1,0
BRF:4
BRH:0
end_of_record
TN:
SF:src\db\index.ts
FNF:0
FNH:0
DA:2,0
DA:3,0
DA:4,0
DA:5,0
DA:6,0
DA:8,0
DA:9,0
DA:10,0
LF:8
LH:0
BRF:0
BRH:0
end_of_record
TN:
SF:src\db\reset.ts
FN:6,hashPassword
FN:11,main
FN:22,(anonymous_11)
FN:22,(anonymous_12)
FNF:4
FNH:0
FNDA:0,hashPassword
FNDA:0,main
FNDA:0,(anonymous_11)
FNDA:0,(anonymous_12)
DA:1,0
DA:2,0
DA:3,0
DA:4,0
DA:6,0
DA:7,0
DA:8,0
DA:12,0
DA:13,0
DA:15,0
DA:19,0
DA:22,0
DA:23,0
DA:24,0
LF:14
LH:0
BRF:0
BRH:0
end_of_record
TN:
SF:src\db\schema.ts
FN:13,(anonymous_0)
FN:21,(anonymous_1)
FN:26,(anonymous_2)
FN:35,(anonymous_3)
FN:40,(anonymous_4)
FN:41,(anonymous_5)
FN:43,(anonymous_6)
FN:49,(anonymous_7)
FN:55,(anonymous_8)
FN:56,(anonymous_9)
FN:57,(anonymous_10)
FN:63,(anonymous_11)
FN:64,(anonymous_12)
FN:65,(anonymous_13)
FN:71,(anonymous_14)
FN:72,(anonymous_15)
FN:77,(anonymous_16)
FN:86,(anonymous_17)
FN:112,(anonymous_18)
FN:125,(anonymous_19)
FN:156,(anonymous_20)
FN:169,(anonymous_21)
FN:208,(anonymous_22)
FN:224,(anonymous_23)
FN:235,(anonymous_24)
FN:236,(anonymous_25)
FN:243,(anonymous_26)
FN:250,(anonymous_27)
FN:251,(anonymous_28)
FN:260,(anonymous_29)
FN:274,(anonymous_30)
FN:282,(anonymous_31)
FN:291,(anonymous_32)
FN:297,(anonymous_33)
FN:309,(anonymous_34)
FN:336,(anonymous_35)
FN:366,(anonymous_36)
FN:388,(anonymous_37)
FN:395,(anonymous_38)
FN:402,(anonymous_39)
FNF:40
FNH:0
FNDA:0,(anonymous_0)
FNDA:0,(anonymous_1)
FNDA:0,(anonymous_2)
FNDA:0,(anonymous_3)
FNDA:0,(anonymous_4)
FNDA:0,(anonymous_5)
FNDA:0,(anonymous_6)
FNDA:0,(anonymous_7)
FNDA:0,(anonymous_8)
FNDA:0,(anonymous_9)
FNDA:0,(anonymous_10)
FNDA:0,(anonymous_11)
FNDA:0,(anonymous_12)
FNDA:0,(anonymous_13)
FNDA:0,(anonymous_14)
FNDA:0,(anonymous_15)
FNDA:0,(anonymous_16)
FNDA:0,(anonymous_17)
FNDA:0,(anonymous_18)
FNDA:0,(anonymous_19)
FNDA:0,(anonymous_20)
FNDA:0,(anonymous_21)
FNDA:0,(anonymous_22)
FNDA:0,(anonymous_23)
FNDA:0,(anonymous_24)
FNDA:0,(anonymous_25)
FNDA:0,(anonymous_26)
FNDA:0,(anonymous_27)
FNDA:0,(anonymous_28)
FNDA:0,(anonymous_29)
FNDA:0,(anonymous_30)
FNDA:0,(anonymous_31)
FNDA:0,(anonymous_32)
FNDA:0,(anonymous_33)
FNDA:0,(anonymous_34)
FNDA:0,(anonymous_35)
FNDA:0,(anonymous_36)
FNDA:0,(anonymous_37)
FNDA:0,(anonymous_38)
FNDA:0,(anonymous_39)
DA:1,16
DA:12,16
DA:13,0
DA:21,0
DA:25,16
DA:26,0
DA:35,0
DA:39,16
DA:40,0
DA:41,0
DA:43,0
DA:48,16
DA:49,0
DA:54,16
DA:55,0
DA:56,0
DA:57,0
DA:62,16
DA:63,0
DA:64,0
DA:65,0
DA:70,16
DA:71,0
DA:72,0
DA:77,0
DA:85,16
DA:86,0
DA:112,0
DA:124,16
DA:125,0
DA:156,0
DA:168,16
DA:169,0
DA:208,0
DA:223,16
DA:224,0
DA:234,16
DA:235,0
DA:236,0
DA:243,0
DA:249,16
DA:250,0
DA:251,0
DA:260,0
DA:271,16
DA:274,0
DA:279,16
DA:282,0
DA:286,16
DA:291,0
DA:296,16
DA:297,0
DA:308,16
DA:309,0
DA:322,16
DA:336,0
DA:345,16
DA:366,0
DA:376,16
DA:388,0
DA:394,16
DA:395,0
DA:402,0
LF:63
LH:23
BRF:0
BRH:0
end_of_record
TN:
SF:src\db\seed-openlms.ts
FN:5,main
FN:87,(anonymous_1)
FN:87,(anonymous_2)
FNF:3
FNH:0
FNDA:0,main
FNDA:0,(anonymous_1)
FNDA:0,(anonymous_2)
DA:1,0
DA:2,0
DA:3,0
DA:6,0
DA:8,0
DA:67,0
DA:68,0
DA:69,0
DA:70,0
DA:71,0
DA:74,0
DA:76,0
DA:77,0
DA:80,0
DA:84,0
DA:87,0
DA:88,0
DA:89,0
LF:18
LH:0
BRDA:70,0,0,0
BRDA:70,0,1,0
BRF:2
BRH:0
end_of_record
TN:
SF:src\db\seed.ts
FN:19,hashPassword
FN:24,main
FN:324,(anonymous_11)
FN:326,(anonymous_12)
FNF:4
FNH:0
FNDA:0,hashPassword
FNDA:0,main
FNDA:0,(anonymous_11)
FNDA:0,(anonymous_12)
DA:1,0
DA:2,0
DA:16,0
DA:17,0
DA:19,0
DA:20,0
DA:21,0
DA:25,0
DA:28,0
DA:29,0
DA:30,0
DA:31,0
DA:32,0
DA:33,0
DA:34,0
DA:35,0
DA:36,0
DA:37,0
DA:38,0
DA:40,0
DA:43,0
DA:51,0
DA:53,0
DA:61,0
DA:63,0
DA:66,0
DA:70,0
DA:72,0
DA:74,0
DA:75,0
DA:76,0
DA:80,0
DA:86,0
DA:88,0
DA:91,0
DA:97,0
DA:102,0
DA:107,0
DA:110,0
DA:113,0
DA:121,0
DA:129,0
DA:133,0
DA:134,0
DA:135,0
DA:136,0
DA:137,0
DA:140,0
DA:148,0
DA:156,0
DA:164,0
DA:173,0
DA:190,0
DA:194,0
DA:222,0
DA:235,0
DA:238,0
DA:247,0
DA:250,0
DA:251,0
DA:310,0
DA:311,0
DA:312,0
DA:313,0
DA:314,0
DA:315,0
DA:318,0
DA:321,0
DA:324,0
DA:325,0
DA:327,0
DA:328,0
LF:72
LH:0
BRDA:75,0,0,0
BRDA:75,0,1,0
BRDA:313,1,0,0
BRDA:313,1,1,0
BRF:4
BRH:0
end_of_record
TN:
SF:src\groups\groups.controller.ts
FN:10,(anonymous_4)
FN:13,(anonymous_5)
FN:18,(anonymous_6)
FN:23,(anonymous_7)
FN:28,(anonymous_8)
FN:33,(anonymous_9)
FNF:6
FNH:1
FNDA:1,(anonymous_4)
FNDA:0,(anonymous_5)
FNDA:0,(anonymous_6)
FNDA:0,(anonymous_7)
FNDA:0,(anonymous_8)
FNDA:0,(anonymous_9)
DA:1,1
DA:2,1
DA:3,1
DA:4,1
DA:5,1
DA:9,1
DA:10,1
DA:13,1
DA:14,0
DA:18,1
DA:19,0
DA:23,1
DA:24,0
DA:28,1
DA:29,0
DA:33,1
DA:34,0
LF:17
LH:12
BRDA:24,0,0,0
BRDA:24,0,1,0
BRDA:24,1,0,0
BRDA:24,1,1,0
BRDA:29,2,0,0
BRDA:29,2,1,0
BRDA:29,3,0,0
BRDA:29,3,1,0
BRDA:23,4,0,1
BRDA:23,4,1,0
BRDA:23,5,0,1
BRDA:23,5,1,1
BRDA:28,6,0,1
BRDA:28,6,1,0
BRDA:28,7,0,1
BRDA:28,7,1,1
BRDA:10,8,0,1
BRDA:10,8,1,0
BRDA:10,9,0,1
BRDA:10,9,1,1
BRF:20
BRH:9
end_of_record
TN:
SF:src\groups\groups.module.ts
FNF:0
FNH:0
DA:1,0
DA:2,0
DA:3,0
DA:9,0
LF:4
LH:0
BRF:0
BRH:0
end_of_record
TN:
SF:src\groups\groups.service.ts
FN:17,(anonymous_4)
FN:22,(anonymous_5)
FN:28,(anonymous_6)
FN:34,(anonymous_7)
FN:48,(anonymous_8)
FN:51,(anonymous_9)
FN:62,(anonymous_10)
FN:65,(anonymous_11)
FN:69,(anonymous_12)
FN:74,(anonymous_13)
FN:87,(anonymous_14)
FN:91,(anonymous_15)
FN:97,(anonymous_16)
FN:110,(anonymous_17)
FNF:14
FNH:1
FNDA:1,(anonymous_4)
FNDA:0,(anonymous_5)
FNDA:0,(anonymous_6)
FNDA:0,(anonymous_7)
FNDA:0,(anonymous_8)
FNDA:0,(anonymous_9)
FNDA:0,(anonymous_10)
FNDA:0,(anonymous_11)
FNDA:0,(anonymous_12)
FNDA:0,(anonymous_13)
FNDA:0,(anonymous_14)
FNDA:0,(anonymous_15)
FNDA:0,(anonymous_16)
FNDA:0,(anonymous_17)
DA:1,2
DA:2,2
DA:3,2
DA:4,2
DA:5,2
DA:6,2
DA:7,2
DA:16,2
DA:18,1
DA:19,1
DA:23,0
DA:24,0
DA:29,0
DA:30,0
DA:32,0
DA:34,0
DA:35,0
DA:41,0
DA:42,0
DA:43,0
DA:44,0
DA:45,0
DA:48,0
DA:52,0
DA:53,0
DA:54,0
DA:56,0
DA:62,0
DA:66,0
DA:67,0
DA:69,0
DA:70,0
DA:72,0
DA:73,0
DA:74,0
DA:79,0
DA:80,0
DA:82,0
DA:84,0
DA:88,0
DA:89,0
DA:91,0
DA:92,0
DA:94,0
DA:95,0
DA:96,0
DA:97,0
DA:102,0
DA:103,0
DA:105,0
DA:107,0
DA:111,0
DA:112,0
DA:114,0
DA:115,0
DA:117,0
DA:119,0
LF:57
LH:10
BRDA:23,0,0,0
BRDA:23,0,1,0
BRDA:32,1,0,0
BRDA:32,1,1,0
BRDA:43,2,0,0
BRDA:43,2,1,0
BRDA:48,3,0,0
BRDA:48,3,1,0
BRDA:54,4,0,0
BRDA:54,4,1,0
BRDA:67,5,0,0
BRDA:67,5,1,0
BRDA:72,6,0,0
BRDA:72,6,1,0
BRDA:72,7,0,0
BRDA:72,7,1,0
BRDA:79,8,0,0
BRDA:79,8,1,0
BRDA:89,9,0,0
BRDA:89,9,1,0
BRDA:95,10,0,0
BRDA:95,10,1,0
BRDA:95,11,0,0
BRDA:95,11,1,0
BRDA:102,12,0,0
BRDA:102,12,1,0
BRDA:114,13,0,0
BRDA:114,13,1,0
BRDA:18,14,0,2
BRDA:18,14,1,0
BRDA:18,15,0,2
BRDA:18,15,1,2
BRDA:18,16,0,2
BRDA:18,16,1,0
BRDA:18,17,0,2
BRDA:18,17,1,2
BRF:36
BRH:6
end_of_record
TN:
SF:src\groups\dto\create-group.dto.ts
FNF:0
FNH:0
DA:1,1
DA:3,1
DA:6,1
DA:10,1
DA:15,1
LF:5
LH:5
BRF:0
BRH:0
end_of_record
TN:
SF:src\groups\dto\update-group.dto.ts
FNF:0
FNH:0
DA:1,1
DA:3,1
DA:6,1
DA:10,1
DA:15,1
LF:5
LH:5
BRF:0
BRH:0
end_of_record
TN:
SF:src\health\health.controller.ts
FN:8,(anonymous_4)
FN:12,(anonymous_5)
FNF:2
FNH:2
FNDA:2,(anonymous_4)
FNDA:2,(anonymous_5)
DA:1,1
DA:3,1
DA:4,1
DA:7,1
DA:8,2
DA:12,1
DA:13,2
DA:15,2
DA:19,2
LF:9
LH:9
BRDA:15,0,0,1
BRDA:15,0,1,1
BRDA:8,1,0,1
BRDA:8,1,1,0
BRDA:8,2,0,1
BRDA:8,2,1,1
BRF:6
BRH:5
end_of_record
TN:
SF:src\health\health.module.ts
FNF:0
FNH:0
DA:1,0
DA:2,0
DA:3,0
DA:4,0
DA:5,0
DA:6,0
DA:14,0
LF:7
LH:0
BRF:0
BRH:0
end_of_record
TN:
SF:src\health\health.service.ts
FN:40,(anonymous_4)
FN:46,(anonymous_5)
FNF:2
FNH:2
FNDA:3,(anonymous_4)
FNDA:3,(anonymous_5)
DA:1,2
DA:2,2
DA:3,2
DA:4,2
DA:5,2
DA:6,2
DA:39,2
DA:41,3
DA:42,3
DA:43,3
DA:47,3
DA:48,3
DA:55,3
DA:56,3
DA:57,3
DA:58,3
DA:59,2
DA:64,1
DA:71,3
DA:75,3
DA:76,3
DA:80,3
DA:84,3
DA:85,3
DA:90,3
DA:91,3
DA:92,1
DA:93,2
DA:94,1
DA:97,3
LF:30
LH:30
BRDA:66,0,0,1
BRDA:66,0,1,0
BRDA:75,1,0,3
BRDA:75,1,1,0
BRDA:84,2,0,3
BRDA:84,2,1,0
BRDA:91,3,0,1
BRDA:91,3,1,2
BRDA:93,4,0,1
BRDA:93,4,1,1
BRDA:93,5,0,2
BRDA:93,5,1,1
BRDA:101,6,0,3
BRDA:101,6,1,0
BRDA:41,7,0,2
BRDA:41,7,1,0
BRDA:41,8,0,2
BRDA:41,8,1,2
BRDA:41,9,0,2
BRDA:41,9,1,0
BRDA:41,10,0,2
BRDA:41,10,1,2
BRDA:42,11,0,2
BRDA:42,11,1,0
BRDA:42,12,0,2
BRDA:42,12,1,2
BRF:26
BRH:19
end_of_record
TN:
SF:src\jobs\jobs.constants.ts
FNF:0
FNH:0
DA:1,6
DA:2,6
DA:4,6
DA:5,6
LF:4
LH:4
BRF:0
BRH:0
end_of_record
TN:
SF:src\jobs\jobs.controller.ts
FN:8,(anonymous_4)
FN:11,(anonymous_5)
FNF:2
FNH:2
FNDA:2,(anonymous_4)
FNDA:1,(anonymous_5)
DA:1,1
DA:2,1
DA:3,1
DA:7,1
DA:8,2
DA:11,1
DA:15,1
LF:7
LH:7
BRDA:14,0,0,1
BRDA:14,0,1,0
BRDA:14,1,0,1
BRDA:14,1,1,1
BRDA:8,2,0,1
BRDA:8,2,1,0
BRDA:8,3,0,1
BRDA:8,3,1,1
BRF:8
BRH:6
end_of_record
TN:
SF:src\jobs\jobs.module.ts
FN:14,(anonymous_1)
FN:21,(anonymous_2)
FN:35,(anonymous_3)
FN:36,(anonymous_4)
FNF:4
FNH:0
FNDA:0,(anonymous_1)
FNDA:0,(anonymous_2)
FNDA:0,(anonymous_3)
FNDA:0,(anonymous_4)
DA:1,0
DA:2,0
DA:3,0
DA:4,0
DA:5,0
DA:6,0
DA:7,0
DA:8,0
DA:9,0
DA:14,0
DA:22,0
DA:35,0
DA:36,0
DA:42,0
LF:14
LH:0
BRDA:16,0,0,0
BRDA:16,0,1,0
BRDA:17,1,0,0
BRDA:17,1,1,0
BRDA:18,2,0,0
BRDA:18,2,1,0
BRF:6
BRH:0
end_of_record
TN:
SF:src\jobs\jobs.service.ts
FN:26,(anonymous_4)
FN:31,(anonymous_5)
FN:37,(anonymous_6)
FN:71,(anonymous_7)
FN:95,(anonymous_8)
FN:137,(anonymous_9)
FNF:6
FNH:5
FNDA:7,(anonymous_4)
FNDA:3,(anonymous_5)
FNDA:2,(anonymous_6)
FNDA:1,(anonymous_7)
FNDA:3,(anonymous_8)
FNDA:0,(anonymous_9)
DA:1,6
DA:2,6
DA:3,6
DA:4,6
DA:23,6
DA:24,7
DA:27,7
DA:28,7
DA:32,3
DA:33,1
DA:34,1
DA:39,2
DA:40,2
DA:42,2
DA:43,2
DA:44,1
DA:45,1
DA:48,1
DA:67,1
DA:68,1
DA:72,1
DA:91,1
DA:92,1
DA:96,3
DA:97,2
DA:99,2
DA:100,1
DA:103,1
DA:104,1
DA:106,1
DA:107,1
DA:109,1
DA:110,0
DA:111,1
DA:112,1
DA:113,1
DA:116,1
DA:117,0
DA:120,1
DA:138,0
DA:139,0
DA:140,0
DA:141,0
DA:143,0
LF:44
LH:37
BRDA:32,0,0,2
BRDA:32,0,1,1
BRDA:33,1,0,0
BRDA:33,1,1,1
BRDA:43,2,0,1
BRDA:43,2,1,1
BRDA:99,3,0,1
BRDA:99,3,1,1
BRDA:109,4,0,0
BRDA:109,4,1,1
BRDA:111,5,0,1
BRDA:111,5,1,0
BRDA:111,6,0,1
BRDA:111,6,1,1
BRDA:112,7,0,1
BRDA:112,7,1,0
BRDA:116,8,0,0
BRDA:116,8,1,1
BRDA:27,9,0,6
BRDA:27,9,1,0
BRDA:27,10,0,6
BRDA:27,10,1,6
BRDA:27,11,0,6
BRDA:27,11,1,0
BRDA:27,12,0,6
BRDA:27,12,1,6
BRF:26
BRH:19
end_of_record
TN:
SF:src\jobs\processors\academic-sync.processor.ts
FN:13,(anonymous_2)
FN:17,(anonymous_3)
FN:22,(anonymous_4)
FNF:3
FNH:0
FNDA:0,(anonymous_2)
FNDA:0,(anonymous_3)
FNDA:0,(anonymous_4)
DA:1,0
DA:2,0
DA:4,0
DA:5,0
DA:10,0
DA:11,0
DA:13,0
DA:14,0
DA:18,0
DA:20,0
DA:22,0
DA:23,0
DA:24,0
DA:27,0
DA:29,0
DA:30,0
DA:33,0
DA:34,0
DA:35,0
LF:19
LH:0
BRDA:29,0,0,0
BRDA:29,0,1,0
BRDA:29,1,0,0
BRDA:29,1,1,0
BRDA:30,2,0,0
BRDA:30,2,1,0
BRDA:13,3,0,0
BRDA:13,3,1,0
BRDA:13,4,0,0
BRDA:13,4,1,0
BRF:10
BRH:0
end_of_record
TN:
SF:src\jobs\processors\ava-sync.processor.ts
FN:18,(anonymous_2)
FN:22,(anonymous_3)
FN:43,(anonymous_4)
FN:44,(anonymous_5)
FN:58,(anonymous_6)
FN:70,(anonymous_7)
FN:72,(anonymous_8)
FN:76,(anonymous_9)
FNF:8
FNH:0
FNDA:0,(anonymous_2)
FNDA:0,(anonymous_3)
FNDA:0,(anonymous_4)
FNDA:0,(anonymous_5)
FNDA:0,(anonymous_6)
FNDA:0,(anonymous_7)
FNDA:0,(anonymous_8)
FNDA:0,(anonymous_9)
DA:1,0
DA:2,0
DA:4,0
DA:5,0
DA:15,0
DA:16,0
DA:18,0
DA:19,0
DA:23,0
DA:24,0
DA:26,0
DA:28,0
DA:42,0
DA:43,0
DA:44,0
DA:46,0
DA:47,0
DA:50,0
DA:51,0
DA:53,0
DA:54,0
DA:55,0
DA:56,0
DA:58,0
DA:59,0
DA:60,0
DA:61,0
DA:64,0
DA:67,0
DA:70,0
DA:71,0
DA:72,0
DA:73,0
DA:76,0
DA:77,0
DA:78,0
DA:80,0
LF:37
LH:0
BRDA:23,0,0,0
BRDA:23,0,1,0
BRDA:24,1,0,0
BRDA:24,1,1,0
BRDA:24,2,0,0
BRDA:24,2,1,0
BRDA:43,3,0,0
BRDA:43,3,1,0
BRDA:44,4,0,0
BRDA:44,4,1,0
BRDA:46,5,0,0
BRDA:46,5,1,0
BRDA:64,6,0,0
BRDA:64,6,1,0
BRDA:71,7,0,0
BRDA:71,7,1,0
BRDA:71,8,0,0
BRDA:71,8,1,0
BRDA:72,9,0,0
BRDA:72,9,1,0
BRDA:77,10,0,0
BRDA:77,10,1,0
BRDA:18,11,0,0
BRDA:18,11,1,0
BRDA:18,12,0,0
BRDA:18,12,1,0
BRF:26
BRH:0
end_of_record
TN:
SF:src\scheduling\scheduling.controller.ts
FN:14,(anonymous_4)
FN:17,(anonymous_5)
FN:23,(anonymous_6)
FN:29,(anonymous_7)
FN:38,(anonymous_8)
FN:54,(anonymous_9)
FN:60,(anonymous_10)
FN:69,(anonymous_11)
FN:78,(anonymous_12)
FN:99,(anonymous_13)
FN:105,(anonymous_14)
FN:111,(anonymous_15)
FN:117,(anonymous_16)
FN:123,(anonymous_17)
FN:165,(anonymous_18)
FNF:15
FNH:0
FNDA:0,(anonymous_4)
FNDA:0,(anonymous_5)
FNDA:0,(anonymous_6)
FNDA:0,(anonymous_7)
FNDA:0,(anonymous_8)
FNDA:0,(anonymous_9)
FNDA:0,(anonymous_10)
FNDA:0,(anonymous_11)
FNDA:0,(anonymous_12)
FNDA:0,(anonymous_13)
FNDA:0,(anonymous_14)
FNDA:0,(anonymous_15)
FNDA:0,(anonymous_16)
FNDA:0,(anonymous_17)
FNDA:0,(anonymous_18)
DA:1,0
DA:3,0
DA:4,0
DA:5,0
DA:6,0
DA:7,0
DA:8,0
DA:9,0
DA:13,0
DA:14,0
DA:17,0
DA:18,0
DA:23,0
DA:24,0
DA:29,0
DA:33,0
DA:38,0
DA:44,0
DA:54,0
DA:55,0
DA:60,0
DA:64,0
DA:69,0
DA:73,0
DA:78,0
DA:87,0
DA:99,0
DA:100,0
DA:105,0
DA:106,0
DA:111,0
DA:112,0
DA:117,0
DA:118,0
DA:123,0
DA:131,0
DA:139,0
DA:140,0
DA:143,0
DA:146,0
DA:149,0
DA:150,0
DA:151,0
DA:152,0
DA:153,0
DA:154,0
DA:155,0
DA:157,0
DA:160,0
DA:165,0
DA:166,0
DA:167,0
DA:169,0
LF:53
LH:0
BRDA:93,0,0,0
BRDA:93,0,1,0
BRDA:94,1,0,0
BRDA:94,1,1,0
BRDA:166,2,0,0
BRDA:166,2,1,0
BRDA:166,3,0,0
BRDA:166,3,1,0
BRDA:23,4,0,0
BRDA:23,4,1,0
BRDA:23,5,0,0
BRDA:23,5,1,0
BRDA:31,6,0,0
BRDA:31,6,1,0
BRDA:31,7,0,0
BRDA:31,7,1,0
BRDA:54,8,0,0
BRDA:54,8,1,0
BRDA:54,9,0,0
BRDA:54,9,1,0
BRDA:62,10,0,0
BRDA:62,10,1,0
BRDA:62,11,0,0
BRDA:62,11,1,0
BRDA:99,12,0,0
BRDA:99,12,1,0
BRDA:99,13,0,0
BRDA:99,13,1,0
BRDA:14,14,0,0
BRDA:14,14,1,0
BRDA:14,15,0,0
BRDA:14,15,1,0
BRF:32
BRH:0
end_of_record
TN:
SF:src\scheduling\scheduling.module.ts
FNF:0
FNH:0
DA:1,0
DA:2,0
DA:3,0
DA:10,0
LF:4
LH:0
BRF:0
BRH:0
end_of_record
TN:
SF:src\scheduling\scheduling.service.ts
FN:14,parseTimeToMinutes
FN:23,minutesToTimeStr
FN:30,getNextTimeStr
FN:40,(anonymous_7)
FN:44,(anonymous_8)
FN:82,(anonymous_9)
FN:94,(anonymous_10)
FN:103,(anonymous_11)
FN:110,(anonymous_12)
FN:119,(anonymous_13)
FN:150,(anonymous_14)
FN:188,(anonymous_15)
FN:203,(anonymous_16)
FN:214,(anonymous_17)
FN:229,(anonymous_18)
FN:242,(anonymous_19)
FN:253,(anonymous_20)
FN:279,(anonymous_21)
FN:333,(anonymous_22)
FN:334,(anonymous_23)
FN:354,(anonymous_24)
FN:389,(anonymous_25)
FN:414,(anonymous_26)
FN:440,(anonymous_27)
FN:524,(anonymous_28)
FN:542,(anonymous_29)
FN:549,(anonymous_30)
FN:554,(anonymous_31)
FNF:28
FNH:7
FNDA:8,parseTimeToMinutes
FNDA:4,minutesToTimeStr
FNDA:0,getNextTimeStr
FNDA:7,(anonymous_7)
FNDA:2,(anonymous_8)
FNDA:0,(anonymous_9)
FNDA:4,(anonymous_10)
FNDA:0,(anonymous_11)
FNDA:0,(anonymous_12)
FNDA:0,(anonymous_13)
FNDA:4,(anonymous_14)
FNDA:4,(anonymous_15)
FNDA:0,(anonymous_16)
FNDA:0,(anonymous_17)
FNDA:0,(anonymous_18)
FNDA:0,(anonymous_19)
FNDA:0,(anonymous_20)
FNDA:0,(anonymous_21)
FNDA:0,(anonymous_22)
FNDA:0,(anonymous_23)
FNDA:0,(anonymous_24)
FNDA:0,(anonymous_25)
FNDA:0,(anonymous_26)
FNDA:0,(anonymous_27)
FNDA:0,(anonymous_28)
FNDA:0,(anonymous_29)
FNDA:0,(anonymous_30)
FNDA:0,(anonymous_31)
DA:1,1
DA:2,1
DA:3,1
DA:4,1
DA:5,1
DA:15,8
DA:16,8
DA:17,8
DA:18,8
DA:19,8
DA:20,8
DA:24,4
DA:25,4
DA:26,4
DA:27,4
DA:31,0
DA:32,0
DA:33,0
DA:35,0
DA:39,1
DA:41,7
DA:45,2
DA:46,0
DA:49,2
DA:52,1
DA:62,1
DA:65,1
DA:76,1
DA:77,1
DA:83,0
DA:84,0
DA:88,0
DA:95,4
DA:99,4
DA:100,4
DA:104,0
DA:107,0
DA:111,0
DA:115,0
DA:116,0
DA:120,0
DA:121,0
DA:122,0
DA:125,0
DA:126,0
DA:128,0
DA:129,0
DA:131,0
DA:132,0
DA:135,0
DA:151,4
DA:153,4
DA:154,4
DA:156,4
DA:157,0
DA:160,4
DA:161,2
DA:164,2
DA:165,1
DA:168,1
DA:169,1
DA:170,0
DA:173,1
DA:174,0
DA:177,1
DA:179,1
DA:180,4
DA:181,4
DA:184,1
DA:185,0
DA:188,4
DA:196,1
DA:200,1
DA:204,0
DA:208,0
DA:210,0
DA:215,0
DA:222,0
DA:223,0
DA:226,0
DA:227,0
DA:228,0
DA:229,0
DA:231,0
DA:243,0
DA:246,0
DA:247,0
DA:248,0
DA:249,0
DA:253,0
DA:255,0
DA:264,0
DA:265,0
DA:269,0
DA:274,0
DA:275,0
DA:278,0
DA:279,0
DA:282,0
DA:293,0
DA:294,0
DA:298,0
DA:299,0
DA:300,0
DA:305,0
DA:306,0
DA:312,0
DA:325,0
DA:334,0
DA:335,0
DA:340,0
DA:341,0
DA:344,0
DA:349,0
DA:351,0
DA:352,0
DA:353,0
DA:354,0
DA:357,0
DA:368,0
DA:369,0
DA:376,0
DA:385,0
DA:390,0
DA:395,0
DA:396,0
DA:399,0
DA:400,0
DA:401,0
DA:402,0
DA:403,0
DA:406,0
DA:411,0
DA:415,0
DA:420,0
DA:421,0
DA:424,0
DA:425,0
DA:426,0
DA:427,0
DA:428,0
DA:431,0
DA:436,0
DA:449,0
DA:450,0
DA:451,0
DA:453,0
DA:455,0
DA:456,0
DA:458,0
DA:459,0
DA:461,0
DA:462,0
DA:464,0
DA:465,0
DA:467,0
DA:468,0
DA:471,0
DA:473,0
DA:484,0
DA:514,0
DA:520,0
DA:521,0
DA:524,0
DA:525,0
DA:532,0
DA:543,0
DA:544,0
DA:550,0
DA:551,0
DA:554,0
DA:555,0
DA:556,0
DA:559,0
DA:560,0
DA:561,0
DA:562,0
DA:566,0
DA:567,0
DA:568,0
DA:569,0
DA:570,0
DA:571,0
DA:575,0
DA:580,0
DA:581,0
DA:582,0
DA:585,0
DA:586,0
DA:587,0
DA:588,0
DA:591,0
DA:592,0
DA:595,0
DA:596,0
DA:597,0
DA:600,0
DA:601,0
DA:606,0
DA:607,0
DA:608,0
DA:610,0
DA:613,0
DA:614,0
DA:615,0
DA:618,0
DA:619,0
DA:620,0
DA:621,0
DA:624,0
DA:625,0
DA:626,0
DA:627,0
DA:634,0
DA:635,0
DA:638,0
DA:639,0
DA:640,0
DA:641,0
DA:642,0
DA:644,0
DA:646,0
DA:658,0
DA:668,0
DA:671,0
DA:673,0
DA:674,0
DA:678,0
LF:228
LH:46
BRDA:15,0,0,0
BRDA:15,0,1,8
BRDA:15,1,0,8
BRDA:15,1,1,8
BRDA:17,2,0,0
BRDA:17,2,1,8
BRDA:32,3,0,0
BRDA:32,3,1,0
BRDA:45,4,0,0
BRDA:45,4,1,2
BRDA:45,5,0,2
BRDA:45,5,1,2
BRDA:49,6,0,1
BRDA:49,6,1,1
BRDA:62,7,0,0
BRDA:62,7,1,1
BRDA:76,8,0,1
BRDA:76,8,1,0
BRDA:82,9,0,0
BRDA:83,10,0,0
BRDA:83,10,1,0
BRDA:99,11,0,0
BRDA:99,11,1,4
BRDA:115,12,0,0
BRDA:115,12,1,0
BRDA:121,13,0,0
BRDA:121,13,1,0
BRDA:125,14,0,0
BRDA:125,14,1,0
BRDA:128,15,0,0
BRDA:128,15,1,0
BRDA:131,16,0,0
BRDA:131,16,1,0
BRDA:156,17,0,0
BRDA:156,17,1,4
BRDA:156,18,0,4
BRDA:156,18,1,4
BRDA:160,19,0,2
BRDA:160,19,1,2
BRDA:160,20,0,4
BRDA:160,20,1,3
BRDA:164,21,0,1
BRDA:164,21,1,1
BRDA:169,22,0,0
BRDA:169,22,1,1
BRDA:173,23,0,0
BRDA:173,23,1,1
BRDA:173,24,0,1
BRDA:173,24,1,1
BRDA:181,25,0,0
BRDA:181,25,1,4
BRDA:184,26,0,0
BRDA:184,26,1,1
BRDA:208,27,0,0
BRDA:208,27,1,0
BRDA:222,28,0,0
BRDA:222,28,1,0
BRDA:248,29,0,0
BRDA:248,29,1,0
BRDA:264,30,0,0
BRDA:264,30,1,0
BRDA:274,31,0,0
BRDA:274,31,1,0
BRDA:275,32,0,0
BRDA:275,32,1,0
BRDA:293,33,0,0
BRDA:293,33,1,0
BRDA:299,34,0,0
BRDA:299,34,1,0
BRDA:340,35,0,0
BRDA:340,35,1,0
BRDA:341,36,0,0
BRDA:341,36,1,0
BRDA:349,37,0,0
BRDA:349,37,1,0
BRDA:395,38,0,0
BRDA:395,38,1,0
BRDA:396,39,0,0
BRDA:396,39,1,0
BRDA:402,40,0,0
BRDA:402,40,1,0
BRDA:420,41,0,0
BRDA:420,41,1,0
BRDA:421,42,0,0
BRDA:421,42,1,0
BRDA:427,43,0,0
BRDA:427,43,1,0
BRDA:449,44,0,0
BRDA:449,44,1,0
BRDA:450,45,0,0
BRDA:450,45,1,0
BRDA:455,46,0,0
BRDA:455,46,1,0
BRDA:458,47,0,0
BRDA:458,47,1,0
BRDA:461,48,0,0
BRDA:461,48,1,0
BRDA:464,49,0,0
BRDA:464,49,1,0
BRDA:467,50,0,0
BRDA:467,50,1,0
BRDA:520,51,0,0
BRDA:520,51,1,0
BRDA:527,52,0,0
BRDA:527,52,1,0
BRDA:528,53,0,0
BRDA:528,53,1,0
BRDA:550,54,0,0
BRDA:550,54,1,0
BRDA:550,55,0,0
BRDA:550,55,1,0
BRDA:587,56,0,0
BRDA:587,56,1,0
BRDA:587,57,0,0
BRDA:587,57,1,0
BRDA:587,57,2,0
BRDA:587,57,3,0
BRDA:587,57,4,0
BRDA:587,57,5,0
BRDA:596,58,0,0
BRDA:596,58,1,0
BRDA:606,59,0,0
BRDA:606,59,1,0
BRDA:613,60,0,0
BRDA:613,60,1,0
BRDA:621,61,0,0
BRDA:621,61,1,0
BRDA:621,62,0,0
BRDA:621,62,1,0
BRDA:626,63,0,0
BRDA:626,63,1,0
BRDA:642,64,0,0
BRDA:642,64,1,0
BRDA:644,65,0,0
BRDA:644,65,1,0
BRDA:653,66,0,0
BRDA:653,66,1,0
BRDA:41,67,0,1
BRDA:41,67,1,0
BRDA:41,68,0,1
BRDA:41,68,1,1
BRF:141
BRH:30
end_of_record
TN:
SF:src\scheduling\dto\create-booking.dto.ts
FNF:0
FNH:0
DA:1,0
DA:3,0
DA:6,0
DA:10,0
DA:14,0
LF:5
LH:0
BRF:0
BRH:0
end_of_record
TN:
SF:src\scheduling\dto\create-local.dto.ts
FNF:0
FNH:0
DA:1,0
DA:3,0
DA:6,0
DA:10,0
DA:14,0
DA:18,0
LF:6
LH:0
BRF:0
BRH:0
end_of_record
TN:
SF:src\scheduling\dto\create-option.dto.ts
FN:21,(anonymous_2)
FNF:1
FNH:0
FNDA:0,(anonymous_2)
DA:1,0
DA:2,0
DA:4,0
DA:7,0
DA:11,0
DA:15,0
DA:19,0
DA:21,0
DA:24,0
LF:9
LH:0
BRF:0
BRH:0
end_of_record
TN:
SF:src\scheduling\dto\update-local.dto.ts
FN:22,(anonymous_2)
FNF:1
FNH:0
FNDA:0,(anonymous_2)
DA:1,0
DA:2,0
DA:4,0
DA:7,0
DA:11,0
DA:15,0
DA:19,0
DA:22,0
DA:24,0
LF:9
LH:0
BRDA:22,0,0,0
BRDA:22,0,1,0
BRDA:22,0,2,0
BRF:3
BRH:0
end_of_record
TN:
SF:src\scheduling\dto\update-option.dto.ts
FN:6,(anonymous_2)
FN:12,(anonymous_3)
FNF:2
FNH:0
FNDA:0,(anonymous_2)
FNDA:0,(anonymous_3)
DA:1,0
DA:2,0
DA:4,0
DA:6,0
DA:9,0
DA:12,0
DA:14,0
LF:7
LH:0
BRDA:12,0,0,0
BRDA:12,0,1,0
BRDA:12,0,2,0
BRF:3
BRH:0
end_of_record
TN:
SF:src\system\system.controller.ts
FN:7,(anonymous_4)
FN:10,(anonymous_5)
FN:15,(anonymous_6)
FN:22,(anonymous_7)
FNF:4
FNH:0
FNDA:0,(anonymous_4)
FNDA:0,(anonymous_5)
FNDA:0,(anonymous_6)
FNDA:0,(anonymous_7)
DA:1,0
DA:2,0
DA:3,0
DA:6,0
DA:7,0
DA:10,0
DA:11,0
DA:15,0
DA:16,0
DA:17,0
DA:22,0
DA:23,0
DA:24,0
LF:13
LH:0
BRDA:7,0,0,0
BRDA:7,0,1,0
BRDA:7,1,0,0
BRDA:7,1,1,0
BRF:4
BRH:0
end_of_record
TN:
SF:src\system\system.module.ts
FNF:0
FNH:0
DA:1,0
DA:2,0
DA:3,0
DA:4,0
DA:11,0
LF:5
LH:0
BRF:0
BRH:0
end_of_record
TN:
SF:src\system\system.service.ts
FN:21,(anonymous_4)
FN:25,(anonymous_5)
FN:29,(anonymous_6)
FN:33,(anonymous_7)
FN:43,(anonymous_8)
FN:53,(anonymous_9)
FN:53,(anonymous_10)
FN:54,(anonymous_11)
FN:57,(anonymous_12)
FN:63,(anonymous_13)
FN:64,(anonymous_14)
FN:65,(anonymous_15)
FN:66,(anonymous_16)
FN:117,(anonymous_17)
FN:145,(anonymous_18)
FNF:15
FNH:0
FNDA:0,(anonymous_4)
FNDA:0,(anonymous_5)
FNDA:0,(anonymous_6)
FNDA:0,(anonymous_7)
FNDA:0,(anonymous_8)
FNDA:0,(anonymous_9)
FNDA:0,(anonymous_10)
FNDA:0,(anonymous_11)
FNDA:0,(anonymous_12)
FNDA:0,(anonymous_13)
FNDA:0,(anonymous_14)
FNDA:0,(anonymous_15)
FNDA:0,(anonymous_16)
FNDA:0,(anonymous_17)
FNDA:0,(anonymous_18)
DA:1,0
DA:2,0
DA:3,0
DA:4,0
DA:15,0
DA:18,0
DA:19,0
DA:22,0
DA:26,0
DA:30,0
DA:34,0
DA:43,0
DA:45,0
DA:46,0
DA:47,0
DA:53,0
DA:54,0
DA:58,0
DA:59,0
DA:62,0
DA:63,0
DA:64,0
DA:65,0
DA:66,0
DA:69,0
DA:70,0
DA:71,0
DA:72,0
DA:73,0
DA:76,0
DA:79,0
DA:80,0
DA:81,0
DA:88,0
DA:91,0
DA:92,0
DA:93,0
DA:100,0
DA:104,0
DA:105,0
DA:107,0
DA:108,0
DA:109,0
DA:110,0
DA:111,0
DA:112,0
DA:117,0
DA:118,0
DA:119,0
DA:129,0
DA:130,0
DA:131,0
DA:142,0
DA:145,0
DA:146,0
DA:147,0
DA:156,0
DA:157,0
DA:158,0
DA:159,0
DA:162,0
DA:164,0
DA:167,0
DA:169,0
DA:173,0
DA:174,0
DA:175,0
DA:176,0
DA:177,0
DA:178,0
DA:179,0
DA:181,0
DA:184,0
DA:186,0
DA:189,0
DA:202,0
DA:203,0
LF:77
LH:0
BRDA:46,0,0,0
BRDA:46,0,1,0
BRDA:69,1,0,0
BRDA:69,1,1,0
BRDA:70,2,0,0
BRDA:70,2,1,0
BRDA:71,3,0,0
BRDA:71,3,1,0
BRDA:72,4,0,0
BRDA:72,4,1,0
BRDA:108,5,0,0
BRDA:108,5,1,0
BRDA:110,6,0,0
BRDA:110,6,1,0
BRDA:111,7,0,0
BRDA:111,7,1,0
BRDA:111,8,0,0
BRDA:111,8,1,0
BRDA:111,8,2,0
BRDA:111,8,3,0
BRDA:122,9,0,0
BRDA:122,9,1,0
BRDA:123,10,0,0
BRDA:123,10,1,0
BRDA:124,11,0,0
BRDA:124,11,1,0
BRDA:146,12,0,0
BRDA:146,12,1,0
BRDA:150,13,0,0
BRDA:150,13,1,0
BRDA:151,14,0,0
BRDA:151,14,1,0
BRDA:162,15,0,0
BRDA:162,15,1,0
BRDA:167,16,0,0
BRDA:167,16,1,0
BRDA:178,17,0,0
BRDA:178,17,1,0
BRDA:184,18,0,0
BRDA:184,18,1,0
BRDA:22,19,0,0
BRDA:22,19,1,0
BRDA:22,20,0,0
BRDA:22,20,1,0
BRF:44
BRH:0
end_of_record
TN:
SF:src\users\password.util.ts
FN:3,hashPassword
FN:8,verifyPassword
FNF:2
FNH:0
FNDA:0,hashPassword
FNDA:0,verifyPassword
DA:1,4
DA:3,4
DA:4,0
DA:5,0
DA:8,4
DA:9,0
LF:6
LH:3
BRF:0
BRH:0
end_of_record
TN:
SF:src\users\users.controller.ts
FN:11,(anonymous_4)
FN:14,(anonymous_5)
FN:19,(anonymous_6)
FN:24,(anonymous_7)
FN:29,(anonymous_8)
FN:34,(anonymous_9)
FN:39,(anonymous_10)
FNF:7
FNH:1
FNDA:1,(anonymous_4)
FNDA:0,(anonymous_5)
FNDA:0,(anonymous_6)
FNDA:0,(anonymous_7)
FNDA:0,(anonymous_8)
FNDA:0,(anonymous_9)
FNDA:0,(anonymous_10)
DA:1,1
DA:2,1
DA:3,1
DA:4,1
DA:5,1
DA:6,1
DA:10,1
DA:11,1
DA:14,1
DA:15,0
DA:19,1
DA:20,0
DA:24,1
DA:25,0
DA:29,1
DA:30,0
DA:34,1
DA:35,0
DA:39,1
DA:40,0
LF:20
LH:14
BRDA:24,0,0,1
BRDA:24,0,1,0
BRDA:24,1,0,1
BRDA:24,1,1,1
BRDA:29,2,0,1
BRDA:29,2,1,0
BRDA:29,3,0,1
BRDA:29,3,1,1
BRDA:34,4,0,1
BRDA:34,4,1,0
BRDA:34,5,0,1
BRDA:34,5,1,1
BRDA:11,6,0,1
BRDA:11,6,1,0
BRDA:11,7,0,1
BRDA:11,7,1,1
BRF:16
BRH:12
end_of_record
TN:
SF:src\users\users.module.ts
FNF:0
FNH:0
DA:1,0
DA:2,0
DA:3,0
DA:9,0
LF:4
LH:0
BRF:0
BRH:0
end_of_record
TN:
SF:src\users\users.service.ts
FN:18,(anonymous_4)
FN:23,(anonymous_5)
FN:29,(anonymous_6)
FN:35,(anonymous_7)
FN:63,(anonymous_8)
FN:70,(anonymous_9)
FN:87,(anonymous_10)
FN:88,(anonymous_11)
FN:92,(anonymous_12)
FN:102,(anonymous_13)
FN:112,(anonymous_14)
FN:115,(anonymous_15)
FN:122,(anonymous_16)
FN:136,(anonymous_17)
FN:141,(anonymous_18)
FN:146,(anonymous_19)
FN:158,(anonymous_20)
FN:170,(anonymous_21)
FNF:18
FNH:1
FNDA:1,(anonymous_4)
FNDA:0,(anonymous_5)
FNDA:0,(anonymous_6)
FNDA:0,(anonymous_7)
FNDA:0,(anonymous_8)
FNDA:0,(anonymous_9)
FNDA:0,(anonymous_10)
FNDA:0,(anonymous_11)
FNDA:0,(anonymous_12)
FNDA:0,(anonymous_13)
FNDA:0,(anonymous_14)
FNDA:0,(anonymous_15)
FNDA:0,(anonymous_16)
FNDA:0,(anonymous_17)
FNDA:0,(anonymous_18)
FNDA:0,(anonymous_19)
FNDA:0,(anonymous_20)
FNDA:0,(anonymous_21)
DA:1,2
DA:2,2
DA:3,2
DA:4,2
DA:5,2
DA:6,2
DA:7,2
DA:8,2
DA:17,2
DA:19,1
DA:20,1
DA:24,0
DA:25,0
DA:30,0
DA:31,0
DA:33,0
DA:35,0
DA:36,0
DA:49,0
DA:50,0
DA:51,0
DA:52,0
DA:53,0
DA:56,0
DA:57,0
DA:58,0
DA:59,0
DA:60,0
DA:63,0
DA:71,0
DA:72,0
DA:73,0
DA:75,0
DA:80,0
DA:85,0
DA:87,0
DA:88,0
DA:93,0
DA:94,0
DA:96,0
DA:97,0
DA:100,0
DA:102,0
DA:103,0
DA:111,0
DA:112,0
DA:114,0
DA:115,0
DA:119,0
DA:123,0
DA:124,0
DA:126,0
DA:132,0
DA:133,0
DA:136,0
DA:137,0
DA:139,0
DA:140,0
DA:141,0
DA:144,0
DA:145,0
DA:146,0
DA:150,0
DA:151,0
DA:153,0
DA:155,0
DA:159,0
DA:160,0
DA:162,0
DA:163,0
DA:165,0
DA:167,0
DA:171,0
DA:172,0
DA:174,0
DA:175,0
DA:177,0
DA:179,0
LF:78
LH:11
BRDA:24,0,0,0
BRDA:24,0,1,0
BRDA:33,1,0,0
BRDA:33,1,1,0
BRDA:51,2,0,0
BRDA:51,2,1,0
BRDA:58,3,0,0
BRDA:58,3,1,0
BRDA:65,4,0,0
BRDA:65,4,1,0
BRDA:66,5,0,0
BRDA:66,5,1,0
BRDA:73,6,0,0
BRDA:73,6,1,0
BRDA:96,7,0,0
BRDA:96,7,1,0
BRDA:96,8,0,0
BRDA:96,8,1,0
BRDA:96,8,2,0
BRDA:107,9,0,0
BRDA:107,9,1,0
BRDA:108,10,0,0
BRDA:108,10,1,0
BRDA:108,10,2,0
BRDA:111,11,0,0
BRDA:111,11,1,0
BRDA:111,12,0,0
BRDA:111,12,1,0
BRDA:114,13,0,0
BRDA:114,13,1,0
BRDA:114,14,0,0
BRDA:114,14,1,0
BRDA:129,15,0,0
BRDA:129,15,1,0
BRDA:130,16,0,0
BRDA:130,16,1,0
BRDA:130,16,2,0
BRDA:132,17,0,0
BRDA:132,17,1,0
BRDA:140,18,0,0
BRDA:140,18,1,0
BRDA:140,19,0,0
BRDA:140,19,1,0
BRDA:145,20,0,0
BRDA:145,20,1,0
BRDA:145,21,0,0
BRDA:145,21,1,0
BRDA:150,22,0,0
BRDA:150,22,1,0
BRDA:162,23,0,0
BRDA:162,23,1,0
BRDA:174,24,0,0
BRDA:174,24,1,0
BRDA:19,25,0,2
BRDA:19,25,1,0
BRDA:19,26,0,2
BRDA:19,26,1,2
BRDA:19,27,0,2
BRDA:19,27,1,0
BRDA:19,28,0,2
BRDA:19,28,1,2
BRF:61
BRH:6
end_of_record
TN:
SF:src\users\dto\create-user.dto.ts
FN:23,(anonymous_2)
FNF:1
FNH:0
FNDA:0,(anonymous_2)
DA:1,1
DA:2,1
DA:4,1
DA:7,1
DA:11,1
DA:16,1
DA:20,1
DA:23,0
DA:25,1
DA:30,1
DA:35,1
LF:11
LH:10
BRDA:23,0,0,0
BRDA:23,0,1,0
BRDA:23,0,2,0
BRDA:23,0,3,0
BRF:4
BRH:0
end_of_record
TN:
SF:src\users\dto\toggle-active.dto.ts
FN:5,(anonymous_2)
FNF:1
FNH:0
FNDA:0,(anonymous_2)
DA:1,1
DA:2,1
DA:4,1
DA:5,0
DA:7,1
LF:5
LH:4
BRDA:5,0,0,0
BRDA:5,0,1,0
BRDA:5,0,2,0
BRF:3
BRH:0
end_of_record
TN:
SF:src\users\dto\update-user.dto.ts
FN:23,(anonymous_2)
FNF:1
FNH:0
FNDA:0,(anonymous_2)
DA:1,1
DA:2,1
DA:4,1
DA:7,1
DA:11,1
DA:16,1
DA:20,1
DA:23,0
DA:25,1
DA:30,1
DA:35,1
LF:11
LH:10
BRDA:23,0,0,0
BRDA:23,0,1,0
BRDA:23,0,2,0
BRDA:23,0,3,0
BRF:4
BRH:0
end_of_record
